Log file open, 04/05/18 13:54:14
LogWindows: LoadLibraryWithSearchPaths failed for file aqProf.dll. GetLastError=0
LogWindows: LoadLibraryWithSearchPaths failed for file VSPerf140.dll. GetLastError=0
LogWindows: LoadLibraryWithSearchPaths failed for file VtuneApi.dll. GetLastError=0
LogWindows: LoadLibraryWithSearchPaths failed for file VtuneApi32e.dll. GetLastError=0
LogInit: Display: Running engine for game: Leap_motion_demo
LogPlatformFile: Not using cached read wrapper
LogInit: Display: RandInit(1650117052) SRandInit(1650117052).
LogTaskGraph: Started task graph with 5 named threads and 14 total threads with 3 sets of task threads.
LogStats: Stats thread started at 0.166015
LogD3D11RHI: Aftermath initialized
LogPluginManager: Mounting plugin Paper2D
LogPluginManager: Mounting plugin LightPropagationVolume
LogPluginManager: Mounting plugin CodeLiteSourceCodeAccess
LogPluginManager: Mounting plugin GitSourceControl
LogPluginManager: Mounting plugin KDevelopSourceCodeAccess
LogPluginManager: Mounting plugin NullSourceCodeAccess
LogPluginManager: Mounting plugin PerforceSourceControl
LogPluginManager: Mounting plugin SubversionSourceControl
LogPluginManager: Mounting plugin UObjectPlugin
LogPluginManager: Mounting plugin VisualStudioSourceCodeAccess
LogPluginManager: Mounting plugin XCodeSourceCodeAccess
LogPluginManager: Mounting plugin AssetManagerEditor
LogPluginManager: Mounting plugin AudioCapture
LogPluginManager: Mounting plugin FacialAnimation
LogPluginManager: Mounting plugin GameplayTagsEditor
LogPluginManager: Mounting plugin MobileLauncherProfileWizard
LogPluginManager: Mounting plugin PluginBrowser
LogPluginManager: Mounting plugin SpeedTreeImporter
LogPluginManager: Mounting plugin AlembicImporter
LogPluginManager: Mounting plugin CharacterAI
LogPluginManager: Mounting plugin HTML5Networking
LogPluginManager: Mounting plugin AndroidMedia
LogPluginManager: Mounting plugin AvfMedia
LogPluginManager: Mounting plugin MediaPlayerEditor
LogPluginManager: Mounting plugin WmfMedia
LogPluginManager: Mounting plugin TcpMessaging
LogPluginManager: Mounting plugin UdpMessaging
LogPluginManager: Mounting plugin LevelSequenceEditor
LogPluginManager: Mounting plugin MatineeToLevelSequence
LogPluginManager: Mounting plugin OnlineSubsystemGooglePlay
LogPluginManager: Mounting plugin OnlineSubsystemIOS
LogPluginManager: Mounting plugin OnlineSubsystem
LogPluginManager: Mounting plugin OnlineSubsystemNull
LogPluginManager: Mounting plugin OnlineSubsystemUtils
LogPluginManager: Mounting plugin AndroidDeviceProfileSelector
LogPluginManager: Mounting plugin AndroidMoviePlayer
LogPluginManager: Mounting plugin AndroidPermission
LogPluginManager: Mounting plugin AppleMoviePlayer
LogPluginManager: Mounting plugin ArchVisCharacter
LogPluginManager: Mounting plugin CableComponent
LogPluginManager: Mounting plugin CustomMeshComponent
LogPluginManager: Mounting plugin ExampleDeviceProfileSelector
LogPluginManager: Mounting plugin GoogleCloudMessaging
LogPluginManager: Mounting plugin ImmediatePhysics
LogPluginManager: Mounting plugin IOSDeviceProfileSelector
LogPluginManager: Mounting plugin LeapMotion
LogPluginManager: Mounting plugin LinuxDeviceProfileSelector
LogPluginManager: Mounting plugin LocationServicesBPLibrary
LogPluginManager: Mounting plugin MobilePatchingUtils
LogPluginManager: Mounting plugin OculusVR
LogPluginManager: Mounting plugin PhysXVehicles
LogPluginManager: Mounting plugin ProceduralMeshComponent
LogPluginManager: Mounting plugin RuntimePhysXCooking
LogPluginManager: Mounting plugin SteamVR
LogPluginManager: Mounting plugin WindowsMoviePlayer
LogInit: Using libcurl 7.47.1
LogInit:  - built for x86_64-pc-win32
LogInit:  - supports SSL with OpenSSL/1.0.2g
LogInit:  - supports HTTP deflate (compression) using libz 1.2.8
LogInit:  - other features:
LogInit:      CURL_VERSION_SSL
LogInit:      CURL_VERSION_LIBZ
LogInit:      CURL_VERSION_IPV6
LogInit:      CURL_VERSION_ASYNCHDNS
LogInit:      CURL_VERSION_LARGEFILE
LogInit:      CURL_VERSION_IDN
LogInit:  CurlRequestOptions (configurable via config and command line):
LogInit:  - bVerifyPeer = false  - Libcurl will NOT verify peer certificate
LogInit:  - bUseHttpProxy = false  - Libcurl will NOT use HTTP proxy
LogInit:  - bDontReuseConnections = false  - Libcurl will reuse connections
LogInit:  - CertBundlePath = nullptr  - Libcurl will use whatever was configured at build time.
LeapPluginLog: Using LeapPlugin version 2.0.0
LogInit: Build: ++UE4+Release-4.17-CL-3586342
LogInit: Engine Version: 4.17.1-3586342+++UE4+Release-4.17
LogInit: Compatible Engine Version: 4.17.0-3573198+++UE4+Release-4.17
LogInit: Net CL: 3573198
LogDevObjectVersion: Number of dev versions registered: 16
LogDevObjectVersion:   Dev-Blueprints (B0D832E4-1F89-4F0D-ACCF-7EB736FD4AA2): 10
LogDevObjectVersion:   Dev-Build (E1C64328-A22C-4D53-A36C-8E866417BD8C): 0
LogDevObjectVersion:   Dev-Core (375EC13C-06E4-48FB-B500-84F0262A717E): 2
LogDevObjectVersion:   Dev-Editor (E4B068ED-F494-42E9-A231-DA0B2E46BB41): 20
LogDevObjectVersion:   Dev-Framework (CFFC743F-43B0-4480-9391-14DF171D2073): 28
LogDevObjectVersion:   Dev-Mobile (B02B49B5-BB20-44E9-A304-32B752E40360): 0
LogDevObjectVersion:   Dev-Networking (A4E4105C-59A1-49B5-A7C5-40C4547EDFEE): 0
LogDevObjectVersion:   Dev-Online (39C831C9-5AE6-47DC-9A44-9C173E1C8E7C): 0
LogDevObjectVersion:   Dev-Physics (78F01B33-EBEA-4F98-B9B4-84EACCB95AA2): 0
LogDevObjectVersion:   Dev-Platform (6631380F-2D4D-43E0-8009-CF276956A95A): 0
LogDevObjectVersion:   Dev-Rendering (12F88B9F-8875-4AFC-A67C-D90C383ABD29): 19
LogDevObjectVersion:   Dev-Sequencer (7B5AE74C-D270-4C10-A958-57980B212A5A): 4
LogDevObjectVersion:   Dev-VR (D7296918-1DD6-4BDD-9DE2-64A83CC13884): 0
LogDevObjectVersion:   Dev-LoadTimes (C2A15278-BFE7-4AFE-6C17-90FF531DF755): 1
LogDevObjectVersion:   Private-Geometry (6EACA3D4-40EC-4CC1-B786-8BED09428FC5): 1
LogDevObjectVersion:   Dev-AnimPhys (29E575DD-E0A3-4627-9D10-D276232CDCEA): 7
LogInit: Compiled (64-bit): Aug 15 2017 02:05:26
LogInit: Compiled with Visual C++: 19.00.24215.01
LogInit: Build Configuration: Development
LogInit: Branch Name: ++UE4+Release-4.17
LogInit: Command line: 
LogInit: Base directory: C:/Program Files/Epic Games/UE_4.17/Engine/Binaries/Win64/
LogInit: Installed Engine Build: 1
LogInit: Presizing for max 8388607 objects, including 0 objects not considered by GC, pre-allocating 0 bytes for permanent pool.
LogInit: Object subsystem initialized
[2018.04.05-12.54.15:208][  0]LogInit: Selected Device Profile: [Windows]
[2018.04.05-12.54.15:208][  0]LogInit: Applying CVar settings loaded from the selected device profile: [Windows]
[2018.04.05-12.54.15:218][  0]LogInit: Computer: DESKTOP-P0KGN8E
[2018.04.05-12.54.15:218][  0]LogInit: User: OchukoStudios
[2018.04.05-12.54.15:218][  0]LogInit: CPU Page size=4096, Cores=4
[2018.04.05-12.54.15:218][  0]LogInit: High frequency timer resolution =3.515630 MHz
[2018.04.05-12.54.15:219][  0]LogMemory: Memory total: Physical=15.9GB (16GB approx)
[2018.04.05-12.54.15:219][  0]LogMemory: Platform Memory Stats for Windows
[2018.04.05-12.54.15:219][  0]LogMemory: Process Physical Memory: 282.17 MB used, 282.17 MB peak
[2018.04.05-12.54.15:219][  0]LogMemory: Process Virtual Memory: 278.41 MB used, 278.41 MB peak
[2018.04.05-12.54.15:219][  0]LogMemory: Physical Memory: 8165.82 MB used,  8161.32 MB free, 16327.14 MB total
[2018.04.05-12.54.15:219][  0]LogMemory: Virtual Memory: 762.52 MB used,  8161.32 MB free, 134217728.00 MB total
[2018.04.05-12.54.15:372][  0]LogInit: Using OS detected language (en-GB).
[2018.04.05-12.54.15:372][  0]LogInit: Using OS detected locale (en-GB).
[2018.04.05-12.54.15:375][  0]LogTextLocalizationManager: No specific localization for 'en-GB' exists, so the 'en' localization will be used.
[2018.04.05-12.54.15:982][  0]LogD3D11RHI: D3D11 adapters:
[2018.04.05-12.54.16:027][  0]LogD3D11RHI:    0. 'NVIDIA GeForce GTX 1060 6GB' (Feature Level 11_0)
[2018.04.05-12.54.16:027][  0]LogD3D11RHI:       6061/0/8163 MB DedicatedVideo/DedicatedSystem/SharedSystem, Outputs:2, VendorId:0x10de
[2018.04.05-12.54.16:029][  0]LogD3D11RHI:    1. 'Microsoft Basic Render Driver' (Feature Level 11_0)
[2018.04.05-12.54.16:029][  0]LogD3D11RHI:       0/0/8163 MB DedicatedVideo/DedicatedSystem/SharedSystem, Outputs:0, VendorId:0x1414
[2018.04.05-12.54.16:029][  0]LogD3D11RHI: Chosen D3D11 Adapter: 0
[2018.04.05-12.54.16:034][  0]LogD3D11RHI: Creating new Direct3DDevice
[2018.04.05-12.54.16:034][  0]LogD3D11RHI:     GPU DeviceId: 0x1c03 (for the marketing name, search the web for "GPU Device Id")
[2018.04.05-12.54.16:034][  0]LogWindows: EnumDisplayDevices:
[2018.04.05-12.54.16:035][  0]LogWindows:    0. 'NVIDIA GeForce GTX 1060 6GB' (P:0 D:1)
[2018.04.05-12.54.16:035][  0]LogWindows:    1. 'NVIDIA GeForce GTX 1060 6GB' (P:1 D:1)
[2018.04.05-12.54.16:035][  0]LogWindows:    2. 'NVIDIA GeForce GTX 1060 6GB' (P:0 D:0)
[2018.04.05-12.54.16:035][  0]LogWindows:    3. 'NVIDIA GeForce GTX 1060 6GB' (P:0 D:0)
[2018.04.05-12.54.16:035][  0]LogWindows: DebugString: GetVideoDriverDetailsInvalid PrimaryIsNotTheChoosenAdapter GetVideoDriverDetailsInvalid PrimaryIsNotTheChoosenAdapter GetVideoDriverDetailsInvalid PrimaryIsNotTheChoosenAdapter GetVideoDriverDetailsInvalid PrimaryIsNotTheChoosenAdapter FoundDriverCount:0 
[2018.04.05-12.54.16:035][  0]LogD3D11RHI:     Adapter Name: NVIDIA GeForce GTX 1060 6GB
[2018.04.05-12.54.16:035][  0]LogD3D11RHI:   Driver Version: Unknown (internal:Unknown, unified:Unknown)
[2018.04.05-12.54.16:035][  0]LogD3D11RHI:      Driver Date: Unknown
[2018.04.05-12.54.16:035][  0]LogRHI: Texture pool is 1361 MB (70% of 1945 MB)
[2018.04.05-12.54.16:063][  0]LogD3D11RHI: Async texture creation enabled
[2018.04.05-12.54.16:168][  0]LogD3D11RHI: GPU Timing Frequency: 1000.000000 (Debug: 2 1)
[2018.04.05-12.54.16:266][  0]LogShaderCompilers: Guid format shader working directory is -43 characters bigger than the processId version (../../../../../../Users/Ochuko Studios/Desktop/Final-Year-Project/Final-Artefact/Leap_motion_demo/Intermediate/Shaders/WorkingDirectory/14404/).
[2018.04.05-12.54.16:266][  0]LogShaderCompilers: Cleaned the shader compiler working directory 'C:/Users/Ochuko Studios/AppData/Local/Temp/UnrealShaderWorkingDir/E8A6B7654AE263D3182915ABF0E2A7E7/'.
[2018.04.05-12.54.16:266][  0]LogShaderCompilers: Display: Using Local Shader Compiler.
[2018.04.05-12.54.17:088][  0]LogTemp: Display: Loaded TP AllDesktopTargetPlatform
[2018.04.05-12.54.17:137][  0]LogTemp: Display: Loaded TP MacClientTargetPlatform
[2018.04.05-12.54.17:185][  0]LogTemp: Display: Loaded TP MacNoEditorTargetPlatform
[2018.04.05-12.54.17:230][  0]LogTemp: Display: Loaded TP MacServerTargetPlatform
[2018.04.05-12.54.17:281][  0]LogTemp: Display: Loaded TP MacTargetPlatform
[2018.04.05-12.54.17:328][  0]LogTemp: Display: Loaded TP WindowsClientTargetPlatform
[2018.04.05-12.54.17:380][  0]LogTemp: Display: Loaded TP WindowsNoEditorTargetPlatform
[2018.04.05-12.54.17:430][  0]LogTemp: Display: Loaded TP WindowsServerTargetPlatform
[2018.04.05-12.54.17:480][  0]LogTemp: Display: Loaded TP WindowsTargetPlatform
[2018.04.05-12.54.17:536][  0]LogTemp: Display: Loaded TP AndroidTargetPlatform
[2018.04.05-12.54.17:581][  0]LogTemp: Display: Loaded TP Android_ASTCTargetPlatform
[2018.04.05-12.54.17:626][  0]LogTemp: Display: Loaded TP Android_ATCTargetPlatform
[2018.04.05-12.54.17:674][  0]LogTemp: Display: Loaded TP Android_DXTTargetPlatform
[2018.04.05-12.54.17:722][  0]LogTemp: Display: Loaded TP Android_ETC1TargetPlatform
[2018.04.05-12.54.17:772][  0]LogTemp: Display: Loaded TP Android_ETC2TargetPlatform
[2018.04.05-12.54.17:871][  0]LogTemp: Display: Loaded TP Android_MultiTargetPlatform
[2018.04.05-12.54.17:871][  0]LogTemp: Display: Loaded TP Android_PVRTCTargetPlatform
[2018.04.05-12.54.17:909][  0]LogTemp: Display: Loaded TP HTML5TargetPlatform
[2018.04.05-12.54.17:996][  0]LogTemp: Display: Loaded TP IOSTargetPlatform
[2018.04.05-12.54.18:022][  0]LogTemp: Display: Loaded TP TVOSTargetPlatform
[2018.04.05-12.54.18:071][  0]LogTemp: Display: Loaded TP LinuxClientTargetPlatform
[2018.04.05-12.54.18:115][  0]LogTemp: Display: Loaded TP LinuxNoEditorTargetPlatform
[2018.04.05-12.54.18:160][  0]LogTemp: Display: Loaded TP LinuxServerTargetPlatform
[2018.04.05-12.54.18:205][  0]LogTemp: Display: Loaded TP LinuxTargetPlatform
[2018.04.05-12.54.18:205][  0]LogTargetPlatformManager: Display: Building Assets For Windows
[2018.04.05-12.54.18:658][  0]LogDerivedDataCache: Display: Max Cache Size: 512 MB
[2018.04.05-12.54.18:739][  0]LogDerivedDataCache: Loaded boot cache 0.08s 93MB C:/Users/Ochuko Studios/AppData/Local/UnrealEngine/4.17/DerivedDataCache/Boot.ddc.
[2018.04.05-12.54.18:739][  0]LogDerivedDataCache: Display: Loaded Boot cache: C:/Users/Ochuko Studios/AppData/Local/UnrealEngine/4.17/DerivedDataCache/Boot.ddc
[2018.04.05-12.54.18:739][  0]LogDerivedDataCache: FDerivedDataBackendGraph:  Pak pak cache file ../../../../../../Users/Ochuko Studios/Desktop/Final-Year-Project/Final-Artefact/Leap_motion_demo/DerivedDataCache/DDC.ddp not found, will not use a pak cache.
[2018.04.05-12.54.18:739][  0]LogDerivedDataCache: Unable to find inner node Pak for hierarchical cache Hierarchy.
[2018.04.05-12.54.18:739][  0]LogDerivedDataCache: FDerivedDataBackendGraph:  CompressedPak pak cache file ../../../../../../Users/Ochuko Studios/Desktop/Final-Year-Project/Final-Artefact/Leap_motion_demo/DerivedDataCache/Compressed.ddp not found, will not use a pak cache.
[2018.04.05-12.54.18:739][  0]LogDerivedDataCache: Unable to find inner node CompressedPak for hierarchical cache Hierarchy.
[2018.04.05-12.54.18:753][  0]LogDerivedDataCache: Display: Pak cache opened for reading ../../../Engine/DerivedDataCache/Compressed.ddp.
[2018.04.05-12.54.18:765][  0]LogDerivedDataCache: Using Local data cache path C:/Users/Ochuko Studios/AppData/Local/UnrealEngine/Common/DerivedDataCache: Writable
[2018.04.05-12.54.18:774][  0]LogMaterial: Verifying Global Shaders for PCD3D_SM5
[2018.04.05-12.54.18:774][  0]LogSlate: Using Freetype 2.6.0
[2018.04.05-12.54.18:775][  0]LogSlate: SlateFontCache - WITH_FREETYPE: 1, WITH_HARFBUZZ: 1
[2018.04.05-12.54.18:775][  0]LogSlate: SlateFontCache - WITH_FREETYPE: 1, WITH_HARFBUZZ: 1
[2018.04.05-12.54.19:020][  0]LogAssetRegistry: FAssetRegistry took 0.0262 seconds to start up
[2018.04.05-12.54.19:125][  0]LogInit: Selected Device Profile: [Windows]
[2018.04.05-12.54.19:280][  0]LogContentStreaming: Texture pool size is 0.00 MB
[2018.04.05-12.54.19:553][  0]LogSimplygon: Simplygon DLL not present - disabling.
[2018.04.05-12.54.19:588][  0]LogMeshReduction: Using SimplygonSwarm for distributed automatic mesh merging
[2018.04.05-12.54.19:588][  0]LogMeshReduction: Using QuadricMeshReduction for automatic static mesh reduction
[2018.04.05-12.54.19:588][  0]LogMeshReduction: No automatic skeletal mesh reduction module available
[2018.04.05-12.54.19:588][  0]LogMeshReduction: No automatic mesh merging module available
[2018.04.05-12.54.19:588][  0]LogMeshMerging: No automatic mesh merging module available
[2018.04.05-12.54.19:925][  0]LogNetVersion: Leap_motion_demo , NetCL: 3573198, EngineNetVer: 2, GameNetVer: 0 (Checksum: 3754505209)
[2018.04.05-12.54.20:149][  0]LogPackageLocalizationCache: Processed 6 localized package path(s) for 2 prioritized culture(s) in 0.064773 seconds
[2018.04.05-12.54.20:154][  0]LogUObjectArray: 36510 objects as part of root set at end of initial load.
[2018.04.05-12.54.20:154][  0]LogUObjectAllocator: 7648152 out of 0 bytes used by permanent object pool.
[2018.04.05-12.54.20:154][  0]LogUObjectArray: CloseDisregardForGC: 0/0 objects in disregard for GC pool
[2018.04.05-12.54.20:216][  0]LogInit: WinSock: version 1.1 (2.2), MaxSocks=32767, MaxUdp=65467
[2018.04.05-12.54.22:519][  0]LogTcpMessaging: Initializing TcpMessaging bridge
[2018.04.05-12.54.22:554][  0]LogUdpMessaging: Initializing bridge on interface 0.0.0.0:0 to multicast group 230.0.0.1:6666.
[2018.04.05-12.54.23:138][  0]LogMaterial: Uniform references updated for custom material expression Custom.
[2018.04.05-12.54.23:523][  0]SourceControl: Source control is disabled
[2018.04.05-12.54.23:523][  0]SourceControl: Source control is disabled
[2018.04.05-12.54.23:566][  0]SourceControl: Source control is disabled
[2018.04.05-12.54.23:610][  0]SourceControl: Source control is disabled
[2018.04.05-12.54.24:147][  0]LogAndroidPermission: UAndroidPermissionCallbackProxy::GetInstance
[2018.04.05-12.54.24:382][  0]LogOcInput: OculusInput pre-init called
[2018.04.05-12.54.24:618][  0]LogEngine: Initializing Engine...
[2018.04.05-12.54.24:620][  0]LogHMD: Failed to initialize OpenVR with code 110
[2018.04.05-12.54.24:815][  0]LogStats: UGameplayTagsManager::ConstructGameplayTagTree: Construct from data asset -  0.000 s
[2018.04.05-12.54.24:815][  0]LogStats: UGameplayTagsManager::ConstructGameplayTagTree: GameplayTagTreeChangedEvent.Broadcast -  0.000 s
[2018.04.05-12.54.24:938][  0]LogAIModule: Creating AISystem for world Untitled
[2018.04.05-12.54.24:946][  0]LogInit: XAudio2 using 'BenQ GW2270-0 (NVIDIA High Definition Audio)' : 2 channels at 48 kHz using 16 bits per sample (channel mask 0x3)
[2018.04.05-12.54.24:956][  0]LogInit: FAudioDevice initialized.
[2018.04.05-12.54.25:032][  0]LogDerivedDataCache: Saved boot cache 0.08s 93MB C:/Users/Ochuko Studios/AppData/Local/UnrealEngine/4.17/DerivedDataCache/Boot.ddc.
[2018.04.05-12.54.25:046][  0]LogInit: Texture streaming: Enabled
[2018.04.05-12.54.25:144][  0]LogEngineSessionManager: EngineSessionManager initialized
[2018.04.05-12.54.25:144][  0]LogEngineSessionManager: EngineSessionManager sent abnormal shutdown report. Type=Crashed, SessionId={5C4C006D-460B-5B66-8E05-96B84ACCFE80}
[2018.04.05-12.54.25:342][  0]LogInit: Transaction tracking system initialized
[2018.04.05-12.54.25:625][  0]BlueprintLog: New page: Editor Load
[2018.04.05-12.54.26:443][  0]LocalizationService: Localization service is disabled
[2018.04.05-12.54.26:891][  0]LogLinker: Warning: Can't find file '/Game/ThirdPersonBP/ThirdPersonOverview'
[2018.04.05-12.54.26:891][  0]LogLinker: Warning: Can't find file '/Game/ThirdPersonBP/ThirdPersonOverview'
[2018.04.05-12.54.26:891][  0]LogUObjectGlobals: Warning: Failed to find object 'Class /Game/ThirdPersonBP/ThirdPersonOverview.ThirdPersonOverview_C'
[2018.04.05-12.54.27:049][  0]LogConsoleResponse: Display: 
[2018.04.05-12.54.27:228][  0]LogCook: Display: Max memory allowance for cook 16384mb min free memory 0mb
[2018.04.05-12.54.27:228][  0]LogCook: Display: Mobile HDR setting 1
[2018.04.05-12.54.27:229][  0]LogGameplayTags: Display: UGameplayTagsManager::DoneAddingNativeTags. DelegateIsBound: 0
[2018.04.05-12.54.27:595][  0]LogFileCache: Scanning file cache for directory 'C:/Users/Ochuko Studios/Desktop/Final-Year-Project/Final-Artefact/Leap_motion_demo/Content/' took 0.01s
[2018.04.05-12.54.28:192][  0]SourceControl: Source control is disabled
[2018.04.05-12.54.28:282][  0]LogWindowsTextInputMethodSystem: Display: IME system now deactivated.
[2018.04.05-12.54.28:283][  0]LogSlate: Took 0.000239 seconds to synchronously load lazily loaded font '../../../Engine/Content/Slate/Fonts/Roboto-Regular.ttf' (155K)
[2018.04.05-12.55.37:177][  0]LogWindowsTextInputMethodSystem: Display: IME system now deactivated.
[2018.04.05-12.55.37:178][  0]LogWindowsTextInputMethodSystem: Display: IME system now deactivated.
[2018.04.05-12.55.40:225][  0]LogWindowsTextInputMethodSystem: Display: IME system now deactivated.
[2018.04.05-12.55.40:228][  0]LogWindowsTextInputMethodSystem: Display: IME system now deactivated.
[2018.04.05-12.55.40:259][  0]Cmd: MAP LOAD FILE="../../../../../../Users/Ochuko Studios/Desktop/Final-Year-Project/Final-Artefact/Leap_motion_demo/Content/Scenes/Test_scene.umap" TEMPLATE=0 SHOWPROGRESS=1 FEATURELEVEL=3
[2018.04.05-12.55.40:260][  0]LightingResults: New page: Lighting Build
[2018.04.05-12.55.40:306][  0]MapCheck: New page: Map Check
[2018.04.05-12.55.40:306][  0]LightingResults: New page: Lighting Build
[2018.04.05-12.55.40:468][  0]LogBlueprint: Warning: [Compiler PersistentLevel.Test_scene] Node  Unknown  is not referencing a valid level actor
[2018.04.05-12.55.40:469][  0]LogBlueprint: Warning: [Compiler PersistentLevel.Test_scene] [0086.99] Compile of PersistentLevel.Test_scene successful, but with 1 Warning(s) [in 3 ms] (/Game/Scenes/Test_scene.Test_scene:PersistentLevel.Test_scene)
[2018.04.05-12.55.40:588][  0]LogAIModule: Creating AISystem for world Test_scene
[2018.04.05-12.55.40:593][  0]LeapPluginLog: InterfaceObject: PlayerOne_Blueprint_16
[2018.04.05-12.55.40:594][  0]LeapPluginLog: InterfaceObject: PlayerOne_Blueprint_16
[2018.04.05-12.55.40:594][  0]LogEditorServer: Finished looking for orphan Actors (0.000 secs)
[2018.04.05-12.55.40:695][  0]Cmd: MAP CHECKDEP NOCLEARLOG
[2018.04.05-12.55.40:740][  0]MapCheck: Map check complete: 0 Error(s), 0 Warning(s), took 44.645ms to complete.
[2018.04.05-12.55.40:741][  0]LogFileHelpers: Loading map 'Test_scene' took 0.482
[2018.04.05-12.55.40:834][  0]LogStats: Warning: MetaData mismatch. Did you assign a stat to two groups? New //STATGROUP_Threads//SplashScreenThread///Thread_386c_0///####STATCAT_Advanced#### old //STATGROUP_Threads//SplashScreenThread///Thread_1518_0///####STATCAT_Advanced####
[2018.04.05-12.55.40:834][  0]LogCollectionManager: Loaded 0 collections in 0.001883 seconds
[2018.04.05-12.55.40:912][  0]LogFileCache: Scanning file cache for directory 'C:/Users/Ochuko Studios/Desktop/Final-Year-Project/Final-Artefact/Leap_motion_demo/Saved/Collections/' took 0.01s
[2018.04.05-12.55.40:912][  0]LogFileCache: Scanning file cache for directory 'C:/Users/Ochuko Studios/Desktop/Final-Year-Project/Final-Artefact/Leap_motion_demo/Content/Developers/OchukoStudios/Collections/' took 0.01s
[2018.04.05-12.55.40:912][  0]LogFileCache: Scanning file cache for directory 'C:/Users/Ochuko Studios/Desktop/Final-Year-Project/Final-Artefact/Leap_motion_demo/Content/Collections/' took 0.01s
[2018.04.05-12.55.40:912][  0]LogCollectionManager: Rebuilt the GUID cache for 0 collections in 0.000000 seconds
[2018.04.05-12.55.40:919][  0]LogContentBrowser: Native class hierarchy populated in 0.0074 seconds. Added 2413 classes and 504 folders.
[2018.04.05-12.55.40:983][  0]LogContentBrowser: Native class hierarchy updated for 'WidgetCarousel' in 0.0005 seconds. Added 0 classes and 0 folders.
[2018.04.05-12.55.41:019][  0]LogContentBrowser: Native class hierarchy updated for 'AddContentDialog' in 0.0006 seconds. Added 0 classes and 0 folders.
[2018.04.05-12.55.41:061][  0]LogContentBrowser: Native class hierarchy updated for 'SceneOutliner' in 0.0008 seconds. Added 1 classes and 2 folders.
[2018.04.05-12.55.42:048][  0]LogSlate: Took 0.000167 seconds to synchronously load lazily loaded font '../../../Engine/Content/Slate/Fonts/Roboto-Bold.ttf' (160K)
[2018.04.05-12.55.42:053][  0]LogSlate: Took 0.000189 seconds to synchronously load lazily loaded font '../../../Engine/Content/Editor/Slate/Fonts/FontAwesome.ttf' (139K)
[2018.04.05-12.55.42:162][  0]LogTemp: Executing iPhonePackager certificates Engine -bundlename com.YourCompany.Leapmotiondemo
[2018.04.05-12.55.42:162][  0]LogTemp: CWD: C:\Program Files\Epic Games\UE_4.17\Engine\Binaries\DotNET\IOS
[2018.04.05-12.55.42:162][  0]LogTemp: Initial Dir: C:\Program Files\Epic Games\UE_4.17
[2018.04.05-12.55.42:162][  0]LogTemp: Env CWD: C:\Program Files\Epic Games\UE_4.17\Engine\Binaries\DotNET\IOS
[2018.04.05-12.55.42:163][  0]LogTemp: BranchPath = DESKTOP-P0KGN8E/C/Program Files/Epic Games/UE_4.17/Engine/Binaries --- GameBranchPath = DESKTOP-P0KGN8E/C/Program Files/Epic Games/UE_4.17/Engine/Binaries
[2018.04.05-12.55.42:163][  0]LogTemp: IPP ERROR: Could not find provision directory 'C:\Users\Ochuko Studios\AppData\Local/Apple Computer/MobileDevice/Provisioning Profiles/'.
[2018.04.05-12.55.42:163][  0]LogRenderer: Reallocating scene render targets to support 1208x576 Format 10 NumSamples 1 (Frame:1).
[2018.04.05-12.55.42:370][  0]LogContentBrowser: Native class hierarchy updated for 'HierarchicalLODOutliner' in 0.0005 seconds. Added 1 classes and 2 folders.
[2018.04.05-12.55.42:370][  0]LogLoad: (Engine Initialization) Total time: 88.89 seconds
[2018.04.05-12.55.42:370][  0]LogLoad: (Engine Initialization) Total Blueprint compile time: 0.00 seconds
[2018.04.05-12.55.42:370][  0]LogExternalProfiler: No external profilers were discovered.  External profiling features will not be available.
[2018.04.05-12.55.42:405][  0]LogContentStreaming: Texture pool size now 1000 MB
[2018.04.05-12.55.42:434][  0]LogSlate: Took 0.000287 seconds to synchronously load lazily loaded font '../../../Engine/Content/Slate/Fonts/Roboto-Light.ttf' (159K)
[2018.04.05-12.55.42:457][  1]LogAssetRegistry: Asset discovery search completed in 83.4582 seconds
[2018.04.05-12.55.42:459][  1]LogCollectionManager: Rebuilt the object cache for 0 collections in 0.000001 seconds (found 0 objects)
[2018.04.05-12.55.42:459][  1]LogCollectionManager: Fixed up redirectors for 0 collections in 0.000092 seconds (updated 0 objects)
[2018.04.05-12.55.43:443][ 42]LogSlate: Took 0.000241 seconds to synchronously load lazily loaded font '../../../Engine/Content/Slate/Fonts/Roboto-Light.ttf' (159K)
[2018.04.05-12.55.52:215][465]LogSlate: Took 0.000110 seconds to synchronously load lazily loaded font '../../../Engine/Content/Slate/Fonts/Roboto-Light.ttf' (159K)
[2018.04.05-12.55.52:318][465]LogAIModule: Creating AISystem for world NewMap
[2018.04.05-12.55.52:408][465]Cmd: MAP LOAD FILE="../../../../../../Users/Ochuko Studios/Desktop/Final-Year-Project/Final-Artefact/Leap_motion_demo/Content/Scenes/NewMap.umap" TEMPLATE=0 SHOWPROGRESS=1 FEATURELEVEL=3
[2018.04.05-12.55.52:408][465]LightingResults: New page: Lighting Build
[2018.04.05-12.55.52:408][465]LoadErrors: New page: Loading map: NewMap.umap
[2018.04.05-12.55.52:409][465]MapCheck: New page: Map Check
[2018.04.05-12.55.52:409][465]LightingResults: New page: Lighting Build
[2018.04.05-12.55.52:491][465]LogEditorServer: Finished looking for orphan Actors (0.000 secs)
[2018.04.05-12.55.52:544][465]Cmd: MAP CHECKDEP NOCLEARLOG
[2018.04.05-12.55.52:590][465]MapCheck: Map check complete: 0 Error(s), 0 Warning(s), took 46.038ms to complete.
[2018.04.05-12.55.52:590][465]LogFileHelpers: Loading map 'NewMap' took 0.183
[2018.04.05-12.55.55:751][605]LogTemp: Repeating last play command: Selected Viewport
[2018.04.05-12.55.55:795][605]LogBlueprintUserMessages: Early PlayInEditor Detection: Level '/Game/Scenes/NewMap.NewMap:PersistentLevel' has LevelScriptBlueprint '/Game/Scenes/NewMap.NewMap:PersistentLevel.NewMap' with GeneratedClass '/Game/Scenes/NewMap.NewMap_C' with ClassGeneratedBy '/Game/Scenes/NewMap.NewMap:PersistentLevel.NewMap'
[2018.04.05-12.55.55:795][605]LogPlayLevel: PlayLevel: No blueprints needed recompiling
[2018.04.05-12.55.55:795][605]PIE: New page: PIE session: NewMap (5 Apr 2018 14:55:55)
[2018.04.05-12.55.55:795][605]LogPlayLevel: Creating play world package: /Game/Scenes/UEDPIE_0_NewMap
[2018.04.05-12.55.55:798][605]LogPlayLevel: PIE: StaticDuplicateObject took: (0.002213s)
[2018.04.05-12.55.55:798][605]LogAIModule: Creating AISystem for world NewMap
[2018.04.05-12.55.55:798][605]LogPlayLevel: PIE: World Init took: (0.000767s)
[2018.04.05-12.55.55:799][605]LogPlayLevel: PIE: Created PIE world by copying editor world from /Game/Scenes/NewMap.NewMap to /Game/Scenes/UEDPIE_0_NewMap.NewMap (0.003257s)
[2018.04.05-12.55.55:810][605]LogInit: XAudio2 using 'BenQ GW2270-0 (NVIDIA High Definition Audio)' : 2 channels at 48 kHz using 16 bits per sample (channel mask 0x3)
[2018.04.05-12.55.55:816][605]LogInit: FAudioDevice initialized.
[2018.04.05-12.55.55:859][605]LogLoad: Game class is 'LockandKey_C'
[2018.04.05-12.55.55:859][605]LeapPluginLog: InterfaceObject: LockandKey_C_0
[2018.04.05-12.55.55:861][605]LogWorld: Bringing World /Game/Scenes/UEDPIE_0_NewMap.NewMap up for play (max tick rate 0) at 2018.04.05-13.55.55
[2018.04.05-12.55.55:861][605]LogWorld: Bringing up level for play took: 0.000925
[2018.04.05-12.55.55:897][605]LogContentBrowser: Native class hierarchy updated for 'MovieSceneCapture' in 0.0005 seconds. Added 11 classes and 0 folders.
[2018.04.05-12.55.55:898][605]PIE: Play in editor start time for /Game/Scenes/UEDPIE_0_NewMap -0.851
[2018.04.05-12.55.55:898][605]LogBlueprintUserMessages: Late PlayInEditor Detection: Level '/Game/Scenes/NewMap.NewMap:PersistentLevel' has LevelScriptBlueprint '/Game/Scenes/NewMap.NewMap:PersistentLevel.NewMap' with GeneratedClass '/Game/Scenes/NewMap.NewMap_C' with ClassGeneratedBy '/Game/Scenes/NewMap.NewMap:PersistentLevel.NewMap'
[2018.04.05-12.55.56:505][676]LogBlueprintUserMessages: [LockandKey_C_0] Player One Detected
[2018.04.05-12.55.56:505][676]LeapPluginLog: InterfaceObject: PlayerOneChar_C_0
[2018.04.05-12.55.56:506][676]LogBlueprintUserMessages: [PlayerOneChar_C_0] 0.0
[2018.04.05-12.55.56:514][677]LogBlueprintUserMessages: [PlayerOneChar_C_0] 0.0
[2018.04.05-12.55.56:523][678]LogBlueprintUserMessages: [PlayerOneChar_C_0] 0.0
[2018.04.05-12.55.56:531][679]LogBlueprintUserMessages: [PlayerOneChar_C_0] 0.0
[2018.04.05-12.55.56:540][680]LogBlueprintUserMessages: [PlayerOneChar_C_0] 0.0
[2018.04.05-12.55.56:548][681]LogBlueprintUserMessages: [PlayerOneChar_C_0] 0.0
[2018.04.05-12.55.56:556][682]LogBlueprintUserMessages: [PlayerOneChar_C_0] 0.0
[2018.04.05-12.55.56:565][683]LogBlueprintUserMessages: [PlayerOneChar_C_0] 0.0
[2018.04.05-12.55.56:573][684]LogBlueprintUserMessages: [PlayerOneChar_C_0] 0.0
[2018.04.05-12.55.56:582][685]LogBlueprintUserMessages: [PlayerOneChar_C_0] 0.0
[2018.04.05-12.55.56:590][686]LogBlueprintUserMessages: [PlayerOneChar_C_0] 0.0
[2018.04.05-12.55.56:598][687]LogBlueprintUserMessages: [PlayerOneChar_C_0] 0.0
[2018.04.05-12.55.56:607][688]LogBlueprintUserMessages: [PlayerOneChar_C_0] 0.0
[2018.04.05-12.55.56:615][689]LogBlueprintUserMessages: [PlayerOneChar_C_0] 0.0
[2018.04.05-12.55.56:623][690]LogBlueprintUserMessages: [PlayerOneChar_C_0] 0.0
[2018.04.05-12.55.56:632][691]LogBlueprintUserMessages: [PlayerOneChar_C_0] 0.0
[2018.04.05-12.55.56:640][692]LogBlueprintUserMessages: [PlayerOneChar_C_0] 0.0
[2018.04.05-12.55.56:648][693]LogBlueprintUserMessages: [PlayerOneChar_C_0] 0.0
[2018.04.05-12.55.56:657][694]LogBlueprintUserMessages: [PlayerOneChar_C_0] 0.0
[2018.04.05-12.55.56:665][695]LogBlueprintUserMessages: [PlayerOneChar_C_0] 0.0
[2018.04.05-12.55.56:673][696]LogBlueprintUserMessages: [PlayerOneChar_C_0] 0.0
[2018.04.05-12.55.56:681][697]LogBlueprintUserMessages: [PlayerOneChar_C_0] 0.0
[2018.04.05-12.55.56:690][698]LogBlueprintUserMessages: [PlayerOneChar_C_0] 0.0
[2018.04.05-12.55.56:698][699]LogBlueprintUserMessages: [PlayerOneChar_C_0] 0.0
[2018.04.05-12.55.56:706][700]LogBlueprintUserMessages: [PlayerOneChar_C_0] 0.0
[2018.04.05-12.55.56:715][701]LogBlueprintUserMessages: [PlayerOneChar_C_0] 0.0
[2018.04.05-12.55.56:723][702]LogBlueprintUserMessages: [PlayerOneChar_C_0] 0.0
[2018.04.05-12.55.56:731][703]LogBlueprintUserMessages: [PlayerOneChar_C_0] 0.0
[2018.04.05-12.55.56:740][704]LogBlueprintUserMessages: [PlayerOneChar_C_0] 0.0
[2018.04.05-12.55.56:748][705]LogBlueprintUserMessages: [PlayerOneChar_C_0] 0.0
[2018.04.05-12.55.56:756][706]LogBlueprintUserMessages: [PlayerOneChar_C_0] 0.0
[2018.04.05-12.55.56:765][707]LogBlueprintUserMessages: [PlayerOneChar_C_0] 0.0
[2018.04.05-12.55.56:773][708]LogBlueprintUserMessages: [PlayerOneChar_C_0] 0.0
[2018.04.05-12.55.56:782][709]LogBlueprintUserMessages: [PlayerOneChar_C_0] 0.0
[2018.04.05-12.55.56:790][710]LogBlueprintUserMessages: [PlayerOneChar_C_0] 0.0
[2018.04.05-12.55.56:798][711]LogBlueprintUserMessages: [PlayerOneChar_C_0] 0.0
[2018.04.05-12.55.56:807][712]LogBlueprintUserMessages: [PlayerOneChar_C_0] 0.0
[2018.04.05-12.55.56:815][713]LogBlueprintUserMessages: [PlayerOneChar_C_0] 0.0
[2018.04.05-12.55.56:823][714]LogBlueprintUserMessages: [PlayerOneChar_C_0] 0.0
[2018.04.05-12.55.56:832][715]LogBlueprintUserMessages: [PlayerOneChar_C_0] 0.0
[2018.04.05-12.55.56:840][716]LogBlueprintUserMessages: [PlayerOneChar_C_0] 0.0
[2018.04.05-12.55.56:848][717]LogBlueprintUserMessages: [PlayerOneChar_C_0] 0.0
[2018.04.05-12.55.56:857][718]LogBlueprintUserMessages: [PlayerOneChar_C_0] 0.0
[2018.04.05-12.55.56:865][719]LogBlueprintUserMessages: [PlayerOneChar_C_0] 0.0
[2018.04.05-12.55.56:873][720]LogBlueprintUserMessages: [PlayerOneChar_C_0] 0.0
[2018.04.05-12.55.56:882][721]LogBlueprintUserMessages: [PlayerOneChar_C_0] 0.0
[2018.04.05-12.55.56:890][722]LogBlueprintUserMessages: [PlayerOneChar_C_0] 0.0
[2018.04.05-12.55.56:898][723]LogBlueprintUserMessages: [PlayerOneChar_C_0] 0.0
[2018.04.05-12.55.56:906][724]LogBlueprintUserMessages: [PlayerOneChar_C_0] 0.0
[2018.04.05-12.55.56:915][725]LogBlueprintUserMessages: [PlayerOneChar_C_0] 0.0
[2018.04.05-12.55.56:923][726]LogBlueprintUserMessages: [PlayerOneChar_C_0] 0.0
[2018.04.05-12.55.56:931][727]LogBlueprintUserMessages: [PlayerOneChar_C_0] 0.0
[2018.04.05-12.55.56:940][728]LogBlueprintUserMessages: [PlayerOneChar_C_0] 0.0
[2018.04.05-12.55.56:948][729]LogBlueprintUserMessages: [PlayerOneChar_C_0] 0.0
[2018.04.05-12.55.56:957][730]LogBlueprintUserMessages: [PlayerOneChar_C_0] 0.0
[2018.04.05-12.55.56:965][731]LogBlueprintUserMessages: [PlayerOneChar_C_0] 0.0
[2018.04.05-12.55.56:973][732]LogBlueprintUserMessages: [PlayerOneChar_C_0] 0.0
[2018.04.05-12.55.56:982][733]LogBlueprintUserMessages: [PlayerOneChar_C_0] 0.0
[2018.04.05-12.55.56:990][734]LogBlueprintUserMessages: [PlayerOneChar_C_0] 0.0
[2018.04.05-12.55.56:998][735]LogBlueprintUserMessages: [PlayerOneChar_C_0] 0.0
[2018.04.05-12.55.57:007][736]LogBlueprintUserMessages: [PlayerOneChar_C_0] 0.0
[2018.04.05-12.55.57:015][737]LogBlueprintUserMessages: [PlayerOneChar_C_0] 0.0
[2018.04.05-12.55.57:023][738]LogBlueprintUserMessages: [PlayerOneChar_C_0] 0.0
[2018.04.05-12.55.57:032][739]LogBlueprintUserMessages: [PlayerOneChar_C_0] 0.0
[2018.04.05-12.55.57:040][740]LogBlueprintUserMessages: [PlayerOneChar_C_0] 0.0
[2018.04.05-12.55.57:048][741]LogBlueprintUserMessages: [PlayerOneChar_C_0] 0.0
[2018.04.05-12.55.57:056][742]LogBlueprintUserMessages: [PlayerOneChar_C_0] 0.0
[2018.04.05-12.55.57:065][743]LogBlueprintUserMessages: [PlayerOneChar_C_0] 0.0
[2018.04.05-12.55.57:073][744]LogBlueprintUserMessages: [PlayerOneChar_C_0] 0.0
[2018.04.05-12.55.57:082][745]LogBlueprintUserMessages: [PlayerOneChar_C_0] 0.0
[2018.04.05-12.55.57:090][746]LogBlueprintUserMessages: [PlayerOneChar_C_0] 0.0
[2018.04.05-12.55.57:098][747]LogBlueprintUserMessages: [PlayerOneChar_C_0] 0.0
[2018.04.05-12.55.57:106][748]LogBlueprintUserMessages: [PlayerOneChar_C_0] 0.0
[2018.04.05-12.55.57:115][749]LogBlueprintUserMessages: [PlayerOneChar_C_0] 0.0
[2018.04.05-12.55.57:123][750]LogBlueprintUserMessages: [PlayerOneChar_C_0] 0.0
[2018.04.05-12.55.57:131][751]LogBlueprintUserMessages: [PlayerOneChar_C_0] 0.0
[2018.04.05-12.55.57:140][752]LogBlueprintUserMessages: [PlayerOneChar_C_0] 0.0
[2018.04.05-12.55.57:148][753]LogBlueprintUserMessages: [PlayerOneChar_C_0] 0.0
[2018.04.05-12.55.57:157][754]LogBlueprintUserMessages: [PlayerOneChar_C_0] 0.0
[2018.04.05-12.55.57:165][755]LogBlueprintUserMessages: [PlayerOneChar_C_0] 0.0
[2018.04.05-12.55.57:173][756]LogBlueprintUserMessages: [PlayerOneChar_C_0] 0.0
[2018.04.05-12.55.57:182][757]LogBlueprintUserMessages: [PlayerOneChar_C_0] 0.0
[2018.04.05-12.55.57:190][758]LogBlueprintUserMessages: [PlayerOneChar_C_0] 0.0
[2018.04.05-12.55.57:198][759]LogBlueprintUserMessages: [PlayerOneChar_C_0] 0.0
[2018.04.05-12.55.57:206][760]LogBlueprintUserMessages: [PlayerOneChar_C_0] 0.0
[2018.04.05-12.55.57:215][761]LogBlueprintUserMessages: [PlayerOneChar_C_0] 0.0
[2018.04.05-12.55.57:223][762]LogBlueprintUserMessages: [PlayerOneChar_C_0] 0.0
[2018.04.05-12.55.57:232][763]LogBlueprintUserMessages: [PlayerOneChar_C_0] 0.0
[2018.04.05-12.55.57:240][764]LogBlueprintUserMessages: [PlayerOneChar_C_0] 0.0
[2018.04.05-12.55.57:248][765]LogBlueprintUserMessages: [PlayerOneChar_C_0] 0.0
[2018.04.05-12.55.57:256][766]LogBlueprintUserMessages: [PlayerOneChar_C_0] 0.0
[2018.04.05-12.55.57:265][767]LogBlueprintUserMessages: [PlayerOneChar_C_0] 0.0
[2018.04.05-12.55.57:273][768]LogBlueprintUserMessages: [PlayerOneChar_C_0] 0.0
[2018.04.05-12.55.57:281][769]LogBlueprintUserMessages: [PlayerOneChar_C_0] 0.0
[2018.04.05-12.55.57:290][770]LogBlueprintUserMessages: [PlayerOneChar_C_0] 0.0
[2018.04.05-12.55.57:298][771]LogBlueprintUserMessages: [PlayerOneChar_C_0] 0.0
[2018.04.05-12.55.57:306][772]LogBlueprintUserMessages: [PlayerOneChar_C_0] 0.0
[2018.04.05-12.55.57:315][773]LogBlueprintUserMessages: [PlayerOneChar_C_0] 0.0
[2018.04.05-12.55.57:324][774]LogBlueprintUserMessages: [PlayerOneChar_C_0] 0.0
[2018.04.05-12.55.57:332][775]LogBlueprintUserMessages: [PlayerOneChar_C_0] 0.0
[2018.04.05-12.55.57:340][776]LogBlueprintUserMessages: [PlayerOneChar_C_0] 0.0
[2018.04.05-12.55.57:349][777]LogBlueprintUserMessages: [PlayerOneChar_C_0] 0.0
[2018.04.05-12.55.57:357][778]LogBlueprintUserMessages: [PlayerOneChar_C_0] 0.0
[2018.04.05-12.55.57:365][779]LogBlueprintUserMessages: [PlayerOneChar_C_0] 0.0
[2018.04.05-12.55.57:373][780]LogBlueprintUserMessages: [PlayerOneChar_C_0] 0.0
[2018.04.05-12.55.57:382][781]LogBlueprintUserMessages: [PlayerOneChar_C_0] 0.0
[2018.04.05-12.55.57:390][782]LogBlueprintUserMessages: [PlayerOneChar_C_0] 0.0
[2018.04.05-12.55.57:398][783]LogBlueprintUserMessages: [PlayerOneChar_C_0] 0.0
[2018.04.05-12.55.57:407][784]LogBlueprintUserMessages: [PlayerOneChar_C_0] 0.0
[2018.04.05-12.55.57:415][785]LogBlueprintUserMessages: [PlayerOneChar_C_0] 0.0
[2018.04.05-12.55.57:423][786]LogBlueprintUserMessages: [PlayerOneChar_C_0] 0.0
[2018.04.05-12.55.57:432][787]LogBlueprintUserMessages: [PlayerOneChar_C_0] 0.0
[2018.04.05-12.55.57:440][788]LogBlueprintUserMessages: [PlayerOneChar_C_0] 0.0
[2018.04.05-12.55.57:448][789]LogBlueprintUserMessages: [PlayerOneChar_C_0] 0.0
[2018.04.05-12.55.57:457][790]LogBlueprintUserMessages: [PlayerOneChar_C_0] 0.0
[2018.04.05-12.55.57:465][791]LogBlueprintUserMessages: [PlayerOneChar_C_0] 0.0
[2018.04.05-12.55.57:473][792]LogBlueprintUserMessages: [PlayerOneChar_C_0] 0.0
[2018.04.05-12.55.57:481][793]LogBlueprintUserMessages: [PlayerOneChar_C_0] 0.0
[2018.04.05-12.55.57:490][794]LogBlueprintUserMessages: [PlayerOneChar_C_0] 0.0
[2018.04.05-12.55.57:498][795]LogBlueprintUserMessages: [PlayerOneChar_C_0] 0.0
[2018.04.05-12.55.57:506][796]LogBlueprintUserMessages: [PlayerOneChar_C_0] 0.0
[2018.04.05-12.55.57:515][797]LogBlueprintUserMessages: [PlayerOneChar_C_0] 0.0
[2018.04.05-12.55.57:523][798]LogBlueprintUserMessages: [PlayerOneChar_C_0] 0.0
[2018.04.05-12.55.57:532][799]LogBlueprintUserMessages: [PlayerOneChar_C_0] 0.0
[2018.04.05-12.55.57:540][800]LogBlueprintUserMessages: [PlayerOneChar_C_0] 0.0
[2018.04.05-12.55.57:549][801]LogBlueprintUserMessages: [PlayerOneChar_C_0] 0.0
[2018.04.05-12.55.57:557][802]LogBlueprintUserMessages: [PlayerOneChar_C_0] 0.0
[2018.04.05-12.55.57:565][803]LogBlueprintUserMessages: [PlayerOneChar_C_0] 0.0
[2018.04.05-12.55.57:573][804]LogBlueprintUserMessages: [PlayerOneChar_C_0] 0.0
[2018.04.05-12.55.57:582][805]LogBlueprintUserMessages: [PlayerOneChar_C_0] 0.0
[2018.04.05-12.55.57:590][806]LogBlueprintUserMessages: [PlayerOneChar_C_0] 0.0
[2018.04.05-12.55.57:598][807]LogBlueprintUserMessages: [PlayerOneChar_C_0] 0.0
[2018.04.05-12.55.57:606][808]LogBlueprintUserMessages: [PlayerOneChar_C_0] 0.0
[2018.04.05-12.55.57:615][809]LogBlueprintUserMessages: [PlayerOneChar_C_0] 0.0
[2018.04.05-12.55.57:623][810]LogBlueprintUserMessages: [PlayerOneChar_C_0] 0.0
[2018.04.05-12.55.57:631][811]LogBlueprintUserMessages: [PlayerOneChar_C_0] 0.0
[2018.04.05-12.55.57:640][812]LogBlueprintUserMessages: [PlayerOneChar_C_0] 0.0
[2018.04.05-12.55.57:648][813]LogBlueprintUserMessages: [PlayerOneChar_C_0] 0.0
[2018.04.05-12.55.57:656][814]LogBlueprintUserMessages: [PlayerOneChar_C_0] 0.0
[2018.04.05-12.55.57:665][815]LogBlueprintUserMessages: [PlayerOneChar_C_0] 0.0
[2018.04.05-12.55.57:673][816]LogBlueprintUserMessages: [PlayerOneChar_C_0] 0.0
[2018.04.05-12.55.57:681][817]LogBlueprintUserMessages: [PlayerOneChar_C_0] 0.0
[2018.04.05-12.55.57:690][818]LogBlueprintUserMessages: [PlayerOneChar_C_0] 0.0
[2018.04.05-12.55.57:699][819]LogBlueprintUserMessages: [PlayerOneChar_C_0] 0.0
[2018.04.05-12.55.57:707][820]LogBlueprintUserMessages: [PlayerOneChar_C_0] 0.0
[2018.04.05-12.55.57:715][821]LogBlueprintUserMessages: [PlayerOneChar_C_0] 0.0
[2018.04.05-12.55.57:723][822]LogBlueprintUserMessages: [PlayerOneChar_C_0] 0.0
[2018.04.05-12.55.57:732][823]LogBlueprintUserMessages: [PlayerOneChar_C_0] 0.0
[2018.04.05-12.55.57:740][824]LogBlueprintUserMessages: [PlayerOneChar_C_0] 0.0
[2018.04.05-12.55.57:749][825]LogBlueprintUserMessages: [PlayerOneChar_C_0] 0.0
[2018.04.05-12.55.57:757][826]LogBlueprintUserMessages: [PlayerOneChar_C_0] 0.0
[2018.04.05-12.55.57:765][827]LogBlueprintUserMessages: [PlayerOneChar_C_0] 0.0
[2018.04.05-12.55.57:774][828]LogBlueprintUserMessages: [PlayerOneChar_C_0] 0.0
[2018.04.05-12.55.57:782][829]LogBlueprintUserMessages: [PlayerOneChar_C_0] 0.0
[2018.04.05-12.55.57:790][830]LogBlueprintUserMessages: [PlayerOneChar_C_0] 0.0
[2018.04.05-12.55.57:798][831]LogBlueprintUserMessages: [PlayerOneChar_C_0] 0.0
[2018.04.05-12.55.57:807][832]LogBlueprintUserMessages: [PlayerOneChar_C_0] 0.0
[2018.04.05-12.55.57:815][833]LogBlueprintUserMessages: [PlayerOneChar_C_0] 0.0
[2018.04.05-12.55.57:823][834]LogBlueprintUserMessages: [PlayerOneChar_C_0] 0.0
[2018.04.05-12.55.57:831][835]LogBlueprintUserMessages: [PlayerOneChar_C_0] 0.0
[2018.04.05-12.55.57:840][836]LogBlueprintUserMessages: [PlayerOneChar_C_0] 0.0
[2018.04.05-12.55.57:848][837]LogBlueprintUserMessages: [PlayerOneChar_C_0] 0.0
[2018.04.05-12.55.57:857][838]LogBlueprintUserMessages: [PlayerOneChar_C_0] 0.0
[2018.04.05-12.55.57:865][839]LogBlueprintUserMessages: [PlayerOneChar_C_0] 0.0
[2018.04.05-12.55.57:873][840]LogBlueprintUserMessages: [PlayerOneChar_C_0] 0.0
[2018.04.05-12.55.57:881][841]LogBlueprintUserMessages: [PlayerOneChar_C_0] 0.0
[2018.04.05-12.55.57:890][842]LogBlueprintUserMessages: [PlayerOneChar_C_0] 0.0
[2018.04.05-12.55.57:899][843]LogBlueprintUserMessages: [PlayerOneChar_C_0] 0.0
[2018.04.05-12.55.57:907][844]LogBlueprintUserMessages: [PlayerOneChar_C_0] 0.0
[2018.04.05-12.55.57:915][845]LogBlueprintUserMessages: [PlayerOneChar_C_0] 0.0
[2018.04.05-12.55.57:923][846]LogBlueprintUserMessages: [PlayerOneChar_C_0] 0.0
[2018.04.05-12.55.57:932][847]LogBlueprintUserMessages: [PlayerOneChar_C_0] 0.0
[2018.04.05-12.55.57:940][848]LogBlueprintUserMessages: [PlayerOneChar_C_0] 0.0
[2018.04.05-12.55.57:949][849]LogBlueprintUserMessages: [PlayerOneChar_C_0] 0.0
[2018.04.05-12.55.57:957][850]LogBlueprintUserMessages: [PlayerOneChar_C_0] 0.0
[2018.04.05-12.55.57:965][851]LogBlueprintUserMessages: [PlayerOneChar_C_0] 0.0
[2018.04.05-12.55.57:973][852]LogBlueprintUserMessages: [PlayerOneChar_C_0] 0.0
[2018.04.05-12.55.57:982][853]LogBlueprintUserMessages: [PlayerOneChar_C_0] 0.0
[2018.04.05-12.55.57:990][854]LogBlueprintUserMessages: [PlayerOneChar_C_0] 0.0
[2018.04.05-12.55.57:998][855]LogBlueprintUserMessages: [PlayerOneChar_C_0] 0.0
[2018.04.05-12.55.58:007][856]LogBlueprintUserMessages: [PlayerOneChar_C_0] 0.0
[2018.04.05-12.55.58:015][857]LogBlueprintUserMessages: [PlayerOneChar_C_0] 0.0
[2018.04.05-12.55.58:023][858]LogBlueprintUserMessages: [PlayerOneChar_C_0] 0.0
[2018.04.05-12.55.58:032][859]LogBlueprintUserMessages: [PlayerOneChar_C_0] 0.0
[2018.04.05-12.55.58:040][860]LogBlueprintUserMessages: [PlayerOneChar_C_0] 0.0
[2018.04.05-12.55.58:048][861]LogBlueprintUserMessages: [PlayerOneChar_C_0] 0.0
[2018.04.05-12.55.58:057][862]LogBlueprintUserMessages: [PlayerOneChar_C_0] 0.0
[2018.04.05-12.55.58:065][863]LogBlueprintUserMessages: [PlayerOneChar_C_0] 0.0
[2018.04.05-12.55.58:074][864]LogBlueprintUserMessages: [PlayerOneChar_C_0] 0.0
[2018.04.05-12.55.58:082][865]LogBlueprintUserMessages: [PlayerOneChar_C_0] 0.0
[2018.04.05-12.55.58:090][866]LogBlueprintUserMessages: [PlayerOneChar_C_0] 0.0
[2018.04.05-12.55.58:099][867]LogBlueprintUserMessages: [PlayerOneChar_C_0] 0.0
[2018.04.05-12.55.58:107][868]LogBlueprintUserMessages: [PlayerOneChar_C_0] 0.0
[2018.04.05-12.55.58:115][869]LogBlueprintUserMessages: [PlayerOneChar_C_0] 0.0
[2018.04.05-12.55.58:123][870]LogBlueprintUserMessages: [PlayerOneChar_C_0] 0.0
[2018.04.05-12.55.58:132][871]LogBlueprintUserMessages: [PlayerOneChar_C_0] 0.0
[2018.04.05-12.55.58:140][872]LogBlueprintUserMessages: [PlayerOneChar_C_0] 0.0
[2018.04.05-12.55.58:149][873]LogBlueprintUserMessages: [PlayerOneChar_C_0] 0.0
[2018.04.05-12.55.58:157][874]LogBlueprintUserMessages: [PlayerOneChar_C_0] 0.0
[2018.04.05-12.55.58:165][875]LogBlueprintUserMessages: [PlayerOneChar_C_0] 0.0
[2018.04.05-12.55.58:173][876]LogBlueprintUserMessages: [PlayerOneChar_C_0] 0.0
[2018.04.05-12.55.58:182][877]LogBlueprintUserMessages: [PlayerOneChar_C_0] 0.0
[2018.04.05-12.55.58:190][878]LogBlueprintUserMessages: [PlayerOneChar_C_0] 0.0
[2018.04.05-12.55.58:199][879]LogBlueprintUserMessages: [PlayerOneChar_C_0] 0.0
[2018.04.05-12.55.58:207][880]LogBlueprintUserMessages: [PlayerOneChar_C_0] 0.0
[2018.04.05-12.55.58:215][881]LogBlueprintUserMessages: [PlayerOneChar_C_0] 0.0
[2018.04.05-12.55.58:223][882]LogBlueprintUserMessages: [PlayerOneChar_C_0] 0.0
[2018.04.05-12.55.58:232][883]LogBlueprintUserMessages: [PlayerOneChar_C_0] 0.0
[2018.04.05-12.55.58:240][884]LogBlueprintUserMessages: [PlayerOneChar_C_0] 0.0
[2018.04.05-12.55.58:248][885]LogBlueprintUserMessages: [PlayerOneChar_C_0] 0.0
[2018.04.05-12.55.58:257][886]LogBlueprintUserMessages: [PlayerOneChar_C_0] 0.0
[2018.04.05-12.55.58:265][887]LogBlueprintUserMessages: [PlayerOneChar_C_0] 0.0
[2018.04.05-12.55.58:274][888]LogBlueprintUserMessages: [PlayerOneChar_C_0] 0.0
[2018.04.05-12.55.58:282][889]LogBlueprintUserMessages: [PlayerOneChar_C_0] 0.0
[2018.04.05-12.55.58:290][890]LogBlueprintUserMessages: [PlayerOneChar_C_0] 0.0
[2018.04.05-12.55.58:299][891]LogBlueprintUserMessages: [PlayerOneChar_C_0] 0.0
[2018.04.05-12.55.58:307][892]LogBlueprintUserMessages: [PlayerOneChar_C_0] 0.0
[2018.04.05-12.55.58:315][893]LogBlueprintUserMessages: [PlayerOneChar_C_0] 0.0
[2018.04.05-12.55.58:323][894]LogBlueprintUserMessages: [PlayerOneChar_C_0] 0.0
[2018.04.05-12.55.58:332][895]LogBlueprintUserMessages: [PlayerOneChar_C_0] 0.0
[2018.04.05-12.55.58:340][896]LogBlueprintUserMessages: [PlayerOneChar_C_0] 0.0
[2018.04.05-12.55.58:348][897]LogBlueprintUserMessages: [PlayerOneChar_C_0] 0.0
[2018.04.05-12.55.58:357][898]LogBlueprintUserMessages: [PlayerOneChar_C_0] 0.0
[2018.04.05-12.55.58:365][899]LogBlueprintUserMessages: [PlayerOneChar_C_0] 0.0
[2018.04.05-12.55.58:373][900]LogBlueprintUserMessages: [PlayerOneChar_C_0] 0.0
[2018.04.05-12.55.58:382][901]LogBlueprintUserMessages: [PlayerOneChar_C_0] 0.0
[2018.04.05-12.55.58:390][902]LogBlueprintUserMessages: [PlayerOneChar_C_0] 0.0
[2018.04.05-12.55.58:398][903]LogBlueprintUserMessages: [PlayerOneChar_C_0] 0.0
[2018.04.05-12.55.58:407][904]LogBlueprintUserMessages: [PlayerOneChar_C_0] 0.0
[2018.04.05-12.55.58:415][905]LogBlueprintUserMessages: [PlayerOneChar_C_0] 0.0
[2018.04.05-12.55.58:423][906]LogBlueprintUserMessages: [PlayerOneChar_C_0] 0.0
[2018.04.05-12.55.58:431][907]LogBlueprintUserMessages: [PlayerOneChar_C_0] 0.0
[2018.04.05-12.55.58:440][908]LogBlueprintUserMessages: [PlayerOneChar_C_0] 0.0
[2018.04.05-12.55.58:449][909]LogBlueprintUserMessages: [PlayerOneChar_C_0] 0.0
[2018.04.05-12.55.58:457][910]LogBlueprintUserMessages: [PlayerOneChar_C_0] 0.0
[2018.04.05-12.55.58:465][911]LogBlueprintUserMessages: [PlayerOneChar_C_0] 0.0
[2018.04.05-12.55.58:473][912]LogBlueprintUserMessages: [PlayerOneChar_C_0] 0.0
[2018.04.05-12.55.58:482][913]LogBlueprintUserMessages: [PlayerOneChar_C_0] 0.0
[2018.04.05-12.55.58:490][914]LogBlueprintUserMessages: [PlayerOneChar_C_0] 0.0
[2018.04.05-12.55.58:498][915]LogBlueprintUserMessages: [PlayerOneChar_C_0] 0.0
[2018.04.05-12.55.58:507][916]LogBlueprintUserMessages: [PlayerOneChar_C_0] 0.0
[2018.04.05-12.55.58:515][917]LogBlueprintUserMessages: [PlayerOneChar_C_0] 0.0
[2018.04.05-12.55.58:524][918]LogBlueprintUserMessages: [PlayerOneChar_C_0] 0.0
[2018.04.05-12.55.58:532][919]LogBlueprintUserMessages: [PlayerOneChar_C_0] 0.0
[2018.04.05-12.55.58:540][920]LogBlueprintUserMessages: [PlayerOneChar_C_0] 0.0
[2018.04.05-12.55.58:548][921]LogBlueprintUserMessages: [PlayerOneChar_C_0] 0.0
[2018.04.05-12.55.58:557][922]LogBlueprintUserMessages: [PlayerOneChar_C_0] 0.0
[2018.04.05-12.55.58:565][923]LogBlueprintUserMessages: [PlayerOneChar_C_0] 0.0
[2018.04.05-12.55.58:573][924]LogBlueprintUserMessages: [PlayerOneChar_C_0] 0.0
[2018.04.05-12.55.58:582][925]LogBlueprintUserMessages: [PlayerOneChar_C_0] 0.0
[2018.04.05-12.55.58:590][926]LogBlueprintUserMessages: [PlayerOneChar_C_0] 0.0
[2018.04.05-12.55.58:598][927]LogBlueprintUserMessages: [PlayerOneChar_C_0] 0.0
[2018.04.05-12.55.58:607][928]LogBlueprintUserMessages: [PlayerOneChar_C_0] 0.0
[2018.04.05-12.55.58:615][929]LogBlueprintUserMessages: [PlayerOneChar_C_0] 0.0
[2018.04.05-12.55.58:623][930]LogBlueprintUserMessages: [PlayerOneChar_C_0] 0.0
[2018.04.05-12.55.58:632][931]LogBlueprintUserMessages: [PlayerOneChar_C_0] 0.0
[2018.04.05-12.55.58:640][932]LogBlueprintUserMessages: [PlayerOneChar_C_0] 0.0
[2018.04.05-12.55.58:649][933]LogBlueprintUserMessages: [PlayerOneChar_C_0] 0.0
[2018.04.05-12.55.58:657][934]LogBlueprintUserMessages: [PlayerOneChar_C_0] 0.0
[2018.04.05-12.55.58:665][935]LogBlueprintUserMessages: [PlayerOneChar_C_0] 0.0
[2018.04.05-12.55.58:674][936]LogBlueprintUserMessages: [PlayerOneChar_C_0] 0.0
[2018.04.05-12.55.58:682][937]LogBlueprintUserMessages: [PlayerOneChar_C_0] 0.0
[2018.04.05-12.55.58:690][938]LogBlueprintUserMessages: [PlayerOneChar_C_0] 0.0
[2018.04.05-12.55.58:698][939]LogBlueprintUserMessages: [PlayerOneChar_C_0] 0.0
[2018.04.05-12.55.58:707][940]LogBlueprintUserMessages: [PlayerOneChar_C_0] 0.0
[2018.04.05-12.55.58:715][941]LogBlueprintUserMessages: [PlayerOneChar_C_0] 0.0
[2018.04.05-12.55.58:723][942]LogBlueprintUserMessages: [PlayerOneChar_C_0] 0.0
[2018.04.05-12.55.58:732][943]LogBlueprintUserMessages: [PlayerOneChar_C_0] 0.0
[2018.04.05-12.55.58:740][944]LogBlueprintUserMessages: [PlayerOneChar_C_0] 0.0
[2018.04.05-12.55.58:748][945]LogBlueprintUserMessages: [PlayerOneChar_C_0] 0.0
[2018.04.05-12.55.58:757][946]LogBlueprintUserMessages: [PlayerOneChar_C_0] 0.0
[2018.04.05-12.55.58:765][947]LogBlueprintUserMessages: [PlayerOneChar_C_0] 0.0
[2018.04.05-12.55.58:774][948]LogBlueprintUserMessages: [PlayerOneChar_C_0] 0.0
[2018.04.05-12.55.58:782][949]LogBlueprintUserMessages: [PlayerOneChar_C_0] 0.0
[2018.04.05-12.55.58:790][950]LogBlueprintUserMessages: [PlayerOneChar_C_0] 0.0
[2018.04.05-12.55.58:799][951]LogBlueprintUserMessages: [PlayerOneChar_C_0] 0.0
[2018.04.05-12.55.58:807][952]LogBlueprintUserMessages: [PlayerOneChar_C_0] 0.0
[2018.04.05-12.55.58:816][953]LogBlueprintUserMessages: [PlayerOneChar_C_0] 0.0
[2018.04.05-12.55.58:824][954]LogBlueprintUserMessages: [PlayerOneChar_C_0] 0.0
[2018.04.05-12.55.58:832][955]LogBlueprintUserMessages: [PlayerOneChar_C_0] 0.0
[2018.04.05-12.55.58:841][956]LogBlueprintUserMessages: [PlayerOneChar_C_0] 0.0
[2018.04.05-12.55.58:849][957]LogBlueprintUserMessages: [PlayerOneChar_C_0] 0.0
[2018.04.05-12.55.58:857][958]LogBlueprintUserMessages: [PlayerOneChar_C_0] 0.0
[2018.04.05-12.55.58:866][959]LogBlueprintUserMessages: [PlayerOneChar_C_0] 0.0
[2018.04.05-12.55.58:874][960]LogBlueprintUserMessages: [PlayerOneChar_C_0] 0.0
[2018.04.05-12.55.58:882][961]LogBlueprintUserMessages: [PlayerOneChar_C_0] 0.0
[2018.04.05-12.55.58:890][962]LogBlueprintUserMessages: [PlayerOneChar_C_0] 0.0
[2018.04.05-12.55.58:899][963]LogBlueprintUserMessages: [PlayerOneChar_C_0] 0.0
[2018.04.05-12.55.58:907][964]LogBlueprintUserMessages: [PlayerOneChar_C_0] 0.0
[2018.04.05-12.55.58:915][965]LogBlueprintUserMessages: [PlayerOneChar_C_0] 0.0
[2018.04.05-12.55.58:924][966]LogBlueprintUserMessages: [PlayerOneChar_C_0] 0.0
[2018.04.05-12.55.58:932][967]LogBlueprintUserMessages: [PlayerOneChar_C_0] 0.0
[2018.04.05-12.55.58:940][968]LogBlueprintUserMessages: [PlayerOneChar_C_0] 0.0
[2018.04.05-12.55.58:949][969]LogBlueprintUserMessages: [PlayerOneChar_C_0] 0.0
[2018.04.05-12.55.58:957][970]LogBlueprintUserMessages: [PlayerOneChar_C_0] 0.0
[2018.04.05-12.55.58:965][971]LogBlueprintUserMessages: [PlayerOneChar_C_0] 0.0
[2018.04.05-12.55.58:974][972]LogBlueprintUserMessages: [PlayerOneChar_C_0] 0.0
[2018.04.05-12.55.58:982][973]LogBlueprintUserMessages: [PlayerOneChar_C_0] 0.0
[2018.04.05-12.55.58:990][974]LogBlueprintUserMessages: [PlayerOneChar_C_0] 0.0
[2018.04.05-12.55.58:999][975]LogBlueprintUserMessages: [PlayerOneChar_C_0] 0.0
[2018.04.05-12.55.59:007][976]LogBlueprintUserMessages: [PlayerOneChar_C_0] 0.0
[2018.04.05-12.55.59:016][977]LogBlueprintUserMessages: [PlayerOneChar_C_0] 0.0
[2018.04.05-12.55.59:024][978]LogBlueprintUserMessages: [PlayerOneChar_C_0] 0.0
[2018.04.05-12.55.59:032][979]LogBlueprintUserMessages: [PlayerOneChar_C_0] 0.0
[2018.04.05-12.55.59:041][980]LogBlueprintUserMessages: [PlayerOneChar_C_0] 0.0
[2018.04.05-12.55.59:049][981]LogBlueprintUserMessages: [PlayerOneChar_C_0] 0.0
[2018.04.05-12.55.59:057][982]LogBlueprintUserMessages: [PlayerOneChar_C_0] 0.0
[2018.04.05-12.55.59:066][983]LogBlueprintUserMessages: [PlayerOneChar_C_0] 0.0
[2018.04.05-12.55.59:074][984]LogBlueprintUserMessages: [PlayerOneChar_C_0] 0.0
[2018.04.05-12.55.59:082][985]LogBlueprintUserMessages: [PlayerOneChar_C_0] 0.0
[2018.04.05-12.55.59:090][986]LogBlueprintUserMessages: [PlayerOneChar_C_0] 0.0
[2018.04.05-12.55.59:099][987]LogBlueprintUserMessages: [PlayerOneChar_C_0] 0.0
[2018.04.05-12.55.59:107][988]LogBlueprintUserMessages: [PlayerOneChar_C_0] 0.0
[2018.04.05-12.55.59:591][ 46]LogBlueprintUserMessages: Early EndPlayMap Detection: Level '/Game/Scenes/NewMap.NewMap:PersistentLevel' has LevelScriptBlueprint '/Game/Scenes/NewMap.NewMap:PersistentLevel.NewMap' with GeneratedClass '/Game/Scenes/NewMap.NewMap_C' with ClassGeneratedBy '/Game/Scenes/NewMap.NewMap:PersistentLevel.NewMap'
[2018.04.05-12.55.59:625][ 46]LogBlueprintUserMessages: Late EndPlayMap Detection: Level '/Game/Scenes/NewMap.NewMap:PersistentLevel' has LevelScriptBlueprint '/Game/Scenes/NewMap.NewMap:PersistentLevel.NewMap' with GeneratedClass '/Game/Scenes/NewMap.NewMap_C' with ClassGeneratedBy '/Game/Scenes/NewMap.NewMap:PersistentLevel.NewMap'
[2018.04.05-12.56.06:610][591]LeapPluginLog: InterfaceObject: PlayerOneChar_C_0
[2018.04.05-12.56.08:219][661]LogContentBrowser: Native class hierarchy updated for 'BlueprintGraph' in 0.0010 seconds. Added 113 classes and 0 folders.
[2018.04.05-12.56.08:837][661]LogSlate: Took 0.000110 seconds to synchronously load lazily loaded font '../../../Engine/Content/Slate/Fonts/Roboto-Regular.ttf' (155K)
[2018.04.05-12.56.08:893][661]LeapPluginLog: InterfaceObject: PlayerOneChar_C_1
[2018.04.05-12.56.08:898][661]LogSlate: Took 0.000298 seconds to synchronously load lazily loaded font '../../../Engine/Content/Editor/Slate/Fonts/Roboto-BoldCondensed.ttf' (158K)
[2018.04.05-12.56.09:018][662]LogSlate: Took 0.000231 seconds to synchronously load lazily loaded font '../../../Engine/Content/Editor/Slate/Fonts/Roboto-Italic.ttf' (157K)
[2018.04.05-12.56.51:456][338]BlueprintLog: New page: Compile PlayerOneChar
[2018.04.05-12.56.51:510][338]LeapPluginLog: InterfaceObject: PlayerOneChar_C_1
[2018.04.05-12.56.51:586][338]LeapPluginLog: InterfaceObject: PlayerOneChar_C_1
[2018.04.05-12.56.51:782][338]LeapPluginLog: InterfaceObject: PlayerOneChar_C_1
[2018.04.05-12.56.51:782][338]LeapPluginLog: InterfaceObject: PlayerOneChar_C_1
[2018.04.05-12.56.51:783][338]LeapPluginLog: InterfaceObject: PlayerOneChar_C_1
[2018.04.05-12.56.51:783][338]LeapPluginLog: InterfaceObject: PlayerOneChar_C_1
[2018.04.05-12.56.54:337][594]LogTemp: Repeating last play command: Selected Viewport
[2018.04.05-12.56.54:371][594]LogBlueprintUserMessages: Early PlayInEditor Detection: Level '/Game/Scenes/NewMap.NewMap:PersistentLevel' has LevelScriptBlueprint '/Game/Scenes/NewMap.NewMap:PersistentLevel.NewMap' with GeneratedClass '/Game/Scenes/NewMap.NewMap_C' with ClassGeneratedBy '/Game/Scenes/NewMap.NewMap:PersistentLevel.NewMap'
[2018.04.05-12.56.54:371][594]LogPlayLevel: PlayLevel: No blueprints needed recompiling
[2018.04.05-12.56.54:371][594]PIE: New page: PIE session: NewMap (5 Apr 2018 14:56:54)
[2018.04.05-12.56.54:371][594]LogPlayLevel: Creating play world package: /Game/Scenes/UEDPIE_0_NewMap
[2018.04.05-12.56.54:373][594]LogPlayLevel: PIE: StaticDuplicateObject took: (0.001812s)
[2018.04.05-12.56.54:373][594]LogAIModule: Creating AISystem for world NewMap
[2018.04.05-12.56.54:374][594]LogPlayLevel: PIE: World Init took: (0.000565s)
[2018.04.05-12.56.54:374][594]LogPlayLevel: PIE: Created PIE world by copying editor world from /Game/Scenes/NewMap.NewMap to /Game/Scenes/UEDPIE_0_NewMap.NewMap (0.002623s)
[2018.04.05-12.56.54:448][594]LogInit: XAudio2 using 'BenQ GW2270-0 (NVIDIA High Definition Audio)' : 2 channels at 48 kHz using 16 bits per sample (channel mask 0x3)
[2018.04.05-12.56.54:454][594]LogInit: FAudioDevice initialized.
[2018.04.05-12.56.54:484][594]LogLoad: Game class is 'LockandKey_C'
[2018.04.05-12.56.54:484][594]LeapPluginLog: InterfaceObject: LockandKey_C_0
[2018.04.05-12.56.54:486][594]LogWorld: Bringing World /Game/Scenes/UEDPIE_0_NewMap.NewMap up for play (max tick rate 0) at 2018.04.05-13.56.54
[2018.04.05-12.56.54:486][594]LogWorld: Bringing up level for play took: 0.001072
[2018.04.05-12.56.54:487][594]PIE: Play in editor start time for /Game/Scenes/UEDPIE_0_NewMap -0.262
[2018.04.05-12.56.54:487][594]LogBlueprintUserMessages: Late PlayInEditor Detection: Level '/Game/Scenes/NewMap.NewMap:PersistentLevel' has LevelScriptBlueprint '/Game/Scenes/NewMap.NewMap:PersistentLevel.NewMap' with GeneratedClass '/Game/Scenes/NewMap.NewMap_C' with ClassGeneratedBy '/Game/Scenes/NewMap.NewMap:PersistentLevel.NewMap'
[2018.04.05-12.56.55:294][690]LogBlueprintUserMessages: [LockandKey_C_0] Player One Detected
[2018.04.05-12.56.55:294][690]LeapPluginLog: InterfaceObject: PlayerOneChar_C_0
[2018.04.05-12.56.55:783][690]LogWindows: Error: === Critical error: ===
[2018.04.05-12.56.55:783][690]LogWindows: Error: 
[2018.04.05-12.56.55:783][690]LogWindows: Error: Fatal error!
[2018.04.05-12.56.55:783][690]LogWindows: Error: 
[2018.04.05-12.56.55:783][690]LogWindows: Error: Unhandled Exception: EXCEPTION_ACCESS_VIOLATION reading address 0x00000040
[2018.04.05-12.56.55:783][690]LogWindows: Error: 
[2018.04.05-12.56.55:783][690]LogWindows: Error: UE4Editor-LeapMotion.dll!0x00000000ABC7034B
[2018.04.05-12.56.55:783][690]LogWindows: Error: UE4Editor-LeapMotion.dll!0x00000000ABC797AA
[2018.04.05-12.56.55:783][690]LogWindows: Error: UE4Editor-CoreUObject.dll!0x00000000CA50EF44
[2018.04.05-12.56.55:783][690]LogWindows: Error: UE4Editor-CoreUObject.dll!0x00000000CA6CDF94
[2018.04.05-12.56.55:783][690]LogWindows: Error: UE4Editor-CoreUObject.dll!0x00000000CA6E32F1
[2018.04.05-12.56.55:783][690]LogWindows: Error: UE4Editor-CoreUObject.dll!0x00000000CA70CAF0
[2018.04.05-12.56.55:783][690]LogWindows: Error: UE4Editor-CoreUObject.dll!0x00000000CA6E54D2
[2018.04.05-12.56.55:783][690]LogWindows: Error: UE4Editor-CoreUObject.dll!0x00000000CA6CE99E
[2018.04.05-12.56.55:783][690]LogWindows: Error: UE4Editor-CoreUObject.dll!0x00000000CA6E54D2
[2018.04.05-12.56.55:783][690]LogWindows: Error: UE4Editor-CoreUObject.dll!0x00000000CA50EF44
[2018.04.05-12.56.55:783][690]LogWindows: Error: UE4Editor-CoreUObject.dll!0x00000000CA6E4865
[2018.04.05-12.56.55:783][690]LogWindows: Error: UE4Editor-Engine.dll!0x00000000B4C5B217
[2018.04.05-12.56.55:783][690]LogWindows: Error: UE4Editor-LeapMotion.dll!0x00000000ABC7FA57
[2018.04.05-12.56.55:783][690]LogWindows: Error: UE4Editor-LeapMotion.dll!0x00000000ABC6E346
[2018.04.05-12.56.55:783][690]LogWindows: Error: UE4Editor-Engine.dll!0x00000000B50192E4
[2018.04.05-12.56.55:783][690]LogWindows: Error: UE4Editor-Engine.dll!0x00000000B504E9B5
[2018.04.05-12.56.55:783][690]LogWindows: Error: UE4Editor-Engine.dll!0x00000000B5C5AB9B
[2018.04.05-12.56.55:783][690]LogWindows: Error: UE4Editor-Engine.dll!0x00000000B5C6163B
[2018.04.05-12.56.55:783][690]LogWindows: Error: UE4Editor-Core.dll!0x00000000B80D24F5
[2018.04.05-12.56.55:783][690]LogWindows: Error: UE4Editor-Core.dll!0x00000000B80D27F0
[2018.04.05-12.56.55:783][690]LogWindows: Error: UE4Editor-Engine.dll!0x00000000B5C7DAC3
[2018.04.05-12.56.55:783][690]LogWindows: Error: UE4Editor-Engine.dll!0x00000000B5C832B2
[2018.04.05-12.56.55:783][690]LogWindows: Error: UE4Editor-Engine.dll!0x00000000B55821D4
[2018.04.05-12.56.55:783][690]LogWindows: Error: UE4Editor-Engine.dll!0x00000000B558B356
[2018.04.05-12.56.55:783][690]LogWindows: Error: UE4Editor-UnrealEd.dll!0x00000000B366C942
[2018.04.05-12.56.55:783][690]LogWindows: Error: UE4Editor-UnrealEd.dll!0x00000000B3EFCEE6
[2018.04.05-12.56.55:783][690]LogWindows: Error: UE4Editor.exe!0x000000000B8A534A
[2018.04.05-12.56.55:783][690]LogWindows: Error: UE4Editor.exe!0x000000000B8B3970
[2018.04.05-12.56.55:783][690]LogWindows: Error: UE4Editor.exe!0x000000000B8B39EA
[2018.04.05-12.56.55:783][690]LogWindows: Error: UE4Editor.exe!0x000000000B8C02D9
[2018.04.05-12.56.55:783][690]LogWindows: Error: UE4Editor.exe!0x000000000B8C1C47
[2018.04.05-12.56.55:783][690]LogWindows: Error: KERNEL32.DLL!0x0000000003B61FE4
[2018.04.05-12.56.55:783][690]LogWindows: Error: ntdll.dll!0x00000000041CEFC1
[2018.04.05-12.56.55:783][690]LogWindows: Error: ntdll.dll!0x00000000041CEFC1
[2018.04.05-12.56.55:783][690]LogWindows: Error: 
[2018.04.05-12.56.55:794][690]LogExit: Executing StaticShutdownAfterError
[2018.04.05-12.56.55:797][690]LogWindows: FPlatformMisc::RequestExit(1)
[2018.04.05-12.56.55:797][690]Log file closed, 04/05/18 13:56:55
