Log file open, 01/30/18 19:46:37
LogWindows: LoadLibraryWithSearchPaths failed for file aqProf.dll. GetLastError=0
LogWindows: LoadLibraryWithSearchPaths failed for file VSPerf140.dll. GetLastError=0
LogWindows: LoadLibraryWithSearchPaths failed for file VtuneApi.dll. GetLastError=0
LogWindows: LoadLibraryWithSearchPaths failed for file VtuneApi32e.dll. GetLastError=0
LogInit: Display: Running engine for game: Leap_motion_demo
LogPlatformFile: Not using cached read wrapper
LogInit: Display: RandInit(-998155332) SRandInit(-998155332).
LogTaskGraph: Started task graph with 5 named threads and 14 total threads with 3 sets of task threads.
LogStats: Stats thread started at 0.167227
LogD3D11RHI: Aftermath initialized
LogPluginManager: Mounting plugin Paper2D
LogPluginManager: Mounting plugin LightPropagationVolume
LogPluginManager: Mounting plugin CodeLiteSourceCodeAccess
LogPluginManager: Mounting plugin GitSourceControl
LogPluginManager: Mounting plugin KDevelopSourceCodeAccess
LogPluginManager: Mounting plugin NullSourceCodeAccess
LogPluginManager: Mounting plugin PerforceSourceControl
LogPluginManager: Mounting plugin SubversionSourceControl
LogPluginManager: Mounting plugin UObjectPlugin
LogPluginManager: Mounting plugin VisualStudioSourceCodeAccess
LogPluginManager: Mounting plugin XCodeSourceCodeAccess
LogPluginManager: Mounting plugin AssetManagerEditor
LogPluginManager: Mounting plugin AudioCapture
LogPluginManager: Mounting plugin FacialAnimation
LogPluginManager: Mounting plugin GameplayTagsEditor
LogPluginManager: Mounting plugin MobileLauncherProfileWizard
LogPluginManager: Mounting plugin PluginBrowser
LogPluginManager: Mounting plugin SpeedTreeImporter
LogPluginManager: Mounting plugin AlembicImporter
LogPluginManager: Mounting plugin CharacterAI
LogPluginManager: Mounting plugin HTML5Networking
LogPluginManager: Mounting plugin AndroidMedia
LogPluginManager: Mounting plugin AvfMedia
LogPluginManager: Mounting plugin MediaPlayerEditor
LogPluginManager: Mounting plugin WmfMedia
LogPluginManager: Mounting plugin TcpMessaging
LogPluginManager: Mounting plugin UdpMessaging
LogPluginManager: Mounting plugin LevelSequenceEditor
LogPluginManager: Mounting plugin MatineeToLevelSequence
LogPluginManager: Mounting plugin OnlineSubsystemGooglePlay
LogPluginManager: Mounting plugin OnlineSubsystemIOS
LogPluginManager: Mounting plugin OnlineSubsystem
LogPluginManager: Mounting plugin OnlineSubsystemNull
LogPluginManager: Mounting plugin OnlineSubsystemUtils
LogPluginManager: Mounting plugin AndroidDeviceProfileSelector
LogPluginManager: Mounting plugin AndroidMoviePlayer
LogPluginManager: Mounting plugin AndroidPermission
LogPluginManager: Mounting plugin AppleMoviePlayer
LogPluginManager: Mounting plugin ArchVisCharacter
LogPluginManager: Mounting plugin CableComponent
LogPluginManager: Mounting plugin CustomMeshComponent
LogPluginManager: Mounting plugin ExampleDeviceProfileSelector
LogPluginManager: Mounting plugin GoogleCloudMessaging
LogPluginManager: Mounting plugin ImmediatePhysics
LogPluginManager: Mounting plugin IOSDeviceProfileSelector
LogPluginManager: Mounting plugin LeapMotion
LogPluginManager: Mounting plugin LinuxDeviceProfileSelector
LogPluginManager: Mounting plugin LocationServicesBPLibrary
LogPluginManager: Mounting plugin MobilePatchingUtils
LogPluginManager: Mounting plugin OculusVR
LogPluginManager: Mounting plugin PhysXVehicles
LogPluginManager: Mounting plugin ProceduralMeshComponent
LogPluginManager: Mounting plugin RuntimePhysXCooking
LogPluginManager: Mounting plugin SteamVR
LogPluginManager: Mounting plugin WindowsMoviePlayer
LogInit: Using libcurl 7.47.1
LogInit:  - built for x86_64-pc-win32
LogInit:  - supports SSL with OpenSSL/1.0.2g
LogInit:  - supports HTTP deflate (compression) using libz 1.2.8
LogInit:  - other features:
LogInit:      CURL_VERSION_SSL
LogInit:      CURL_VERSION_LIBZ
LogInit:      CURL_VERSION_IPV6
LogInit:      CURL_VERSION_ASYNCHDNS
LogInit:      CURL_VERSION_LARGEFILE
LogInit:      CURL_VERSION_IDN
LogInit:  CurlRequestOptions (configurable via config and command line):
LogInit:  - bVerifyPeer = false  - Libcurl will NOT verify peer certificate
LogInit:  - bUseHttpProxy = false  - Libcurl will NOT use HTTP proxy
LogInit:  - bDontReuseConnections = false  - Libcurl will reuse connections
LogInit:  - CertBundlePath = nullptr  - Libcurl will use whatever was configured at build time.
LeapPluginLog: Using LeapPlugin version 2.0.0
LogInit: Build: ++UE4+Release-4.17-CL-3586342
LogInit: Engine Version: 4.17.1-3586342+++UE4+Release-4.17
LogInit: Compatible Engine Version: 4.17.0-3573198+++UE4+Release-4.17
LogInit: Net CL: 3573198
LogDevObjectVersion: Number of dev versions registered: 16
LogDevObjectVersion:   Dev-Blueprints (B0D832E4-1F89-4F0D-ACCF-7EB736FD4AA2): 10
LogDevObjectVersion:   Dev-Build (E1C64328-A22C-4D53-A36C-8E866417BD8C): 0
LogDevObjectVersion:   Dev-Core (375EC13C-06E4-48FB-B500-84F0262A717E): 2
LogDevObjectVersion:   Dev-Editor (E4B068ED-F494-42E9-A231-DA0B2E46BB41): 20
LogDevObjectVersion:   Dev-Framework (CFFC743F-43B0-4480-9391-14DF171D2073): 28
LogDevObjectVersion:   Dev-Mobile (B02B49B5-BB20-44E9-A304-32B752E40360): 0
LogDevObjectVersion:   Dev-Networking (A4E4105C-59A1-49B5-A7C5-40C4547EDFEE): 0
LogDevObjectVersion:   Dev-Online (39C831C9-5AE6-47DC-9A44-9C173E1C8E7C): 0
LogDevObjectVersion:   Dev-Physics (78F01B33-EBEA-4F98-B9B4-84EACCB95AA2): 0
LogDevObjectVersion:   Dev-Platform (6631380F-2D4D-43E0-8009-CF276956A95A): 0
LogDevObjectVersion:   Dev-Rendering (12F88B9F-8875-4AFC-A67C-D90C383ABD29): 19
LogDevObjectVersion:   Dev-Sequencer (7B5AE74C-D270-4C10-A958-57980B212A5A): 4
LogDevObjectVersion:   Dev-VR (D7296918-1DD6-4BDD-9DE2-64A83CC13884): 0
LogDevObjectVersion:   Dev-LoadTimes (C2A15278-BFE7-4AFE-6C17-90FF531DF755): 1
LogDevObjectVersion:   Private-Geometry (6EACA3D4-40EC-4CC1-B786-8BED09428FC5): 1
LogDevObjectVersion:   Dev-AnimPhys (29E575DD-E0A3-4627-9D10-D276232CDCEA): 7
LogInit: Compiled (64-bit): Aug 15 2017 02:05:26
LogInit: Compiled with Visual C++: 19.00.24215.01
LogInit: Build Configuration: Development
LogInit: Branch Name: ++UE4+Release-4.17
LogInit: Command line: -EpicPortal 
LogInit: Base directory: C:/Program Files/Epic Games/UE_4.17/Engine/Binaries/Win64/
LogInit: Installed Engine Build: 1
LogInit: Presizing for max 8388607 objects, including 0 objects not considered by GC, pre-allocating 0 bytes for permanent pool.
LogInit: Object subsystem initialized
[2018.01.30-19.46.38:268][  0]LogInit: Selected Device Profile: [Windows]
[2018.01.30-19.46.38:268][  0]LogInit: Applying CVar settings loaded from the selected device profile: [Windows]
[2018.01.30-19.46.38:278][  0]LogInit: Computer: DESKTOP-P0KGN8E
[2018.01.30-19.46.38:278][  0]LogInit: User: OchukoStudios
[2018.01.30-19.46.38:278][  0]LogInit: CPU Page size=4096, Cores=4
[2018.01.30-19.46.38:278][  0]LogInit: High frequency timer resolution =3.515626 MHz
[2018.01.30-19.46.38:278][  0]LogMemory: Memory total: Physical=15.9GB (16GB approx)
[2018.01.30-19.46.38:278][  0]LogMemory: Platform Memory Stats for Windows
[2018.01.30-19.46.38:278][  0]LogMemory: Process Physical Memory: 282.11 MB used, 282.11 MB peak
[2018.01.30-19.46.38:278][  0]LogMemory: Process Virtual Memory: 275.37 MB used, 275.37 MB peak
[2018.01.30-19.46.38:278][  0]LogMemory: Physical Memory: 6917.71 MB used,  9409.43 MB free, 16327.14 MB total
[2018.01.30-19.46.38:278][  0]LogMemory: Virtual Memory: 760.00 MB used,  9409.43 MB free, 134217728.00 MB total
[2018.01.30-19.46.38:419][  0]LogInit: Using OS detected language (en-GB).
[2018.01.30-19.46.38:419][  0]LogInit: Using OS detected locale (en-GB).
[2018.01.30-19.46.38:422][  0]LogTextLocalizationManager: No specific localization for 'en-GB' exists, so the 'en' localization will be used.
[2018.01.30-19.46.39:028][  0]LogD3D11RHI: D3D11 adapters:
[2018.01.30-19.46.39:070][  0]LogD3D11RHI:    0. 'NVIDIA GeForce GTX 1060 6GB' (Feature Level 11_0)
[2018.01.30-19.46.39:070][  0]LogD3D11RHI:       6061/0/8163 MB DedicatedVideo/DedicatedSystem/SharedSystem, Outputs:2, VendorId:0x10de
[2018.01.30-19.46.39:072][  0]LogD3D11RHI:    1. 'Microsoft Basic Render Driver' (Feature Level 11_0)
[2018.01.30-19.46.39:072][  0]LogD3D11RHI:       0/0/8163 MB DedicatedVideo/DedicatedSystem/SharedSystem, Outputs:0, VendorId:0x1414
[2018.01.30-19.46.39:072][  0]LogD3D11RHI: Chosen D3D11 Adapter: 0
[2018.01.30-19.46.39:077][  0]LogD3D11RHI: Creating new Direct3DDevice
[2018.01.30-19.46.39:077][  0]LogD3D11RHI:     GPU DeviceId: 0x1c03 (for the marketing name, search the web for "GPU Device Id")
[2018.01.30-19.46.39:077][  0]LogWindows: EnumDisplayDevices:
[2018.01.30-19.46.39:077][  0]LogWindows:    0. 'NVIDIA GeForce GTX 1060 6GB' (P:0 D:1)
[2018.01.30-19.46.39:078][  0]LogWindows:    1. 'NVIDIA GeForce GTX 1060 6GB' (P:1 D:1)
[2018.01.30-19.46.39:078][  0]LogWindows:    2. 'NVIDIA GeForce GTX 1060 6GB' (P:0 D:0)
[2018.01.30-19.46.39:078][  0]LogWindows:    3. 'NVIDIA GeForce GTX 1060 6GB' (P:0 D:0)
[2018.01.30-19.46.39:078][  0]LogWindows: DebugString: GetVideoDriverDetailsInvalid PrimaryIsNotTheChoosenAdapter GetVideoDriverDetailsInvalid PrimaryIsNotTheChoosenAdapter GetVideoDriverDetailsInvalid PrimaryIsNotTheChoosenAdapter GetVideoDriverDetailsInvalid PrimaryIsNotTheChoosenAdapter FoundDriverCount:0 
[2018.01.30-19.46.39:078][  0]LogD3D11RHI:     Adapter Name: NVIDIA GeForce GTX 1060 6GB
[2018.01.30-19.46.39:078][  0]LogD3D11RHI:   Driver Version: Unknown (internal:Unknown, unified:Unknown)
[2018.01.30-19.46.39:078][  0]LogD3D11RHI:      Driver Date: Unknown
[2018.01.30-19.46.39:078][  0]LogRHI: Texture pool is 1361 MB (70% of 1945 MB)
[2018.01.30-19.46.39:101][  0]LogD3D11RHI: Async texture creation enabled
[2018.01.30-19.46.39:157][  0]LogD3D11RHI: GPU Timing Frequency: 1000.000000 (Debug: 2 1)
[2018.01.30-19.46.39:254][  0]LogShaderCompilers: Guid format shader working directory is -42 characters bigger than the processId version (../../../../../../Users/Ochuko Studios/Desktop/Final-Year-Project/Final-Artefact/Leap_motion_demo/Intermediate/Shaders/WorkingDirectory/6660/).
[2018.01.30-19.46.39:254][  0]LogShaderCompilers: Cleaned the shader compiler working directory 'C:/Users/Ochuko Studios/AppData/Local/Temp/UnrealShaderWorkingDir/571BB26C42044492290416839339A399/'.
[2018.01.30-19.46.39:254][  0]LogShaderCompilers: Display: Using Local Shader Compiler.
[2018.01.30-19.46.40:024][  0]LogTemp: Display: Loaded TP AllDesktopTargetPlatform
[2018.01.30-19.46.40:069][  0]LogTemp: Display: Loaded TP MacClientTargetPlatform
[2018.01.30-19.46.40:115][  0]LogTemp: Display: Loaded TP MacNoEditorTargetPlatform
[2018.01.30-19.46.40:159][  0]LogTemp: Display: Loaded TP MacServerTargetPlatform
[2018.01.30-19.46.40:203][  0]LogTemp: Display: Loaded TP MacTargetPlatform
[2018.01.30-19.46.40:246][  0]LogTemp: Display: Loaded TP WindowsClientTargetPlatform
[2018.01.30-19.46.40:293][  0]LogTemp: Display: Loaded TP WindowsNoEditorTargetPlatform
[2018.01.30-19.46.40:334][  0]LogTemp: Display: Loaded TP WindowsServerTargetPlatform
[2018.01.30-19.46.40:371][  0]LogTemp: Display: Loaded TP WindowsTargetPlatform
[2018.01.30-19.46.40:412][  0]LogTemp: Display: Loaded TP AndroidTargetPlatform
[2018.01.30-19.46.40:453][  0]LogTemp: Display: Loaded TP Android_ASTCTargetPlatform
[2018.01.30-19.46.40:495][  0]LogTemp: Display: Loaded TP Android_ATCTargetPlatform
[2018.01.30-19.46.40:536][  0]LogTemp: Display: Loaded TP Android_DXTTargetPlatform
[2018.01.30-19.46.40:586][  0]LogTemp: Display: Loaded TP Android_ETC1TargetPlatform
[2018.01.30-19.46.40:634][  0]LogTemp: Display: Loaded TP Android_ETC2TargetPlatform
[2018.01.30-19.46.40:725][  0]LogTemp: Display: Loaded TP Android_MultiTargetPlatform
[2018.01.30-19.46.40:725][  0]LogTemp: Display: Loaded TP Android_PVRTCTargetPlatform
[2018.01.30-19.46.40:757][  0]LogTemp: Display: Loaded TP HTML5TargetPlatform
[2018.01.30-19.46.40:838][  0]LogTemp: Display: Loaded TP IOSTargetPlatform
[2018.01.30-19.46.40:862][  0]LogTemp: Display: Loaded TP TVOSTargetPlatform
[2018.01.30-19.46.40:906][  0]LogTemp: Display: Loaded TP LinuxClientTargetPlatform
[2018.01.30-19.46.40:949][  0]LogTemp: Display: Loaded TP LinuxNoEditorTargetPlatform
[2018.01.30-19.46.40:994][  0]LogTemp: Display: Loaded TP LinuxServerTargetPlatform
[2018.01.30-19.46.41:035][  0]LogTemp: Display: Loaded TP LinuxTargetPlatform
[2018.01.30-19.46.41:035][  0]LogTargetPlatformManager: Display: Building Assets For Windows
[2018.01.30-19.46.41:442][  0]LogDerivedDataCache: Display: Max Cache Size: 512 MB
[2018.01.30-19.46.41:510][  0]LogDerivedDataCache: Loaded boot cache 0.07s 93MB C:/Users/Ochuko Studios/AppData/Local/UnrealEngine/4.17/DerivedDataCache/Boot.ddc.
[2018.01.30-19.46.41:510][  0]LogDerivedDataCache: Display: Loaded Boot cache: C:/Users/Ochuko Studios/AppData/Local/UnrealEngine/4.17/DerivedDataCache/Boot.ddc
[2018.01.30-19.46.41:510][  0]LogDerivedDataCache: FDerivedDataBackendGraph:  Pak pak cache file ../../../../../../Users/Ochuko Studios/Desktop/Final-Year-Project/Final-Artefact/Leap_motion_demo/DerivedDataCache/DDC.ddp not found, will not use a pak cache.
[2018.01.30-19.46.41:510][  0]LogDerivedDataCache: Unable to find inner node Pak for hierarchical cache Hierarchy.
[2018.01.30-19.46.41:510][  0]LogDerivedDataCache: FDerivedDataBackendGraph:  CompressedPak pak cache file ../../../../../../Users/Ochuko Studios/Desktop/Final-Year-Project/Final-Artefact/Leap_motion_demo/DerivedDataCache/Compressed.ddp not found, will not use a pak cache.
[2018.01.30-19.46.41:510][  0]LogDerivedDataCache: Unable to find inner node CompressedPak for hierarchical cache Hierarchy.
[2018.01.30-19.46.41:523][  0]LogDerivedDataCache: Display: Pak cache opened for reading ../../../Engine/DerivedDataCache/Compressed.ddp.
[2018.01.30-19.46.41:535][  0]LogDerivedDataCache: Using Local data cache path C:/Users/Ochuko Studios/AppData/Local/UnrealEngine/Common/DerivedDataCache: Writable
[2018.01.30-19.46.41:543][  0]LogMaterial: Verifying Global Shaders for PCD3D_SM5
[2018.01.30-19.46.41:543][  0]LogSlate: Using Freetype 2.6.0
[2018.01.30-19.46.41:544][  0]LogSlate: SlateFontCache - WITH_FREETYPE: 1, WITH_HARFBUZZ: 1
[2018.01.30-19.46.41:544][  0]LogSlate: SlateFontCache - WITH_FREETYPE: 1, WITH_HARFBUZZ: 1
[2018.01.30-19.46.41:774][  0]LogAssetRegistry: FAssetRegistry took 0.0252 seconds to start up
[2018.01.30-19.46.41:878][  0]LogInit: Selected Device Profile: [Windows]
[2018.01.30-19.46.42:194][  0]LogSimplygon: Simplygon DLL not present - disabling.
[2018.01.30-19.46.42:229][  0]LogMeshReduction: Using SimplygonSwarm for distributed automatic mesh merging
[2018.01.30-19.46.42:229][  0]LogMeshReduction: Using QuadricMeshReduction for automatic static mesh reduction
[2018.01.30-19.46.42:229][  0]LogMeshReduction: No automatic skeletal mesh reduction module available
[2018.01.30-19.46.42:229][  0]LogMeshReduction: No automatic mesh merging module available
[2018.01.30-19.46.42:229][  0]LogMeshMerging: No automatic mesh merging module available
[2018.01.30-19.46.42:240][  0]LogContentStreaming: Texture pool size is 0.00 MB
[2018.01.30-19.46.42:643][  0]LogNetVersion: Leap_motion_demo , NetCL: 3573198, EngineNetVer: 2, GameNetVer: 0 (Checksum: 3754505209)
[2018.01.30-19.46.42:874][  0]LogPackageLocalizationCache: Processed 6 localized package path(s) for 2 prioritized culture(s) in 0.061760 seconds
[2018.01.30-19.46.42:881][  0]LogUObjectArray: 36510 objects as part of root set at end of initial load.
[2018.01.30-19.46.42:881][  0]LogUObjectAllocator: 7648152 out of 0 bytes used by permanent object pool.
[2018.01.30-19.46.42:881][  0]LogUObjectArray: CloseDisregardForGC: 0/0 objects in disregard for GC pool
[2018.01.30-19.46.42:938][  0]LogInit: WinSock: version 1.1 (2.2), MaxSocks=32767, MaxUdp=65467
[2018.01.30-19.46.45:270][  0]LogTcpMessaging: Initializing TcpMessaging bridge
[2018.01.30-19.46.45:306][  0]LogUdpMessaging: Initializing bridge on interface 0.0.0.0:0 to multicast group 230.0.0.1:6666.
[2018.01.30-19.46.45:881][  0]LogMaterial: Uniform references updated for custom material expression Custom.
[2018.01.30-19.46.46:240][  0]SourceControl: Source control is disabled
[2018.01.30-19.46.46:240][  0]SourceControl: Source control is disabled
[2018.01.30-19.46.46:282][  0]SourceControl: Source control is disabled
[2018.01.30-19.46.46:326][  0]SourceControl: Source control is disabled
[2018.01.30-19.46.46:854][  0]LogAndroidPermission: UAndroidPermissionCallbackProxy::GetInstance
[2018.01.30-19.46.47:072][  0]LogOcInput: OculusInput pre-init called
[2018.01.30-19.46.47:312][  0]LogEngine: Initializing Engine...
[2018.01.30-19.46.47:314][  0]LogHMD: Failed to initialize OpenVR with code 110
[2018.01.30-19.46.47:512][  0]LogStats: UGameplayTagsManager::ConstructGameplayTagTree: Construct from data asset -  0.000 s
[2018.01.30-19.46.47:512][  0]LogStats: UGameplayTagsManager::ConstructGameplayTagTree: GameplayTagTreeChangedEvent.Broadcast -  0.000 s
[2018.01.30-19.46.47:638][  0]LogAIModule: Creating AISystem for world Untitled
[2018.01.30-19.46.47:649][  0]LogInit: XAudio2 using 'BenQ GW2270-4 (NVIDIA High Definition Audio)' : 2 channels at 48 kHz using 16 bits per sample (channel mask 0x3)
[2018.01.30-19.46.47:669][  0]LogInit: FAudioDevice initialized.
[2018.01.30-19.46.47:749][  0]LogDerivedDataCache: Saved boot cache 0.08s 93MB C:/Users/Ochuko Studios/AppData/Local/UnrealEngine/4.17/DerivedDataCache/Boot.ddc.
[2018.01.30-19.46.47:758][  0]LogInit: Texture streaming: Enabled
[2018.01.30-19.46.47:863][  0]LogEngineSessionManager: EngineSessionManager initialized
[2018.01.30-19.46.48:057][  0]LogInit: Transaction tracking system initialized
[2018.01.30-19.46.48:318][  0]BlueprintLog: New page: Editor Load
[2018.01.30-19.46.49:092][  0]LocalizationService: Localization service is disabled
[2018.01.30-19.46.49:696][  0]LogConsoleResponse: Display: 
[2018.01.30-19.46.49:860][  0]LogFileCache: Scanning file cache for directory 'C:/Users/Ochuko Studios/Desktop/Final-Year-Project/Final-Artefact/Leap_motion_demo/Content/' took 0.01s
[2018.01.30-19.46.49:860][  0]LogCook: Display: Max memory allowance for cook 16384mb min free memory 0mb
[2018.01.30-19.46.49:861][  0]LogCook: Display: Mobile HDR setting 1
[2018.01.30-19.46.49:861][  0]LogGameplayTags: Display: UGameplayTagsManager::DoneAddingNativeTags. DelegateIsBound: 0
[2018.01.30-19.46.50:754][  0]SourceControl: Source control is disabled
[2018.01.30-19.46.50:754][  0]Cmd: MAP LOAD FILE="../../../Engine/Content/Maps/Templates/Template_Default.umap" TEMPLATE=1 SHOWPROGRESS=1 FEATURELEVEL=3
[2018.01.30-19.46.50:754][  0]LightingResults: New page: Lighting Build
[2018.01.30-19.46.50:789][  0]MapCheck: New page: Map Check
[2018.01.30-19.46.50:789][  0]LightingResults: New page: Lighting Build
[2018.01.30-19.46.50:939][  0]LogAIModule: Creating AISystem for world Untitled_1
[2018.01.30-19.46.50:943][  0]LogEditorServer: Finished looking for orphan Actors (0.000 secs)
[2018.01.30-19.46.50:953][  0]Cmd: MAP CHECKDEP NOCLEARLOG
[2018.01.30-19.46.50:993][  0]MapCheck: Map check complete: 0 Error(s), 0 Warning(s), took 40.227ms to complete.
[2018.01.30-19.46.50:993][  0]LogFileHelpers: Loading map 'Template_Default' took 0.240
[2018.01.30-19.46.51:178][  0]LogCollectionManager: Loaded 0 collections in 0.001360 seconds
[2018.01.30-19.46.51:268][  0]LogFileCache: Scanning file cache for directory 'C:/Users/Ochuko Studios/Desktop/Final-Year-Project/Final-Artefact/Leap_motion_demo/Saved/Collections/' took 0.01s
[2018.01.30-19.46.51:268][  0]LogFileCache: Scanning file cache for directory 'C:/Users/Ochuko Studios/Desktop/Final-Year-Project/Final-Artefact/Leap_motion_demo/Content/Developers/OchukoStudios/Collections/' took 0.01s
[2018.01.30-19.46.51:268][  0]LogFileCache: Scanning file cache for directory 'C:/Users/Ochuko Studios/Desktop/Final-Year-Project/Final-Artefact/Leap_motion_demo/Content/Collections/' took 0.01s
[2018.01.30-19.46.51:268][  0]LogCollectionManager: Rebuilt the GUID cache for 0 collections in 0.000000 seconds
[2018.01.30-19.46.51:277][  0]LogContentBrowser: Native class hierarchy populated in 0.0077 seconds. Added 2413 classes and 504 folders.
[2018.01.30-19.46.51:339][  0]LogContentBrowser: Native class hierarchy updated for 'WidgetCarousel' in 0.0008 seconds. Added 0 classes and 0 folders.
[2018.01.30-19.46.51:642][  0]LogContentBrowser: Native class hierarchy updated for 'AddContentDialog' in 0.0005 seconds. Added 0 classes and 0 folders.
[2018.01.30-19.46.51:690][  0]LogContentBrowser: Native class hierarchy updated for 'SceneOutliner' in 0.0006 seconds. Added 1 classes and 2 folders.
[2018.01.30-19.46.51:747][  0]LogSlate: Took 0.000167 seconds to synchronously load lazily loaded font '../../../Engine/Content/Slate/Fonts/Roboto-Regular.ttf' (155K)
[2018.01.30-19.46.51:750][  0]LogSlate: Took 0.000185 seconds to synchronously load lazily loaded font '../../../Engine/Content/Slate/Fonts/Roboto-Bold.ttf' (160K)
[2018.01.30-19.46.51:761][  0]LogSlate: Took 0.004188 seconds to synchronously load lazily loaded font '../../../Engine/Content/Editor/Slate/Fonts/FontAwesome.ttf' (139K)
[2018.01.30-19.46.51:885][  0]LogRenderer: Reallocating scene render targets to support 1208x576 Format 10 NumSamples 1 (Frame:1).
[2018.01.30-19.46.52:132][  0]LogContentBrowser: Native class hierarchy updated for 'HierarchicalLODOutliner' in 0.0007 seconds. Added 1 classes and 2 folders.
[2018.01.30-19.46.52:133][  0]LogLoad: (Engine Initialization) Total time: 15.48 seconds
[2018.01.30-19.46.52:133][  0]LogLoad: (Engine Initialization) Total Blueprint compile time: 0.00 seconds
[2018.01.30-19.46.52:133][  0]LogExternalProfiler: No external profilers were discovered.  External profiling features will not be available.
[2018.01.30-19.46.52:144][  0]LogWindowsTextInputMethodSystem: Display: IME system now deactivated.
[2018.01.30-19.46.52:163][  0]LogContentStreaming: Texture pool size now 1000 MB
[2018.01.30-19.46.52:214][  0]LogSlate: Took 0.004624 seconds to synchronously load lazily loaded font '../../../Engine/Content/Slate/Fonts/Roboto-Light.ttf' (159K)
[2018.01.30-19.46.52:236][  1]LogAssetRegistry: Asset discovery search completed in 10.4843 seconds
[2018.01.30-19.46.52:238][  1]LogCollectionManager: Rebuilt the object cache for 0 collections in 0.000001 seconds (found 0 objects)
[2018.01.30-19.46.52:238][  1]LogCollectionManager: Fixed up redirectors for 0 collections in 0.000053 seconds (updated 0 objects)
[2018.01.30-19.46.53:161][ 98]LogSlate: Took 0.000264 seconds to synchronously load lazily loaded font '../../../Engine/Content/Slate/Fonts/Roboto-Light.ttf' (159K)
[2018.01.30-19.47.00:927][638]LogBlueprint: Warning: [Compiler LeapBasicRiggedCharacter] InputAction Event references unknown Action 'ResetHMDOrientation' for  InputAction ResetHMDOrientation
[2018.01.30-19.47.00:927][638]LogBlueprint: Warning: [Compiler LeapBasicRiggedCharacter] Input Axis Event references unknown Axis 'MoveForward' for  InputAxis MoveForward
[2018.01.30-19.47.00:927][638]LogBlueprint: Warning: [Compiler LeapBasicRiggedCharacter] InputAction Event references unknown Action 'ComfortTurnRight' for  InputAction ComfortTurnRight
[2018.01.30-19.47.00:927][638]LogBlueprint: Warning: [Compiler LeapBasicRiggedCharacter] InputAction Event references unknown Action 'ComfortTurnLeft' for  InputAction ComfortTurnLeft
[2018.01.30-19.47.00:927][638]LogBlueprint: Warning: [Compiler LeapBasicRiggedCharacter] InputAction Event references unknown Action 'Jump' for  InputAction Jump
[2018.01.30-19.47.00:927][638]LogBlueprint: Warning: [Compiler LeapBasicRiggedCharacter] Input Axis Event references unknown Axis 'LookUpRate' for  InputAxis LookUpRate
[2018.01.30-19.47.00:927][638]LogBlueprint: Warning: [Compiler LeapBasicRiggedCharacter] Input Axis Event references unknown Axis 'TurnRate' for  InputAxis TurnRate
[2018.01.30-19.47.00:928][638]LogBlueprint: Warning: [Compiler LeapBasicRiggedCharacter] Input Axis Event references unknown Axis 'Turn' for  InputAxis Turn
[2018.01.30-19.47.00:928][638]LogBlueprint: Warning: [Compiler LeapBasicRiggedCharacter] Input Axis Event references unknown Axis 'LookUp' for  InputAxis LookUp
[2018.01.30-19.47.00:928][638]LogBlueprint: Warning: [Compiler LeapBasicRiggedCharacter] Input Axis Event references unknown Axis 'MoveRight' for  InputAxis MoveRight
[2018.01.30-19.47.00:933][638]LogBlueprint: Warning: [Compiler LeapBasicRiggedCharacter] [0024.28] Compile of LeapBasicRiggedCharacter successful, but with 10 Warning(s) [in 12 ms] (/LeapMotion/Blueprints/Rigging/LeapBasicRiggedCharacter.LeapBasicRiggedCharacter)
[2018.01.30-19.47.00:953][638]LogTexture: Display: Building textures: Icon128 (AutoDXT, 128X128)
[2018.01.30-19.47.00:953][638]LogAnimationCompression: Building Anim DDC data for AnimSequence /LeapMotion/Character/Basic/Jump_Loop.Jump_Loop
[2018.01.30-19.47.01:074][638]LogAnimationCompression: Building Anim DDC data for AnimSequence /LeapMotion/Character/Basic/Idle.Idle
[2018.01.30-19.47.01:182][638]LogAnimationCompression: Building Anim DDC data for AnimSequence /LeapMotion/Character/Basic/Run.Run
[2018.01.30-19.47.01:226][638]LogAnimationCompression: Building Anim DDC data for AnimSequence /LeapMotion/Character/Basic/Jump_End.Jump_End
[2018.01.30-19.47.01:239][638]LogAnimationCompression: Building Anim DDC data for AnimSequence /LeapMotion/Character/Basic/Walk.Walk
[2018.01.30-19.47.01:298][638]LogAnimationCompression: Building Anim DDC data for AnimSequence /LeapMotion/Character/Basic/Jump_Start.Jump_Start
[2018.01.30-19.47.01:363][638]LogSlate: Took 0.000188 seconds to synchronously load lazily loaded font '../../../Engine/Content/Slate/Fonts/Roboto-Light.ttf' (159K)
[2018.01.30-19.47.01:705][638]LogContentBrowser: Native class hierarchy updated for 'BlueprintGraph' in 0.0012 seconds. Added 113 classes and 0 folders.
[2018.01.30-19.47.31:661][174]LogTemp: Executing iPhonePackager certificates Engine -bundlename com.YourCompany.Leapmotiondemo
[2018.01.30-19.47.31:661][174]LogTemp: CWD: C:\Program Files\Epic Games\UE_4.17\Engine\Binaries\DotNET\IOS
[2018.01.30-19.47.31:661][174]LogTemp: Initial Dir: C:\Program Files\Epic Games\UE_4.17
[2018.01.30-19.47.31:661][174]LogTemp: Env CWD: C:\Program Files\Epic Games\UE_4.17\Engine\Binaries\DotNET\IOS
[2018.01.30-19.47.31:661][174]LogTemp: BranchPath = DESKTOP-P0KGN8E/C/Program Files/Epic Games/UE_4.17/Engine/Binaries --- GameBranchPath = DESKTOP-P0KGN8E/C/Program Files/Epic Games/UE_4.17/Engine/Binaries
[2018.01.30-19.47.31:694][175]LogTemp: IPP ERROR: Could not find provision directory 'C:\Users\Ochuko Studios\AppData\Local/Apple Computer/MobileDevice/Provisioning Profiles/'.
[2018.01.30-20.45.15:265][531]LogHttp: Warning: 000001D6802E7400: request failed, libcurl error: 35 (SSL connect error)
[2018.01.30-20.45.15:265][531]LogHttp: Warning: 000001D6802E7400: libcurl info message cache 0 (Connection 21 seems to be dead!)
[2018.01.30-20.45.15:265][531]LogHttp: Warning: 000001D6802E7400: libcurl info message cache 1 (Closing connection 21)
[2018.01.30-20.45.15:265][531]LogHttp: Warning: 000001D6802E7400: libcurl info message cache 2 (TLSv1.2 (OUT), TLS alert, Client hello (1):)
[2018.01.30-20.45.15:265][531]LogHttp: Warning: 000001D6802E7400: libcurl info message cache 3 (  Trying 52.200.35.220...)
[2018.01.30-20.45.15:265][531]LogHttp: Warning: 000001D6802E7400: libcurl info message cache 4 (Connected to datarouter.ol.epicgames.com (52.200.35.220) port 443 (#22))
[2018.01.30-20.45.15:265][531]LogHttp: Warning: 000001D6802E7400: libcurl info message cache 5 (ALPN, offering http/1.1)
[2018.01.30-20.45.15:265][531]LogHttp: Warning: 000001D6802E7400: libcurl info message cache 6 (Cipher selection: ALL:!EXPORT:!EXPORT40:!EXPORT56:!aNULL:!LOW:!RC4:@STRENGTH)
[2018.01.30-20.45.15:265][531]LogHttp: Warning: 000001D6802E7400: libcurl info message cache 7 (SSL re-using session ID)
[2018.01.30-20.45.15:265][531]LogHttp: Warning: 000001D6802E7400: libcurl info message cache 8 (TLSv1.2 (OUT), TLS handshake, Client hello (1):)
[2018.01.30-20.45.15:265][531]LogHttp: Warning: 000001D6802E7400: libcurl info message cache 9 (Unknown SSL protocol error in connection to datarouter.ol.epicgames.com:443 )
[2018.01.30-20.45.15:265][531]LogHttp: Warning: 000001D6802E7400: libcurl info message cache 10 (Closing connection 22)
[2018.01.30-20.56.15:548][369]LogHttp: Warning: 000001D6802E5D80: request failed, libcurl error: 35 (SSL connect error)
[2018.01.30-20.56.15:549][369]LogHttp: Warning: 000001D6802E5D80: libcurl info message cache 0 (Connection 26 seems to be dead!)
[2018.01.30-20.56.15:549][369]LogHttp: Warning: 000001D6802E5D80: libcurl info message cache 1 (Closing connection 26)
[2018.01.30-20.56.15:549][369]LogHttp: Warning: 000001D6802E5D80: libcurl info message cache 2 (TLSv1.2 (OUT), TLS alert, Client hello (1):)
[2018.01.30-20.56.15:549][369]LogHttp: Warning: 000001D6802E5D80: libcurl info message cache 3 (  Trying 52.0.171.154...)
[2018.01.30-20.56.15:549][369]LogHttp: Warning: 000001D6802E5D80: libcurl info message cache 4 (Connected to datarouter.ol.epicgames.com (52.0.171.154) port 443 (#27))
[2018.01.30-20.56.15:549][369]LogHttp: Warning: 000001D6802E5D80: libcurl info message cache 5 (ALPN, offering http/1.1)
[2018.01.30-20.56.15:549][369]LogHttp: Warning: 000001D6802E5D80: libcurl info message cache 6 (Cipher selection: ALL:!EXPORT:!EXPORT40:!EXPORT56:!aNULL:!LOW:!RC4:@STRENGTH)
[2018.01.30-20.56.15:549][369]LogHttp: Warning: 000001D6802E5D80: libcurl info message cache 7 (SSL re-using session ID)
[2018.01.30-20.56.15:549][369]LogHttp: Warning: 000001D6802E5D80: libcurl info message cache 8 (TLSv1.2 (OUT), TLS handshake, Client hello (1):)
[2018.01.30-20.56.15:549][369]LogHttp: Warning: 000001D6802E5D80: libcurl info message cache 9 (Unknown SSL protocol error in connection to datarouter.ol.epicgames.com:443 )
[2018.01.30-20.56.15:549][369]LogHttp: Warning: 000001D6802E5D80: libcurl info message cache 10 (Closing connection 27)
[2018.01.30-20.59.51:259][722]LogActorComponent: UnregisterComponent: (/Engine/Transient.EditorFloorComp) Not registered. Aborting.
[2018.01.30-20.59.51:329][722]LogWindowsTextInputMethodSystem: Display: IME system now deactivated.
[2018.01.30-20.59.51:504][723]Cmd: QUIT_EDITOR
[2018.01.30-20.59.51:533][723]LogExit: Preparing to exit.
[2018.01.30-20.59.51:737][723]LogDirectoryWatcher: A directory notification for 'C:/Users/Ochuko Studios/Desktop/Final-Year-Project/Final-Artefact/Leap_motion_demo/Content/' was aborted.
[2018.01.30-20.59.51:769][723]LogExit: Editor shut down
[2018.01.30-20.59.51:777][723]LogExit: Transaction tracking system shut down
[2018.01.30-20.59.51:982][723]LogDirectoryWatcher: A directory notification for '../../../Engine/Content/' was aborted.
[2018.01.30-20.59.51:982][723]LogDirectoryWatcher: A directory notification for '../../../../../../Users/Ochuko Studios/Desktop/Final-Year-Project/Final-Artefact/Leap_motion_demo/Content/' was aborted.
[2018.01.30-20.59.51:982][723]LogDirectoryWatcher: A directory notification for '../../../Engine/Plugins/2D/Paper2D/Content/' was aborted.
[2018.01.30-20.59.51:982][723]LogDirectoryWatcher: A directory notification for '../../../Engine/Plugins/Runtime/LeapMotion/Content/' was aborted.
[2018.01.30-20.59.51:982][723]LogDirectoryWatcher: A directory notification for '../../../Engine/Plugins/Runtime/Oculus/OculusVR/Content/' was aborted.
[2018.01.30-20.59.51:982][723]LogDirectoryWatcher: A directory notification for '../../../Engine/Plugins/Runtime/Steam/SteamVR/Content/' was aborted.
[2018.01.30-20.59.52:118][723]LogExit: Object subsystem successfully closed.
[2018.01.30-20.59.52:135][723]LogD3D11RHI: Shutdown
[2018.01.30-20.59.52:135][723]LogD3D11RHI: CleanupD3DDevice
[2018.01.30-20.59.52:393][723]LogD3D11RHI: ~FD3D11DynamicRHI
[2018.01.30-20.59.52:411][723]LogModuleManager: Shutting down and abandoning module ExternalImagePicker (538)
[2018.01.30-20.59.52:411][723]LogModuleManager: Shutting down and abandoning module BlueprintGraph (536)
[2018.01.30-20.59.52:411][723]LogModuleManager: Shutting down and abandoning module BlueprintProfiler (534)
[2018.01.30-20.59.52:412][723]LogModuleManager: Shutting down and abandoning module HierarchicalLODOutliner (532)
[2018.01.30-20.59.52:412][723]LogModuleManager: Shutting down and abandoning module SceneOutliner (530)
[2018.01.30-20.59.52:412][723]LogModuleManager: Shutting down and abandoning module AddContentDialog (528)
[2018.01.30-20.59.52:412][723]LogDirectoryWatcher: A directory notification for 'C:/Program Files/Epic Games/UE_4.17/FeaturePacks/' was aborted.
[2018.01.30-20.59.52:413][723]LogModuleManager: Shutting down and abandoning module WidgetCarousel (527)
[2018.01.30-20.59.52:413][723]LogModuleManager: Shutting down and abandoning module EditorWidgets (524)
[2018.01.30-20.59.52:413][723]LogModuleManager: Shutting down and abandoning module CollectionManager (522)
[2018.01.30-20.59.52:413][723]LogDirectoryWatcher: A directory notification for 'C:/Users/Ochuko Studios/Desktop/Final-Year-Project/Final-Artefact/Leap_motion_demo/Content/Collections/' was aborted.
[2018.01.30-20.59.52:413][723]LogDirectoryWatcher: A directory notification for 'C:/Users/Ochuko Studios/Desktop/Final-Year-Project/Final-Artefact/Leap_motion_demo/Content/Developers/OchukoStudios/Collections/' was aborted.
[2018.01.30-20.59.52:413][723]LogDirectoryWatcher: A directory notification for 'C:/Users/Ochuko Studios/Desktop/Final-Year-Project/Final-Artefact/Leap_motion_demo/Saved/Collections/' was aborted.
[2018.01.30-20.59.52:413][723]LogModuleManager: Shutting down and abandoning module StatsViewer (520)
[2018.01.30-20.59.52:413][723]LogModuleManager: Shutting down and abandoning module FoliageEdit (518)
[2018.01.30-20.59.52:413][723]LogModuleManager: Shutting down and abandoning module LandscapeEditor (516)
[2018.01.30-20.59.52:413][723]LogModuleManager: Shutting down and abandoning module MeshPaintMode (514)
[2018.01.30-20.59.52:413][723]LogModuleManager: Shutting down and abandoning module SceneDepthPickerMode (512)
[2018.01.30-20.59.52:413][723]LogModuleManager: Shutting down and abandoning module ActorPickerMode (510)
[2018.01.30-20.59.52:413][723]LogModuleManager: Shutting down and abandoning module GeometryMode (508)
[2018.01.30-20.59.52:413][723]LogModuleManager: Shutting down and abandoning module TextureAlignMode (506)
[2018.01.30-20.59.52:413][723]LogModuleManager: Shutting down and abandoning module BspMode (504)
[2018.01.30-20.59.52:413][723]LogModuleManager: Shutting down and abandoning module PIEPreviewDeviceProfileSelector (502)
[2018.01.30-20.59.52:413][723]LogModuleManager: Shutting down and abandoning module HardwareSurvey (500)
[2018.01.30-20.59.52:413][723]LogModuleManager: Shutting down and abandoning module SequenceRecorderSections (498)
[2018.01.30-20.59.52:413][723]LogModuleManager: Shutting down and abandoning module AutomationWorker (496)
[2018.01.30-20.59.52:413][723]LogModuleManager: Shutting down and abandoning module MatineeToLevelSequence (494)
[2018.01.30-20.59.52:413][723]LogModuleManager: Shutting down and abandoning module LevelSequenceEditor (492)
[2018.01.30-20.59.52:413][723]LogModuleManager: Shutting down and abandoning module PlacementMode (491)
[2018.01.30-20.59.52:413][723]LogModuleManager: Shutting down and abandoning module WmfMediaFactory (488)
[2018.01.30-20.59.52:413][723]LogModuleManager: Shutting down and abandoning module WmfMediaEditor (486)
[2018.01.30-20.59.52:413][723]LogModuleManager: Shutting down and abandoning module AvfMediaFactory (484)
[2018.01.30-20.59.52:413][723]LogModuleManager: Shutting down and abandoning module AvfMediaEditor (482)
[2018.01.30-20.59.52:413][723]LogModuleManager: Shutting down and abandoning module AndroidMediaFactory (480)
[2018.01.30-20.59.52:413][723]LogModuleManager: Shutting down and abandoning module Media (479)
[2018.01.30-20.59.52:413][723]LogModuleManager: Shutting down and abandoning module AndroidMediaEditor (476)
[2018.01.30-20.59.52:414][723]LogModuleManager: Shutting down and abandoning module CharacterAI (474)
[2018.01.30-20.59.52:414][723]LogModuleManager: Shutting down and abandoning module AudioCapture (472)
[2018.01.30-20.59.52:414][723]LogModuleManager: Shutting down and abandoning module SequenceRecorder (471)
[2018.01.30-20.59.52:414][723]LogModuleManager: Shutting down and abandoning module SmartSnapping (468)
[2018.01.30-20.59.52:414][723]LogModuleManager: Shutting down and abandoning module SessionServices (466)
[2018.01.30-20.59.52:414][723]LogModuleManager: Shutting down and abandoning module ViewportSnapping (464)
[2018.01.30-20.59.52:414][723]LogModuleManager: Shutting down and abandoning module ViewportInteraction (462)
[2018.01.30-20.59.52:414][723]LogModuleManager: Shutting down and abandoning module ClothPainter (460)
[2018.01.30-20.59.52:414][723]LogModuleManager: Shutting down and abandoning module LogVisualizer (458)
[2018.01.30-20.59.52:414][723]LogModuleManager: Shutting down and abandoning module IntroTutorials (456)
[2018.01.30-20.59.52:414][723]LogModuleManager: Shutting down and abandoning module GameProjectGeneration (455)
[2018.01.30-20.59.52:414][723]LogModuleManager: Shutting down and abandoning module IOSPlatformEditor (452)
[2018.01.30-20.59.52:414][723]LogModuleManager: Shutting down and abandoning module HTML5PlatformEditor (450)
[2018.01.30-20.59.52:414][723]LogModuleManager: Shutting down and abandoning module AndroidPlatformEditor (448)
[2018.01.30-20.59.52:414][723]LogModuleManager: Shutting down and abandoning module AndroidDeviceDetection (447)
[2018.01.30-20.59.52:826][723]LogModuleManager: Shutting down and abandoning module WindowsPlatformEditor (444)
[2018.01.30-20.59.52:826][723]LogModuleManager: Shutting down and abandoning module IOSRuntimeSettings (442)
[2018.01.30-20.59.52:826][723]LogModuleManager: Shutting down and abandoning module AndroidRuntimeSettings (440)
[2018.01.30-20.59.52:826][723]LogModuleManager: Shutting down and abandoning module InputBindingEditor (438)
[2018.01.30-20.59.52:826][723]LogModuleManager: Shutting down and abandoning module MergeActors (436)
[2018.01.30-20.59.52:826][723]LogModuleManager: Shutting down and abandoning module SizeMap (434)
[2018.01.30-20.59.52:826][723]LogModuleManager: Shutting down and abandoning module TreeMap (432)
[2018.01.30-20.59.52:826][723]LogModuleManager: Shutting down and abandoning module ReferenceViewer (430)
[2018.01.30-20.59.52:826][723]LogModuleManager: Shutting down and abandoning module LocalizationDashboard (428)
[2018.01.30-20.59.52:826][723]LogModuleManager: Shutting down and abandoning module LocalizationService (427)
[2018.01.30-20.59.52:826][723]LogModuleManager: Shutting down and abandoning module HardwareTargeting (424)
[2018.01.30-20.59.52:826][723]LogModuleManager: Shutting down and abandoning module DeviceProfileEditor (422)
[2018.01.30-20.59.52:826][723]LogModuleManager: Shutting down and abandoning module UndoHistory (420)
[2018.01.30-20.59.52:826][723]LogModuleManager: Shutting down and abandoning module XmlParser (418)
[2018.01.30-20.59.52:826][723]LogModuleManager: Shutting down and abandoning module Blutility (416)
[2018.01.30-20.59.52:826][723]LogModuleManager: Shutting down and abandoning module ProjectSettingsViewer (414)
[2018.01.30-20.59.52:826][723]LogModuleManager: Shutting down and abandoning module ProjectTargetPlatformEditor (413)
[2018.01.30-20.59.52:826][723]LogModuleManager: Shutting down and abandoning module EditorSettingsViewer (410)
[2018.01.30-20.59.52:827][723]LogModuleManager: Shutting down and abandoning module SettingsEditor (408)
[2018.01.30-20.59.52:827][723]LogModuleManager: Shutting down and abandoning module ProjectLauncher (406)
[2018.01.30-20.59.52:827][723]LogModuleManager: Shutting down and abandoning module SessionFrontend (404)
[2018.01.30-20.59.52:827][723]LogModuleManager: Shutting down and abandoning module ProfilerClient (402)
[2018.01.30-20.59.52:827][723]LogModuleManager: Shutting down and abandoning module DeviceManager (400)
[2018.01.30-20.59.52:827][723]LogModuleManager: Shutting down and abandoning module TargetDeviceServices (399)
[2018.01.30-20.59.52:880][723]LogModuleManager: Shutting down and abandoning module AutomationController (396)
[2018.01.30-20.59.52:880][723]LogModuleManager: Shutting down and abandoning module AutomationWindow (394)
[2018.01.30-20.59.52:880][723]LogModuleManager: Shutting down and abandoning module Layers (392)
[2018.01.30-20.59.52:880][723]LogModuleManager: Shutting down and abandoning module ComponentVisualizers (390)
[2018.01.30-20.59.52:880][723]LogModuleManager: Shutting down and abandoning module DetailCustomizations (388)
[2018.01.30-20.59.52:880][723]LogModuleManager: Shutting down and abandoning module PackagesDialog (386)
[2018.01.30-20.59.52:880][723]LogModuleManager: Shutting down and abandoning module Persona (384)
[2018.01.30-20.59.52:880][723]LogModuleManager: Shutting down and abandoning module AdvancedPreviewScene (383)
[2018.01.30-20.59.52:880][723]LogModuleManager: Shutting down and abandoning module AnimGraph (381)
[2018.01.30-20.59.52:880][723]LogModuleManager: Shutting down and abandoning module Kismet (378)
[2018.01.30-20.59.52:886][723]LogModuleManager: Shutting down and abandoning module ClassViewer (376)
[2018.01.30-20.59.52:886][723]LogModuleManager: Shutting down and abandoning module Toolbox (374)
[2018.01.30-20.59.52:886][723]LogModuleManager: Shutting down and abandoning module ModuleUI (372)
[2018.01.30-20.59.52:886][723]LogModuleManager: Shutting down and abandoning module MovieSceneTools (370)
[2018.01.30-20.59.52:886][723]LogModuleManager: Shutting down and abandoning module OutputLog (368)
[2018.01.30-20.59.52:886][723]LogModuleManager: Shutting down and abandoning module GammaUI (366)
[2018.01.30-20.59.52:886][723]LogModuleManager: Shutting down and abandoning module Documentation (364)
[2018.01.30-20.59.52:886][723]LogModuleManager: Shutting down and abandoning module MovieSceneTracks (362)
[2018.01.30-20.59.52:886][723]LogModuleManager: Shutting down and abandoning module MovieScene (360)
[2018.01.30-20.59.52:886][723]LogModuleManager: Shutting down and abandoning module Niagara (358)
[2018.01.30-20.59.52:886][723]LogModuleManager: Shutting down and abandoning module NiagaraEditor (357)
[2018.01.30-20.59.52:886][723]LogModuleManager: Shutting down and abandoning module StreamingPauseRendering (354)
[2018.01.30-20.59.52:886][723]LogModuleManager: Shutting down and abandoning module LauncherPlatform (352)
[2018.01.30-20.59.52:886][723]LogModuleManager: Shutting down and abandoning module AnalyticsET (350)
[2018.01.30-20.59.52:886][723]LogModuleManager: Shutting down and abandoning module PortalServices (348)
[2018.01.30-20.59.52:886][723]LogModuleManager: Shutting down and abandoning module PortalRpc (346)
[2018.01.30-20.59.52:886][723]LogModuleManager: Shutting down and abandoning module MessagingRpc (344)
[2018.01.30-20.59.52:886][723]LogModuleManager: Shutting down and abandoning module AIModule (342)
[2018.01.30-20.59.52:886][723]LogModuleManager: Shutting down and abandoning module GameplayDebugger (341)
[2018.01.30-20.59.52:886][723]LogModuleManager: Shutting down and abandoning module AITestSuite (339)
[2018.01.30-20.59.52:887][723]LogModuleManager: Shutting down and abandoning module ProfilerService (336)
[2018.01.30-20.59.53:064][723]LogModuleManager: Shutting down and abandoning module TaskGraph (334)
[2018.01.30-20.59.53:064][723]LogModuleManager: Shutting down and abandoning module SteamVRController (332)
[2018.01.30-20.59.53:064][723]LogModuleManager: Shutting down and abandoning module ProceduralMeshComponentEditor (330)
[2018.01.30-20.59.53:064][723]LogModuleManager: Shutting down and abandoning module ProceduralMeshComponent (328)
[2018.01.30-20.59.53:064][723]LogModuleManager: Shutting down and abandoning module OculusInput (326)
[2018.01.30-20.59.53:064][723]LogModuleManager: Shutting down and abandoning module MobilePatchingUtils (324)
[2018.01.30-20.59.53:064][723]LogModuleManager: Shutting down and abandoning module CustomMeshComponent (322)
[2018.01.30-20.59.53:064][723]LogModuleManager: Shutting down and abandoning module CableComponent (320)
[2018.01.30-20.59.53:064][723]LogModuleManager: Shutting down and abandoning module ArchVisCharacter (318)
[2018.01.30-20.59.53:064][723]LogModuleManager: Shutting down and abandoning module AndroidPermission (316)
[2018.01.30-20.59.53:064][723]LogModuleManager: Shutting down and abandoning module MediaPlayerEditor (312)
[2018.01.30-20.59.53:064][723]LogModuleManager: Shutting down and abandoning module HTML5Networking (310)
[2018.01.30-20.59.53:064][723]LogModuleManager: Shutting down and abandoning module AlembicImporter (308)
[2018.01.30-20.59.53:064][723]LogModuleManager: Shutting down and abandoning module AlembicLibrary (307)
[2018.01.30-20.59.53:064][723]LogModuleManager: Shutting down and abandoning module GeometryCache (306)
[2018.01.30-20.59.53:064][723]LogModuleManager: Shutting down and abandoning module GeometryCacheEd (305)
[2018.01.30-20.59.53:065][723]LogModuleManager: Shutting down and abandoning module SpeedTreeImporter (300)
[2018.01.30-20.59.53:065][723]LogModuleManager: Shutting down and abandoning module PluginBrowser (298)
[2018.01.30-20.59.53:065][723]LogModuleManager: Shutting down and abandoning module MobileLauncherProfileWizard (296)
[2018.01.30-20.59.53:065][723]LogModuleManager: Shutting down and abandoning module VisualStudioSourceCodeAccess (294)
[2018.01.30-20.59.53:065][723]LogModuleManager: Shutting down and abandoning module DesktopPlatform (293)
[2018.01.30-20.59.53:065][723]LogModuleManager: Shutting down and abandoning module UObjectPlugin (290)
[2018.01.30-20.59.53:065][723]LogModuleManager: Shutting down and abandoning module SubversionSourceControl (288)
[2018.01.30-20.59.53:065][723]LogModuleManager: Shutting down and abandoning module PerforceSourceControl (286)
[2018.01.30-20.59.53:065][723]LogModuleManager: Shutting down and abandoning module GitSourceControl (284)
[2018.01.30-20.59.53:065][723]LogModuleManager: Shutting down and abandoning module SourceControl (283)
[2018.01.30-20.59.53:065][723]LogModuleManager: Shutting down and abandoning module LightPropagationVolumeEditor (280)
[2018.01.30-20.59.53:065][723]LogModuleManager: Shutting down and abandoning module PaperTiledImporter (278)
[2018.01.30-20.59.53:065][723]LogModuleManager: Shutting down and abandoning module PaperSpriteSheetImporter (276)
[2018.01.30-20.59.53:065][723]LogModuleManager: Shutting down and abandoning module Paper2DEditor (274)
[2018.01.30-20.59.53:065][723]LogModuleManager: Shutting down and abandoning module MeshPaint (273)
[2018.01.30-20.59.53:065][723]LogModuleManager: Shutting down and abandoning module LevelEditor (271)
[2018.01.30-20.59.53:065][723]LogModuleManager: Shutting down and abandoning module PixelInspectorModule (270)
[2018.01.30-20.59.53:065][723]LogModuleManager: Shutting down and abandoning module MainFrame (268)
[2018.01.30-20.59.53:065][723]LogModuleManager: Shutting down and abandoning module HotReload (267)
[2018.01.30-20.59.53:066][723]LogModuleManager: Shutting down and abandoning module RuntimePhysXCooking (262)
[2018.01.30-20.59.53:066][723]LogModuleManager: Shutting down and abandoning module PhysXVehiclesEditor (260)
[2018.01.30-20.59.53:066][723]LogModuleManager: Shutting down and abandoning module PhysXVehicles (258)
[2018.01.30-20.59.53:066][723]LogModuleManager: Shutting down and abandoning module OculusEditor (256)
[2018.01.30-20.59.53:066][723]LogModuleManager: Shutting down and abandoning module LocationServicesBPLibrary (254)
[2018.01.30-20.59.53:066][723]LogModuleManager: Shutting down and abandoning module ImmediatePhysicsEditor (252)
[2018.01.30-20.59.53:066][723]LogModuleManager: Shutting down and abandoning module ImmediatePhysics (250)
[2018.01.30-20.59.53:066][723]LogModuleManager: Shutting down and abandoning module UdpMessaging (248)
[2018.01.30-20.59.53:167][723]LogModuleManager: Shutting down and abandoning module TcpMessaging (246)
[2018.01.30-20.59.53:267][723]LogModuleManager: Shutting down and abandoning module GameplayTagsEditor (244)
[2018.01.30-20.59.53:267][723]LogModuleManager: Shutting down and abandoning module FacialAnimationEditor (242)
[2018.01.30-20.59.53:267][723]LogModuleManager: Shutting down and abandoning module FacialAnimation (240)
[2018.01.30-20.59.53:267][723]LogModuleManager: Shutting down and abandoning module AssetManagerEditor (238)
[2018.01.30-20.59.53:267][723]LogModuleManager: Shutting down and abandoning module GraphEditor (237)
[2018.01.30-20.59.53:267][723]LogModuleManager: Shutting down and abandoning module ContentBrowser (235)
[2018.01.30-20.59.53:268][723]LogModuleManager: Shutting down and abandoning module LightPropagationVolumeRuntime (232)
[2018.01.30-20.59.53:268][723]LogModuleManager: Shutting down and abandoning module Paper2D (230)
[2018.01.30-20.59.53:268][723]LogModuleManager: Shutting down and abandoning module WindowsMoviePlayer (228)
[2018.01.30-20.59.53:268][723]LogModuleManager: Shutting down and abandoning module WmfMedia (226)
[2018.01.30-20.59.53:269][723]LogModuleManager: Shutting down and abandoning module PacketHandler (224)
[2018.01.30-20.59.53:269][723]LogModuleManager: Shutting down and abandoning module ClothingSystemEditor (222)
[2018.01.30-20.59.53:270][723]LogModuleManager: Shutting down and abandoning module ClothingSystemRuntime (220)
[2018.01.30-20.59.53:270][723]LogModuleManager: Shutting down and abandoning module Overlay (218)
[2018.01.30-20.59.53:270][723]LogModuleManager: Shutting down and abandoning module OverlayEditor (217)
[2018.01.30-20.59.53:270][723]LogModuleManager: Shutting down and abandoning module MediaAssets (214)
[2018.01.30-20.59.53:270][723]LogModuleManager: Shutting down and abandoning module VREditor (212)
[2018.01.30-20.59.53:270][723]LogModuleManager: Shutting down and abandoning module StringTableEditor (210)
[2018.01.30-20.59.53:270][723]LogModuleManager: Shutting down and abandoning module GameplayTasksEditor (208)
[2018.01.30-20.59.53:270][723]LogModuleManager: Shutting down and abandoning module BehaviorTreeEditor (206)
[2018.01.30-20.59.53:270][723]LogModuleManager: Shutting down and abandoning module FunctionalTesting (204)
[2018.01.30-20.59.53:270][723]LogModuleManager: Shutting down and abandoning module CollisionAnalyzer (202)
[2018.01.30-20.59.53:270][723]LogModuleManager: Shutting down and abandoning module WorkspaceMenuStructure (201)
[2018.01.30-20.59.53:270][723]LogModuleManager: Shutting down and abandoning module UMG (198)
[2018.01.30-20.59.53:270][723]LogModuleManager: Shutting down and abandoning module UMGEditor (197)
[2018.01.30-20.59.53:270][723]LogModuleManager: Shutting down and abandoning module Sequencer (196)
[2018.01.30-20.59.53:270][723]LogModuleManager: Shutting down and abandoning module MessageLog (193)
[2018.01.30-20.59.53:270][723]LogModuleManager: Shutting down and abandoning module SlateReflector (188)
[2018.01.30-20.59.53:270][723]LogModuleManager: Shutting down and abandoning module Slate (186)
[2018.01.30-20.59.53:270][723]LogModuleManager: Shutting down and abandoning module EditorStyle (184)
[2018.01.30-20.59.53:272][723]LogModuleManager: Shutting down and abandoning module MRMesh (182)
[2018.01.30-20.59.53:272][723]LogModuleManager: Shutting down and abandoning module SourceCodeAccess (180)
[2018.01.30-20.59.53:272][723]LogModuleManager: Shutting down and abandoning module HeadMountedDisplay (178)
[2018.01.30-20.59.53:272][723]LogModuleManager: Shutting down and abandoning module XAudio2 (176)
[2018.01.30-20.59.53:272][723]LogModuleManager: Shutting down and abandoning module Networking (174)
[2018.01.30-20.59.53:272][723]LogModuleManager: Shutting down and abandoning module Core (170)
[2018.01.30-20.59.53:272][723]LogModuleManager: Shutting down and abandoning module KismetCompiler (166)
[2018.01.30-20.59.53:272][723]LogModuleManager: Shutting down and abandoning module LevelSequence (164)
[2018.01.30-20.59.53:272][723]LogModuleManager: Shutting down and abandoning module MeshUtilities (162)
[2018.01.30-20.59.53:272][723]LogModuleManager: Shutting down and abandoning module MeshMergeUtilities (161)
[2018.01.30-20.59.53:272][723]LogModuleManager: Shutting down and abandoning module MeshReductionInterface (160)
[2018.01.30-20.59.53:272][723]LogModuleManager: Shutting down and abandoning module SimplygonSwarm (159)
[2018.01.30-20.59.53:272][723]LogModuleManager: Shutting down and abandoning module SimplygonMeshReduction (157)
[2018.01.30-20.59.53:272][723]LogModuleManager: Shutting down and abandoning module QuadricMeshReduction (155)
[2018.01.30-20.59.53:272][723]LogModuleManager: Shutting down and abandoning module MaterialBaking (151)
[2018.01.30-20.59.53:272][723]LogModuleManager: Shutting down and abandoning module DirectoryWatcher (148)
[2018.01.30-20.59.53:273][723]LogModuleManager: Shutting down and abandoning module DerivedDataCache (146)
[2018.01.30-20.59.53:275][723]LogDerivedDataCache: Shutdown
[2018.01.30-20.59.53:275][723]LogModuleManager: Shutting down and abandoning module TargetPlatform (144)
[2018.01.30-20.59.53:275][723]LogModuleManager: Shutting down and abandoning module VulkanShaderFormat (143)
[2018.01.30-20.59.53:275][723]LogModuleManager: Shutting down and abandoning module ShaderFormatVectorVM (141)
[2018.01.30-20.59.53:275][723]LogModuleManager: Shutting down and abandoning module ShaderFormatOpenGL (139)
[2018.01.30-20.59.53:275][723]LogModuleManager: Shutting down and abandoning module ShaderFormatD3D (137)
[2018.01.30-20.59.53:275][723]LogModuleManager: Shutting down and abandoning module MetalShaderFormat (135)
[2018.01.30-20.59.53:275][723]LogModuleManager: Shutting down and abandoning module TextureFormatUncompressed (133)
[2018.01.30-20.59.53:275][723]LogModuleManager: Shutting down and abandoning module TextureFormatPVR (131)
[2018.01.30-20.59.53:275][723]LogModuleManager: Shutting down and abandoning module TextureFormatDXT (129)
[2018.01.30-20.59.53:275][723]LogModuleManager: Shutting down and abandoning module TextureFormatIntelISPCTexComp (127)
[2018.01.30-20.59.53:275][723]LogModuleManager: Shutting down and abandoning module TextureFormatASTC (125)
[2018.01.30-20.59.53:275][723]LogModuleManager: Shutting down and abandoning module ImageWrapper (124)
[2018.01.30-20.59.53:275][723]LogModuleManager: Shutting down and abandoning module TextureFormatAndroid (121)
[2018.01.30-20.59.53:275][723]LogModuleManager: Shutting down and abandoning module AudioFormatOpus (119)
[2018.01.30-20.59.53:275][723]LogModuleManager: Shutting down and abandoning module AudioFormatOgg (117)
[2018.01.30-20.59.53:275][723]LogModuleManager: Shutting down and abandoning module AudioFormatADPCM (115)
[2018.01.30-20.59.53:275][723]LogModuleManager: Shutting down and abandoning module LinuxTargetPlatform (113)
[2018.01.30-20.59.53:275][723]LogModuleManager: Shutting down and abandoning module LinuxServerTargetPlatform (111)
[2018.01.30-20.59.53:275][723]LogModuleManager: Shutting down and abandoning module LinuxNoEditorTargetPlatform (109)
[2018.01.30-20.59.53:275][723]LogModuleManager: Shutting down and abandoning module LinuxClientTargetPlatform (107)
[2018.01.30-20.59.53:275][723]LogModuleManager: Shutting down and abandoning module TVOSTargetPlatform (105)
[2018.01.30-20.59.53:275][723]LogModuleManager: Shutting down and abandoning module Messaging (103)
[2018.01.30-20.59.53:275][723]LogModuleManager: Shutting down and abandoning module IOSTargetPlatform (101)
[2018.01.30-20.59.53:276][723]LogModuleManager: Shutting down and abandoning module HTML5TargetPlatform (99)
[2018.01.30-20.59.53:276][723]LogModuleManager: Shutting down and abandoning module Android_PVRTCTargetPlatform (97)
[2018.01.30-20.59.53:276][723]LogModuleManager: Shutting down and abandoning module Android_MultiTargetPlatform (95)
[2018.01.30-20.59.53:276][723]LogModuleManager: Shutting down and abandoning module Android_ETC2TargetPlatform (93)
[2018.01.30-20.59.53:276][723]LogModuleManager: Shutting down and abandoning module Android_ETC1TargetPlatform (91)
[2018.01.30-20.59.53:276][723]LogModuleManager: Shutting down and abandoning module Android_DXTTargetPlatform (89)
[2018.01.30-20.59.53:276][723]LogModuleManager: Shutting down and abandoning module Android_ATCTargetPlatform (87)
[2018.01.30-20.59.53:276][723]LogModuleManager: Shutting down and abandoning module Android_ASTCTargetPlatform (85)
[2018.01.30-20.59.53:276][723]LogModuleManager: Shutting down and abandoning module AndroidTargetPlatform (83)
[2018.01.30-20.59.53:276][723]LogModuleManager: Shutting down and abandoning module WindowsTargetPlatform (81)
[2018.01.30-20.59.53:276][723]LogModuleManager: Shutting down and abandoning module WindowsServerTargetPlatform (79)
[2018.01.30-20.59.53:276][723]LogModuleManager: Shutting down and abandoning module WindowsNoEditorTargetPlatform (77)
[2018.01.30-20.59.53:276][723]LogModuleManager: Shutting down and abandoning module WindowsClientTargetPlatform (75)
[2018.01.30-20.59.53:276][723]LogModuleManager: Shutting down and abandoning module MacTargetPlatform (73)
[2018.01.30-20.59.53:276][723]LogModuleManager: Shutting down and abandoning module MacServerTargetPlatform (71)
[2018.01.30-20.59.53:276][723]LogModuleManager: Shutting down and abandoning module MacNoEditorTargetPlatform (69)
[2018.01.30-20.59.53:276][723]LogModuleManager: Shutting down and abandoning module MacClientTargetPlatform (67)
[2018.01.30-20.59.53:276][723]LogModuleManager: Shutting down and abandoning module AllDesktopTargetPlatform (65)
[2018.01.30-20.59.53:276][723]LogModuleManager: Shutting down and abandoning module InputCore (62)
[2018.01.30-20.59.53:276][723]LogModuleManager: Shutting down and abandoning module Settings (60)
[2018.01.30-20.59.53:276][723]LogModuleManager: Shutting down and abandoning module PhysXCooking (58)
[2018.01.30-20.59.53:276][723]LogModuleManager: Shutting down and abandoning module SteamVR (56)
[2018.01.30-20.59.53:276][723]LogModuleManager: Shutting down and abandoning module OculusHMD (54)
[2018.01.30-20.59.53:276][723]LogModuleManager: Shutting down and abandoning module LeapMotion (52)
[2018.01.30-20.59.53:276][723]LogModuleManager: Shutting down and abandoning module ExampleDeviceProfileSelector (50)
[2018.01.30-20.59.53:276][723]LogModuleManager: Shutting down and abandoning module OnlineBlueprintSupport (48)
[2018.01.30-20.59.53:276][723]LogModuleManager: Shutting down and abandoning module OnlineSubsystem (44)
[2018.01.30-20.59.53:276][723]LogOnline: Display: Unloading online subsystem: NULL
[2018.01.30-20.59.53:276][723]LogModuleManager: Shutting down and abandoning module XMPP (43)
[2018.01.30-20.59.53:276][723]LogModuleManager: Shutting down and abandoning module HTTP (41)
[2018.01.30-20.59.53:276][723]LogHttp: Display: Http module shutting down, but needs to wait on 1 outstanding Http requests:
[2018.01.30-20.59.53:276][723]LogHttp: Display: 	verb=[POST] url=[https://datarouter.ol.epicgames.com/datarouter/api/v1/public/data?SessionID=%7B48EE0900-4C34-EDF6-5D83-80817B3CFD84%7D&AppID=UEEditor.Rocket.Release&AppVersion=4.17.1-3586342%2B%2B%2BUE4%2BRelease-4.17&UserID=37d515aa432c097c8dcce2a7fa5c8433%7C6959ef8b0d9e4fbf8d98a980baed5fcb%7Caeefce56-458d-49ec-b1f8-587712ccc7d8&AppEnvironment=datacollector-binary&UploadType=eteventstream] status=Processing
[2018.01.30-20.59.53:279][723]LogModuleManager: Shutting down and abandoning module SSL (40)
[2018.01.30-20.59.53:280][723]LogModuleManager: Shutting down and abandoning module AnimationModifiers (36)
[2018.01.30-20.59.53:280][723]LogModuleManager: Shutting down and abandoning module PropertyEditor (35)
[2018.01.30-20.59.53:280][723]LogModuleManager: Shutting down and abandoning module AudioEditor (32)
[2018.01.30-20.59.53:280][723]LogModuleManager: Shutting down and abandoning module TextureCompressor (30)
[2018.01.30-20.59.53:280][723]LogModuleManager: Shutting down and abandoning module ShaderCore (28)
[2018.01.30-20.59.53:280][723]LogModuleManager: Shutting down and abandoning module Landscape (26)
[2018.01.30-20.59.53:280][723]LogModuleManager: Shutting down and abandoning module SlateRHIRenderer (24)
[2018.01.30-20.59.53:281][723]LogModuleManager: Shutting down and abandoning module OpenGLDrv (22)
[2018.01.30-20.59.53:281][723]LogModuleManager: Shutting down and abandoning module D3D11RHI (20)
[2018.01.30-20.59.53:281][723]LogModuleManager: Shutting down and abandoning module AnimGraphRuntime (18)
[2018.01.30-20.59.53:281][723]LogModuleManager: Shutting down and abandoning module Renderer (16)
[2018.01.30-20.59.53:281][723]LogModuleManager: Shutting down and abandoning module Engine (14)
[2018.01.30-20.59.53:281][723]LogModuleManager: Shutting down and abandoning module CoreUObject (12)
[2018.01.30-20.59.53:281][723]LogModuleManager: Shutting down and abandoning module NetworkFile (10)
[2018.01.30-20.59.53:281][723]LogModuleManager: Shutting down and abandoning module CookedIterativeFile (8)
[2018.01.30-20.59.53:281][723]LogModuleManager: Shutting down and abandoning module StreamingFile (6)
[2018.01.30-20.59.53:281][723]LogModuleManager: Shutting down and abandoning module SandboxFile (4)
[2018.01.30-20.59.53:281][723]LogModuleManager: Shutting down and abandoning module PakFile (2)
[2018.01.30-20.59.53:284][723]LogExit: Exiting.
[2018.01.30-20.59.53:295][723]Log file closed, 01/30/18 20:59:53
