Log file open, 01/30/18 17:31:19
LogWindows: Failed to load 'aqProf.dll' (GetLastError=126)
LogWindows: File 'aqProf.dll' does not exist
LogWindows: Failed to load 'VtuneApi.dll' (GetLastError=126)
LogWindows: File 'VtuneApi.dll' does not exist
LogWindows: Failed to load 'VtuneApi32e.dll' (GetLastError=126)
LogWindows: File 'VtuneApi32e.dll' does not exist
LogInit: Display: Running engine for game: Leap_motion_demo
LogPlatformFile: Not using cached read wrapper
LogInit: Display: RandInit(442860942) SRandInit(442860942).
LogTaskGraph: Started task graph with 5 named threads and 14 total threads with 3 sets of task threads.
LogStats: Stats thread started at 0.161783
LogD3D11RHI: Aftermath initialized
LogPluginManager: Mounting plugin Paper2D
LogPluginManager: Mounting plugin LightPropagationVolume
LogPluginManager: Mounting plugin CodeLiteSourceCodeAccess
LogPluginManager: Mounting plugin GitSourceControl
LogPluginManager: Mounting plugin KDevelopSourceCodeAccess
LogPluginManager: Mounting plugin NullSourceCodeAccess
LogPluginManager: Mounting plugin PerforceSourceControl
LogPluginManager: Mounting plugin SubversionSourceControl
LogPluginManager: Mounting plugin UObjectPlugin
LogPluginManager: Mounting plugin VisualStudioSourceCodeAccess
LogPluginManager: Mounting plugin XCodeSourceCodeAccess
LogPluginManager: Mounting plugin AssetManagerEditor
LogPluginManager: Mounting plugin AudioCapture
LogPluginManager: Mounting plugin FacialAnimation
LogPluginManager: Mounting plugin GameplayTagsEditor
LogPluginManager: Mounting plugin MobileLauncherProfileWizard
LogPluginManager: Mounting plugin PluginBrowser
LogPluginManager: Mounting plugin SpeedTreeImporter
LogPluginManager: Mounting plugin AlembicImporter
LogPluginManager: Mounting plugin CharacterAI
LogPluginManager: Mounting plugin HTML5Networking
LogPluginManager: Mounting plugin AndroidMedia
LogPluginManager: Mounting plugin AvfMedia
LogPluginManager: Mounting plugin MediaPlayerEditor
LogPluginManager: Mounting plugin WmfMedia
LogPluginManager: Mounting plugin TcpMessaging
LogPluginManager: Mounting plugin UdpMessaging
LogPluginManager: Mounting plugin LevelSequenceEditor
LogPluginManager: Mounting plugin MatineeToLevelSequence
LogPluginManager: Mounting plugin OnlineSubsystemGooglePlay
LogPluginManager: Mounting plugin OnlineSubsystemIOS
LogPluginManager: Mounting plugin OnlineSubsystem
LogPluginManager: Mounting plugin OnlineSubsystemNull
LogPluginManager: Mounting plugin OnlineSubsystemUtils
LogPluginManager: Mounting plugin AndroidDeviceProfileSelector
LogPluginManager: Mounting plugin AndroidMoviePlayer
LogPluginManager: Mounting plugin AndroidPermission
LogPluginManager: Mounting plugin AppleMoviePlayer
LogPluginManager: Mounting plugin ArchVisCharacter
LogPluginManager: Mounting plugin CableComponent
LogPluginManager: Mounting plugin CustomMeshComponent
LogPluginManager: Mounting plugin ExampleDeviceProfileSelector
LogPluginManager: Mounting plugin GoogleCloudMessaging
LogPluginManager: Mounting plugin ImmediatePhysics
LogPluginManager: Mounting plugin IOSDeviceProfileSelector
LogPluginManager: Mounting plugin LeapMotion
LogPluginManager: Mounting plugin LinuxDeviceProfileSelector
LogPluginManager: Mounting plugin LocationServicesBPLibrary
LogPluginManager: Mounting plugin MobilePatchingUtils
LogPluginManager: Mounting plugin OculusVR
LogPluginManager: Mounting plugin PhysXVehicles
LogPluginManager: Mounting plugin ProceduralMeshComponent
LogPluginManager: Mounting plugin RuntimePhysXCooking
LogPluginManager: Mounting plugin SteamVR
LogPluginManager: Mounting plugin WindowsMoviePlayer
LogInit: Using libcurl 7.47.1
LogInit:  - built for x86_64-pc-win32
LogInit:  - supports SSL with OpenSSL/1.0.2g
LogInit:  - supports HTTP deflate (compression) using libz 1.2.8
LogInit:  - other features:
LogInit:      CURL_VERSION_SSL
LogInit:      CURL_VERSION_LIBZ
LogInit:      CURL_VERSION_IPV6
LogInit:      CURL_VERSION_ASYNCHDNS
LogInit:      CURL_VERSION_LARGEFILE
LogInit:      CURL_VERSION_IDN
LogInit:  CurlRequestOptions (configurable via config and command line):
LogInit:  - bVerifyPeer = false  - Libcurl will NOT verify peer certificate
LogInit:  - bUseHttpProxy = false  - Libcurl will NOT use HTTP proxy
LogInit:  - bDontReuseConnections = false  - Libcurl will reuse connections
LogInit:  - CertBundlePath = nullptr  - Libcurl will use whatever was configured at build time.
LeapPluginLog: Using LeapPlugin version 2.0.0
LogInit: Build: ++UE4+Release-4.17-CL-3658906
LogInit: Engine Version: 4.17.2-3658906+++UE4+Release-4.17
LogInit: Compatible Engine Version: 4.17.0-3573198+++UE4+Release-4.17
LogInit: Net CL: 3573198
LogDevObjectVersion: Number of dev versions registered: 16
LogDevObjectVersion:   Dev-Blueprints (B0D832E4-1F89-4F0D-ACCF-7EB736FD4AA2): 10
LogDevObjectVersion:   Dev-Build (E1C64328-A22C-4D53-A36C-8E866417BD8C): 0
LogDevObjectVersion:   Dev-Core (375EC13C-06E4-48FB-B500-84F0262A717E): 2
LogDevObjectVersion:   Dev-Editor (E4B068ED-F494-42E9-A231-DA0B2E46BB41): 20
LogDevObjectVersion:   Dev-Framework (CFFC743F-43B0-4480-9391-14DF171D2073): 28
LogDevObjectVersion:   Dev-Mobile (B02B49B5-BB20-44E9-A304-32B752E40360): 0
LogDevObjectVersion:   Dev-Networking (A4E4105C-59A1-49B5-A7C5-40C4547EDFEE): 0
LogDevObjectVersion:   Dev-Online (39C831C9-5AE6-47DC-9A44-9C173E1C8E7C): 0
LogDevObjectVersion:   Dev-Physics (78F01B33-EBEA-4F98-B9B4-84EACCB95AA2): 0
LogDevObjectVersion:   Dev-Platform (6631380F-2D4D-43E0-8009-CF276956A95A): 0
LogDevObjectVersion:   Dev-Rendering (12F88B9F-8875-4AFC-A67C-D90C383ABD29): 19
LogDevObjectVersion:   Dev-Sequencer (7B5AE74C-D270-4C10-A958-57980B212A5A): 4
LogDevObjectVersion:   Dev-VR (D7296918-1DD6-4BDD-9DE2-64A83CC13884): 0
LogDevObjectVersion:   Dev-LoadTimes (C2A15278-BFE7-4AFE-6C17-90FF531DF755): 1
LogDevObjectVersion:   Private-Geometry (6EACA3D4-40EC-4CC1-B786-8BED09428FC5): 1
LogDevObjectVersion:   Dev-AnimPhys (29E575DD-E0A3-4627-9D10-D276232CDCEA): 7
LogInit: Compiled (64-bit): Sep 22 2017 13:47:16
LogInit: Compiled with Visual C++: 19.00.24215.01
LogInit: Build Configuration: Development
LogInit: Branch Name: ++UE4+Release-4.17
LogInit: Command line: -EpicPortal 
LogInit: Base directory: C:/Program Files/Epic Games/UE_4.17/Engine/Binaries/Win64/
LogInit: Installed Engine Build: 1
LogInit: Presizing for max 8388607 objects, including 0 objects not considered by GC, pre-allocating 0 bytes for permanent pool.
LogInit: Object subsystem initialized
[2018.01.30-17.31.19:790][  0]LogInit: Selected Device Profile: [Windows]
[2018.01.30-17.31.19:790][  0]LogInit: Applying CVar settings loaded from the selected device profile: [Windows]
[2018.01.30-17.31.19:801][  0]LogInit: Computer: DESKTOP-5PTATBL
[2018.01.30-17.31.19:801][  0]LogInit: User: Administrator
[2018.01.30-17.31.19:801][  0]LogInit: CPU Page size=4096, Cores=4
[2018.01.30-17.31.19:801][  0]LogInit: High frequency timer resolution =3.410069 MHz
[2018.01.30-17.31.19:802][  0]LogMemory: Memory total: Physical=31.9GB (32GB approx)
[2018.01.30-17.31.19:802][  0]LogMemory: Platform Memory Stats for Windows
[2018.01.30-17.31.19:802][  0]LogMemory: Process Physical Memory: 281.53 MB used, 281.53 MB peak
[2018.01.30-17.31.19:802][  0]LogMemory: Process Virtual Memory: 283.65 MB used, 283.65 MB peak
[2018.01.30-17.31.19:802][  0]LogMemory: Physical Memory: 7191.84 MB used,  25435.73 MB free, 32627.57 MB total
[2018.01.30-17.31.19:802][  0]LogMemory: Virtual Memory: 730.70 MB used,  25435.73 MB free, 134217728.00 MB total
[2018.01.30-17.31.19:933][  0]LogInit: Using OS detected language (en-US).
[2018.01.30-17.31.19:933][  0]LogInit: Using OS detected locale (en-GB).
[2018.01.30-17.31.19:935][  0]LogTextLocalizationManager: No specific localization for 'en-US' exists, so the 'en' localization will be used.
[2018.01.30-17.31.20:578][  0]LogD3D11RHI: D3D11 adapters:
[2018.01.30-17.31.20:607][  0]LogD3D11RHI:    0. 'NVIDIA GeForce GTX 970' (Feature Level 11_0)
[2018.01.30-17.31.20:607][  0]LogD3D11RHI:       4058/0/16313 MB DedicatedVideo/DedicatedSystem/SharedSystem, Outputs:2, VendorId:0x10de
[2018.01.30-17.31.20:609][  0]LogD3D11RHI:    1. 'Microsoft Basic Render Driver' (Feature Level 11_0)
[2018.01.30-17.31.20:609][  0]LogD3D11RHI:       0/0/16313 MB DedicatedVideo/DedicatedSystem/SharedSystem, Outputs:0, VendorId:0x1414
[2018.01.30-17.31.20:609][  0]LogD3D11RHI: Chosen D3D11 Adapter: 0
[2018.01.30-17.31.20:614][  0]LogD3D11RHI: Creating new Direct3DDevice
[2018.01.30-17.31.20:614][  0]LogD3D11RHI:     GPU DeviceId: 0x13c2 (for the marketing name, search the web for "GPU Device Id")
[2018.01.30-17.31.20:614][  0]LogWindows: EnumDisplayDevices:
[2018.01.30-17.31.20:614][  0]LogWindows:    0. 'NVIDIA GeForce GTX 970' (P:1 D:1)
[2018.01.30-17.31.20:615][  0]LogWindows:    1. 'NVIDIA GeForce GTX 970' (P:0 D:1)
[2018.01.30-17.31.20:615][  0]LogWindows:    2. 'NVIDIA GeForce GTX 970' (P:0 D:0)
[2018.01.30-17.31.20:615][  0]LogWindows:    3. 'NVIDIA GeForce GTX 970' (P:0 D:0)
[2018.01.30-17.31.20:615][  0]LogWindows: DebugString: FoundDriverCount:4 
[2018.01.30-17.31.20:615][  0]LogD3D11RHI:     Adapter Name: NVIDIA GeForce GTX 970
[2018.01.30-17.31.20:615][  0]LogD3D11RHI:   Driver Version: 388.13 (internal:23.21.13.8813, unified:388.13)
[2018.01.30-17.31.20:615][  0]LogD3D11RHI:      Driver Date: 10-27-2017
[2018.01.30-17.31.20:615][  0]LogRHI: Texture pool is 1361 MB (70% of 1945 MB)
[2018.01.30-17.31.20:629][  0]LogD3D11RHI: Async texture creation enabled
[2018.01.30-17.31.20:638][  0]LogD3D11RHI: GPU Timing Frequency: 1000.000000 (Debug: 2 1)
[2018.01.30-17.31.20:682][  0]LogShaderCompilers: Guid format shader working directory is -43 characters bigger than the processId version (../../../../../../Users/Administrator/Desktop/Final-Year-Project/Final-Artefact/Leap_motion_demo/Intermediate/Shaders/WorkingDirectory/11796/).
[2018.01.30-17.31.20:682][  0]LogShaderCompilers: Cleaned the shader compiler working directory 'C:/Users/Administrator/AppData/Local/Temp/UnrealShaderWorkingDir/6E2EA52546EA184396799A8D354475A4/'.
[2018.01.30-17.31.20:682][  0]LogShaderCompilers: Display: Using Local Shader Compiler.
[2018.01.30-17.31.21:536][  0]LogTemp: Display: Loaded TP AllDesktopTargetPlatform
[2018.01.30-17.31.21:581][  0]LogTemp: Display: Loaded TP MacClientTargetPlatform
[2018.01.30-17.31.21:624][  0]LogTemp: Display: Loaded TP MacNoEditorTargetPlatform
[2018.01.30-17.31.21:669][  0]LogTemp: Display: Loaded TP MacServerTargetPlatform
[2018.01.30-17.31.21:714][  0]LogTemp: Display: Loaded TP MacTargetPlatform
[2018.01.30-17.31.21:758][  0]LogTemp: Display: Loaded TP WindowsClientTargetPlatform
[2018.01.30-17.31.21:801][  0]LogTemp: Display: Loaded TP WindowsNoEditorTargetPlatform
[2018.01.30-17.31.21:847][  0]LogTemp: Display: Loaded TP WindowsServerTargetPlatform
[2018.01.30-17.31.21:884][  0]LogTemp: Display: Loaded TP WindowsTargetPlatform
[2018.01.30-17.31.21:926][  0]LogTemp: Display: Loaded TP AndroidTargetPlatform
[2018.01.30-17.31.21:968][  0]LogTemp: Display: Loaded TP Android_ASTCTargetPlatform
[2018.01.30-17.31.22:011][  0]LogTemp: Display: Loaded TP Android_ATCTargetPlatform
[2018.01.30-17.31.22:055][  0]LogTemp: Display: Loaded TP Android_DXTTargetPlatform
[2018.01.30-17.31.22:097][  0]LogTemp: Display: Loaded TP Android_ETC1TargetPlatform
[2018.01.30-17.31.22:140][  0]LogTemp: Display: Loaded TP Android_ETC2TargetPlatform
[2018.01.30-17.31.22:224][  0]LogTemp: Display: Loaded TP Android_MultiTargetPlatform
[2018.01.30-17.31.22:224][  0]LogTemp: Display: Loaded TP Android_PVRTCTargetPlatform
[2018.01.30-17.31.22:257][  0]LogTemp: Display: Loaded TP HTML5TargetPlatform
[2018.01.30-17.31.22:340][  0]LogTemp: Display: Loaded TP IOSTargetPlatform
[2018.01.30-17.31.22:366][  0]LogTemp: Display: Loaded TP TVOSTargetPlatform
[2018.01.30-17.31.22:408][  0]LogTemp: Display: Loaded TP LinuxClientTargetPlatform
[2018.01.30-17.31.22:452][  0]LogTemp: Display: Loaded TP LinuxNoEditorTargetPlatform
[2018.01.30-17.31.22:494][  0]LogTemp: Display: Loaded TP LinuxServerTargetPlatform
[2018.01.30-17.31.22:536][  0]LogTemp: Display: Loaded TP LinuxTargetPlatform
[2018.01.30-17.31.22:536][  0]LogTargetPlatformManager: Display: Building Assets For Windows
[2018.01.30-17.31.22:939][  0]LogDerivedDataCache: Display: Max Cache Size: 512 MB
[2018.01.30-17.31.23:046][  0]LogDerivedDataCache: Loaded boot cache 0.11s 93MB C:/Users/Administrator/AppData/Local/UnrealEngine/4.17/DerivedDataCache/Boot.ddc.
[2018.01.30-17.31.23:046][  0]LogDerivedDataCache: Display: Loaded Boot cache: C:/Users/Administrator/AppData/Local/UnrealEngine/4.17/DerivedDataCache/Boot.ddc
[2018.01.30-17.31.23:046][  0]LogDerivedDataCache: FDerivedDataBackendGraph:  Pak pak cache file ../../../../../../Users/Administrator/Desktop/Final-Year-Project/Final-Artefact/Leap_motion_demo/DerivedDataCache/DDC.ddp not found, will not use a pak cache.
[2018.01.30-17.31.23:046][  0]LogDerivedDataCache: Unable to find inner node Pak for hierarchical cache Hierarchy.
[2018.01.30-17.31.23:046][  0]LogDerivedDataCache: FDerivedDataBackendGraph:  CompressedPak pak cache file ../../../../../../Users/Administrator/Desktop/Final-Year-Project/Final-Artefact/Leap_motion_demo/DerivedDataCache/Compressed.ddp not found, will not use a pak cache.
[2018.01.30-17.31.23:046][  0]LogDerivedDataCache: Unable to find inner node CompressedPak for hierarchical cache Hierarchy.
[2018.01.30-17.31.23:062][  0]LogDerivedDataCache: Display: Pak cache opened for reading ../../../Engine/DerivedDataCache/Compressed.ddp.
[2018.01.30-17.31.23:075][  0]LogDerivedDataCache: Using Local data cache path C:/Users/Administrator/AppData/Local/UnrealEngine/Common/DerivedDataCache: Writable
[2018.01.30-17.31.23:085][  0]LogMaterial: Verifying Global Shaders for PCD3D_SM5
[2018.01.30-17.31.23:085][  0]LogSlate: Using Freetype 2.6.0
[2018.01.30-17.31.23:086][  0]LogSlate: SlateFontCache - WITH_FREETYPE: 1, WITH_HARFBUZZ: 1
[2018.01.30-17.31.23:086][  0]LogSlate: SlateFontCache - WITH_FREETYPE: 1, WITH_HARFBUZZ: 1
[2018.01.30-17.31.23:335][  0]LogAssetRegistry: FAssetRegistry took 0.0252 seconds to start up
[2018.01.30-17.31.23:443][  0]LogInit: Selected Device Profile: [Windows]
[2018.01.30-17.31.23:576][  0]LogContentStreaming: Texture pool size is 0.00 MB
[2018.01.30-17.31.23:840][  0]LogSimplygon: Simplygon DLL not present - disabling.
[2018.01.30-17.31.23:874][  0]LogMeshReduction: Using SimplygonSwarm for distributed automatic mesh merging
[2018.01.30-17.31.23:874][  0]LogMeshReduction: Using QuadricMeshReduction for automatic static mesh reduction
[2018.01.30-17.31.23:874][  0]LogMeshReduction: No automatic skeletal mesh reduction module available
[2018.01.30-17.31.23:874][  0]LogMeshReduction: No automatic mesh merging module available
[2018.01.30-17.31.23:874][  0]LogMeshMerging: No automatic mesh merging module available
[2018.01.30-17.31.24:206][  0]LogNetVersion: Leap_motion_demo , NetCL: 3573198, EngineNetVer: 2, GameNetVer: 0 (Checksum: 3754505209)
[2018.01.30-17.31.24:414][  0]LogPackageLocalizationCache: Processed 6 localized package path(s) for 2 prioritized culture(s) in 0.053619 seconds
[2018.01.30-17.31.24:420][  0]LogUObjectArray: 36510 objects as part of root set at end of initial load.
[2018.01.30-17.31.24:420][  0]LogUObjectAllocator: 7648152 out of 0 bytes used by permanent object pool.
[2018.01.30-17.31.24:420][  0]LogUObjectArray: CloseDisregardForGC: 0/0 objects in disregard for GC pool
[2018.01.30-17.31.24:470][  0]LogInit: WinSock: version 1.1 (2.2), MaxSocks=32767, MaxUdp=65467
[2018.01.30-17.31.26:348][  0]LogWmfMedia: Failed to load mf.dll
[2018.01.30-17.31.26:348][  0]LogWmfMedia: Failed to load required Windows Media Foundation libraries
[2018.01.30-17.31.26:386][  0]LogWindowsMoviePlayer: Could not load mf.dll. Library not found.
[2018.01.30-17.31.26:386][  0]LogWindowsMoviePlayer: Could not load mfplat.dll. Library not found.
[2018.01.30-17.31.26:387][  0]LogWindowsMoviePlayer: Could not load mfplay.dll. Library not found.
[2018.01.30-17.31.26:751][  0]LogTcpMessaging: Initializing TcpMessaging bridge
[2018.01.30-17.31.26:784][  0]LogUdpMessaging: Initializing bridge on interface 0.0.0.0:0 to multicast group 230.0.0.1:6666.
[2018.01.30-17.31.27:317][  0]LogMaterial: Uniform references updated for custom material expression Custom.
[2018.01.30-17.31.27:670][  0]SourceControl: Source control is disabled
[2018.01.30-17.31.27:670][  0]SourceControl: Source control is disabled
[2018.01.30-17.31.27:708][  0]SourceControl: Source control is disabled
[2018.01.30-17.31.27:745][  0]SourceControl: Source control is disabled
[2018.01.30-17.31.28:226][  0]LogAndroidPermission: UAndroidPermissionCallbackProxy::GetInstance
[2018.01.30-17.31.28:424][  0]LogOcInput: OculusInput pre-init called
[2018.01.30-17.31.28:640][  0]LogEngine: Initializing Engine...
[2018.01.30-17.31.28:642][  0]LogHMD: Failed to initialize OpenVR with code 110
[2018.01.30-17.31.28:860][  0]LogStats: UGameplayTagsManager::ConstructGameplayTagTree: Construct from data asset -  0.000 s
[2018.01.30-17.31.28:860][  0]LogStats: UGameplayTagsManager::ConstructGameplayTagTree: GameplayTagTreeChangedEvent.Broadcast -  0.000 s
[2018.01.30-17.31.28:964][  0]LogAIModule: Creating AISystem for world Untitled
[2018.01.30-17.31.28:971][  0]LogInit: XAudio2 using 'Speakers (Realtek High Definition Audio)' : 2 channels at 48 kHz using 32 bits per sample (channel mask 0x3)
[2018.01.30-17.31.28:979][  0]LogInit: FAudioDevice initialized.
[2018.01.30-17.31.29:116][  0]LogDerivedDataCache: Saved boot cache 0.14s 93MB C:/Users/Administrator/AppData/Local/UnrealEngine/4.17/DerivedDataCache/Boot.ddc.
[2018.01.30-17.31.29:134][  0]LogInit: Texture streaming: Enabled
[2018.01.30-17.31.29:228][  0]LogEngineSessionManager: EngineSessionManager initialized
[2018.01.30-17.31.29:407][  0]LogInit: Transaction tracking system initialized
[2018.01.30-17.31.29:662][  0]BlueprintLog: New page: Editor Load
[2018.01.30-17.31.30:406][  0]LocalizationService: Localization service is disabled
[2018.01.30-17.31.30:981][  0]LogConsoleResponse: Display: 
[2018.01.30-17.31.31:142][  0]LogCook: Display: Max memory allowance for cook 16384mb min free memory 0mb
[2018.01.30-17.31.31:142][  0]LogFileCache: Scanning file cache for directory 'C:/Users/Administrator/Desktop/Final-Year-Project/Final-Artefact/Leap_motion_demo/Content/' took 0.01s
[2018.01.30-17.31.31:142][  0]LogCook: Display: Mobile HDR setting 1
[2018.01.30-17.31.31:143][  0]LogGameplayTags: Display: UGameplayTagsManager::DoneAddingNativeTags. DelegateIsBound: 0
[2018.01.30-17.31.32:008][  0]SourceControl: Source control is disabled
[2018.01.30-17.31.32:008][  0]Cmd: MAP LOAD FILE="../../../Engine/Content/Maps/Templates/Template_Default.umap" TEMPLATE=1 SHOWPROGRESS=1 FEATURELEVEL=3
[2018.01.30-17.31.32:008][  0]LightingResults: New page: Lighting Build
[2018.01.30-17.31.32:043][  0]MapCheck: New page: Map Check
[2018.01.30-17.31.32:043][  0]LightingResults: New page: Lighting Build
[2018.01.30-17.31.32:207][  0]LogAIModule: Creating AISystem for world Untitled_1
[2018.01.30-17.31.32:211][  0]LogEditorServer: Finished looking for orphan Actors (0.000 secs)
[2018.01.30-17.31.32:224][  0]Cmd: MAP CHECKDEP NOCLEARLOG
[2018.01.30-17.31.32:264][  0]MapCheck: Map check complete: 0 Error(s), 0 Warning(s), took 39.728ms to complete.
[2018.01.30-17.31.32:264][  0]LogFileHelpers: Loading map 'Template_Default' took 0.257
[2018.01.30-17.31.32:407][  0]LogCollectionManager: Loaded 0 collections in 0.001408 seconds
[2018.01.30-17.31.32:480][  0]LogFileCache: Scanning file cache for directory 'C:/Users/Administrator/Desktop/Final-Year-Project/Final-Artefact/Leap_motion_demo/Saved/Collections/' took 0.01s
[2018.01.30-17.31.32:480][  0]LogFileCache: Scanning file cache for directory 'C:/Users/Administrator/Desktop/Final-Year-Project/Final-Artefact/Leap_motion_demo/Content/Developers/Administrator/Collections/' took 0.01s
[2018.01.30-17.31.32:480][  0]LogFileCache: Scanning file cache for directory 'C:/Users/Administrator/Desktop/Final-Year-Project/Final-Artefact/Leap_motion_demo/Content/Collections/' took 0.01s
[2018.01.30-17.31.32:480][  0]LogCollectionManager: Rebuilt the GUID cache for 0 collections in 0.000001 seconds
[2018.01.30-17.31.32:489][  0]LogContentBrowser: Native class hierarchy populated in 0.0083 seconds. Added 2413 classes and 504 folders.
[2018.01.30-17.31.32:542][  0]LogContentBrowser: Native class hierarchy updated for 'WidgetCarousel' in 0.0006 seconds. Added 0 classes and 0 folders.
[2018.01.30-17.31.32:573][  0]LogContentBrowser: Native class hierarchy updated for 'AddContentDialog' in 0.0006 seconds. Added 0 classes and 0 folders.
[2018.01.30-17.31.32:609][  0]LogContentBrowser: Native class hierarchy updated for 'SceneOutliner' in 0.0006 seconds. Added 1 classes and 2 folders.
[2018.01.30-17.31.32:633][  0]LogDirectoryWatcher: Warning: Failed to begin reading directory changes for ../../../../../../Users/Administrator/Desktop/Final-Year-Project/Final-Artefact/Leap_motion_demo/Plugins/. Error: The system cannot find the file specified. (0x00000002)
[2018.01.30-17.31.32:638][  0]LogSlate: Took 0.000206 seconds to synchronously load lazily loaded font '../../../Engine/Content/Slate/Fonts/Roboto-Regular.ttf' (155K)
[2018.01.30-17.31.32:640][  0]LogSlate: Took 0.000150 seconds to synchronously load lazily loaded font '../../../Engine/Content/Slate/Fonts/Roboto-Bold.ttf' (160K)
[2018.01.30-17.31.32:645][  0]LogSlate: Took 0.000195 seconds to synchronously load lazily loaded font '../../../Engine/Content/Editor/Slate/Fonts/FontAwesome.ttf' (139K)
[2018.01.30-17.31.32:730][  0]LogRenderer: Reallocating scene render targets to support 1104x576 Format 10 NumSamples 1 (Frame:1).
[2018.01.30-17.31.32:908][  0]LogContentBrowser: Native class hierarchy updated for 'HierarchicalLODOutliner' in 0.0007 seconds. Added 1 classes and 2 folders.
[2018.01.30-17.31.32:908][  0]LogLoad: (Engine Initialization) Total time: 14.79 seconds
[2018.01.30-17.31.32:908][  0]LogLoad: (Engine Initialization) Total Blueprint compile time: 0.00 seconds
[2018.01.30-17.31.32:908][  0]LogExternalProfiler: Found external profiler: VSPerf
[2018.01.30-17.31.32:908][  0]LogExternalProfiler: Using external profiler: VSPerf
[2018.01.30-17.31.32:937][  0]LogContentStreaming: Texture pool size now 1000 MB
[2018.01.30-17.31.32:987][  1]LogAssetRegistry: Asset discovery search completed in 9.6738 seconds
[2018.01.30-17.31.32:988][  1]LogCollectionManager: Rebuilt the object cache for 0 collections in 0.000001 seconds (found 0 objects)
[2018.01.30-17.31.32:988][  1]LogCollectionManager: Fixed up redirectors for 0 collections in 0.000034 seconds (updated 0 objects)
[2018.01.30-17.32.10:143][455]LogDirectoryWatcher: A directory notification for '../../../Engine/Plugins/' was aborted.
[2018.01.30-17.32.35:205][418]LogSlate: Took 0.000145 seconds to synchronously load lazily loaded font '../../../Engine/Content/Slate/Fonts/Roboto-Light.ttf' (159K)
[2018.01.30-17.32.48:516][418]LogSlate: Took 0.000196 seconds to synchronously load lazily loaded font '../../../Engine/Content/Slate/Fonts/Roboto-Light.ttf' (159K)
[2018.01.30-17.33.16:292][612]LogContentBrowser: Native class hierarchy updated for 'BlueprintGraph' in 0.0010 seconds. Added 113 classes and 0 folders.
[2018.01.30-17.33.17:153][612]LogSlate: Took 0.000152 seconds to synchronously load lazily loaded font '../../../Engine/Content/Slate/Fonts/Roboto-Regular.ttf' (155K)
[2018.01.30-17.33.17:834][612]LogRenderer: Reallocating scene render targets to support 1104x668 Format 10 NumSamples 1 (Frame:1).
[2018.01.30-17.33.23:185][ 91]LogRenderer: Reallocating scene render targets to support 1104x712 Format 10 NumSamples 1 (Frame:482).
[2018.01.30-17.33.53:416][703]LogSlate: Warning: Prevented a slow task dialog from being summoned while a context menu was open
[2018.01.30-17.34.00:525][531]LogSlate: Warning: Prevented a slow task dialog from being summoned while a context menu was open
[2018.01.30-17.34.01:146][531]LogBlueprint: Warning: [Compiler LeapBasicRiggedCharacter] InputAction Event references unknown Action 'ResetHMDOrientation' for  InputAction ResetHMDOrientation
[2018.01.30-17.34.01:146][531]LogBlueprint: Warning: [Compiler LeapBasicRiggedCharacter] Input Axis Event references unknown Axis 'MoveForward' for  InputAxis MoveForward
[2018.01.30-17.34.01:146][531]LogBlueprint: Warning: [Compiler LeapBasicRiggedCharacter] InputAction Event references unknown Action 'ComfortTurnRight' for  InputAction ComfortTurnRight
[2018.01.30-17.34.01:146][531]LogBlueprint: Warning: [Compiler LeapBasicRiggedCharacter] InputAction Event references unknown Action 'ComfortTurnLeft' for  InputAction ComfortTurnLeft
[2018.01.30-17.34.01:146][531]LogBlueprint: Warning: [Compiler LeapBasicRiggedCharacter] InputAction Event references unknown Action 'Jump' for  InputAction Jump
[2018.01.30-17.34.01:146][531]LogBlueprint: Warning: [Compiler LeapBasicRiggedCharacter] Input Axis Event references unknown Axis 'LookUpRate' for  InputAxis LookUpRate
[2018.01.30-17.34.01:147][531]LogBlueprint: Warning: [Compiler LeapBasicRiggedCharacter] Input Axis Event references unknown Axis 'TurnRate' for  InputAxis TurnRate
[2018.01.30-17.34.01:147][531]LogBlueprint: Warning: [Compiler LeapBasicRiggedCharacter] Input Axis Event references unknown Axis 'Turn' for  InputAxis Turn
[2018.01.30-17.34.01:147][531]LogBlueprint: Warning: [Compiler LeapBasicRiggedCharacter] Input Axis Event references unknown Axis 'LookUp' for  InputAxis LookUp
[2018.01.30-17.34.01:147][531]LogBlueprint: Warning: [Compiler LeapBasicRiggedCharacter] Input Axis Event references unknown Axis 'MoveRight' for  InputAxis MoveRight
[2018.01.30-17.34.01:153][531]LogBlueprint: Warning: [Compiler LeapBasicRiggedCharacter] [0163.03] Compile of LeapBasicRiggedCharacter successful, but with 10 Warning(s) [in 26 ms] (/LeapMotion/Blueprints/Rigging/LeapBasicRiggedCharacter.LeapBasicRiggedCharacter)
[2018.01.30-17.34.01:297][531]LogTexture: Display: Building textures: Icon128 (AutoDXT, 128X128)
[2018.01.30-17.34.01:297][531]LogAnimationCompression: Building Anim DDC data for AnimSequence /LeapMotion/Character/Basic/Walk.Walk
[2018.01.30-17.34.01:344][531]LogAnimationCompression: Building Anim DDC data for AnimSequence /LeapMotion/Character/Basic/Run.Run
[2018.01.30-17.34.01:368][531]LogAnimationCompression: Building Anim DDC data for AnimSequence /LeapMotion/Character/Basic/Idle.Idle
[2018.01.30-17.34.01:483][531]LogAnimationCompression: Building Anim DDC data for AnimSequence /LeapMotion/Character/Basic/Jump_Start.Jump_Start
[2018.01.30-17.34.01:521][531]LogAnimationCompression: Building Anim DDC data for AnimSequence /LeapMotion/Character/Basic/Jump_End.Jump_End
[2018.01.30-17.34.01:532][531]LogAnimationCompression: Building Anim DDC data for AnimSequence /LeapMotion/Character/Basic/Jump_Loop.Jump_Loop
[2018.01.30-17.34.05:363][963]BlueprintLog: New page: Compile LeapMotion
[2018.01.30-17.34.11:396][456]LogTemp: Repeating last play command: Selected Viewport
[2018.01.30-17.34.11:419][456]LogPlayLevel: PlayLevel: No blueprints needed recompiling
[2018.01.30-17.34.11:459][456]PIE: New page: PIE session: Untitled_1 (30 Jan 2018 17:34:11)
[2018.01.30-17.34.11:459][456]LogPlayLevel: Creating play world package: /Temp/UEDPIE_0_Untitled_1
[2018.01.30-17.34.11:483][456]LogPlayLevel: PIE: StaticDuplicateObject took: (0.024181s)
[2018.01.30-17.34.11:484][456]LogAIModule: Creating AISystem for world Untitled_1
[2018.01.30-17.34.11:484][456]LogPlayLevel: PIE: World Init took: (0.000738s)
[2018.01.30-17.34.11:484][456]LogPlayLevel: PIE: Created PIE world by copying editor world from /Temp/Untitled_1.Untitled_1 to /Temp/UEDPIE_0_Untitled_1.Untitled_1 (0.025167s)
[2018.01.30-17.34.11:503][456]LogInit: XAudio2 using 'Speakers (Realtek High Definition Audio)' : 2 channels at 48 kHz using 32 bits per sample (channel mask 0x3)
[2018.01.30-17.34.11:510][456]LogInit: FAudioDevice initialized.
[2018.01.30-17.34.11:563][456]LogLoad: Game class is 'GameModeBase'
[2018.01.30-17.34.11:577][456]LogWorld: Bringing World /Temp/UEDPIE_0_Untitled_1.Untitled_1 up for play (max tick rate 0) at 2018.01.30-17.34.11
[2018.01.30-17.34.11:588][456]LogWorld: Bringing up level for play took: 0.012185
[2018.01.30-17.34.11:700][456]LogContentBrowser: Native class hierarchy updated for 'MovieSceneCapture' in 0.0009 seconds. Added 11 classes and 0 folders.
[2018.01.30-17.34.11:711][456]PIE: Play in editor start time for /Temp/UEDPIE_0_Untitled_1 0.908
[2018.01.30-17.35.15:616][771]LogEditorViewport: Clicking on Actor (LMB): StaticMeshActor (Floor)
[2018.01.30-17.35.16:117][789]LogSlate: Took 0.012035 seconds to synchronously load lazily loaded font '../../../Engine/Content/Editor/Slate/Fonts/Roboto-Italic.ttf' (157K)
[2018.01.30-17.36.06:961][851]LogSlate: Warning: Prevented a slow task dialog from being summoned while a context menu was open
[2018.01.30-17.36.11:967][438]LogTemp: Repeating last play command: Selected Viewport
[2018.01.30-17.36.11:983][438]LogPlayLevel: PlayLevel: No blueprints needed recompiling
[2018.01.30-17.36.11:983][438]PIE: New page: PIE session: Untitled_1 (30 Jan 2018 17:36:11)
[2018.01.30-17.36.11:983][438]LogPlayLevel: Creating play world package: /Temp/UEDPIE_0_Untitled_1
[2018.01.30-17.36.11:985][438]LogPlayLevel: PIE: StaticDuplicateObject took: (0.001493s)
[2018.01.30-17.36.11:986][438]LogAIModule: Creating AISystem for world Untitled_1
[2018.01.30-17.36.11:986][438]LogPlayLevel: PIE: World Init took: (0.001229s)
[2018.01.30-17.36.11:986][438]LogPlayLevel: PIE: Created PIE world by copying editor world from /Temp/Untitled_1.Untitled_1 to /Temp/UEDPIE_0_Untitled_1.Untitled_1 (0.002965s)
[2018.01.30-17.36.12:004][438]LogInit: XAudio2 using 'Speakers (Realtek High Definition Audio)' : 2 channels at 48 kHz using 32 bits per sample (channel mask 0x3)
[2018.01.30-17.36.12:011][438]LogInit: FAudioDevice initialized.
[2018.01.30-17.36.12:041][438]LogLoad: Game class is 'LeapMotion_C'
[2018.01.30-17.36.12:043][438]LogWorld: Bringing World /Temp/UEDPIE_0_Untitled_1.Untitled_1 up for play (max tick rate 0) at 2018.01.30-17.36.12
[2018.01.30-17.36.12:043][438]LogWorld: Bringing up level for play took: 0.000945
[2018.01.30-17.36.12:125][438]LeapPluginLog: InterfaceObject: LeapAnimBodyConnector_C_0
[2018.01.30-17.36.12:134][438]Cmd: stereo reset
[2018.01.30-17.36.12:173][438]Command not recognized: stereo reset
[2018.01.30-17.36.12:173][438]PIE: Play in editor start time for /Temp/UEDPIE_0_Untitled_1 -0.631
[2018.01.30-17.37.14:306][718]BlueprintLog: New page: Compile LeapMotion
[2018.01.30-17.37.17:007][  6]LogTemp: Repeating last play command: Selected Viewport
[2018.01.30-17.37.17:022][  6]LogPlayLevel: PlayLevel: No blueprints needed recompiling
[2018.01.30-17.37.17:022][  6]PIE: New page: PIE session: Untitled_1 (30 Jan 2018 17:37:17)
[2018.01.30-17.37.17:022][  6]LogPlayLevel: Creating play world package: /Temp/UEDPIE_0_Untitled_1
[2018.01.30-17.37.17:024][  6]LogPlayLevel: PIE: StaticDuplicateObject took: (0.001782s)
[2018.01.30-17.37.17:025][  6]LogAIModule: Creating AISystem for world Untitled_1
[2018.01.30-17.37.17:025][  6]LogPlayLevel: PIE: World Init took: (0.000840s)
[2018.01.30-17.37.17:025][  6]LogPlayLevel: PIE: Created PIE world by copying editor world from /Temp/Untitled_1.Untitled_1 to /Temp/UEDPIE_0_Untitled_1.Untitled_1 (0.002842s)
[2018.01.30-17.37.17:045][  6]LogInit: XAudio2 using 'Speakers (Realtek High Definition Audio)' : 2 channels at 48 kHz using 32 bits per sample (channel mask 0x3)
[2018.01.30-17.37.17:051][  6]LogInit: FAudioDevice initialized.
[2018.01.30-17.37.17:081][  6]LogLoad: Game class is 'LeapMotion_C'
[2018.01.30-17.37.17:083][  6]LogWorld: Bringing World /Temp/UEDPIE_0_Untitled_1.Untitled_1 up for play (max tick rate 0) at 2018.01.30-17.37.17
[2018.01.30-17.37.17:083][  6]LogWorld: Bringing up level for play took: 0.000877
[2018.01.30-17.37.17:085][  6]LeapPluginLog: InterfaceObject: LeapAnimBodyConnector_C_0
[2018.01.30-17.37.17:086][  6]Cmd: stereo reset
[2018.01.30-17.37.17:086][  6]Command not recognized: stereo reset
[2018.01.30-17.37.17:086][  6]PIE: Play in editor start time for /Temp/UEDPIE_0_Untitled_1 0.283
[2018.01.30-17.39.24:463][803]LogSlate: Warning: Prevented a slow task dialog from being summoned while a context menu was open
[2018.01.30-17.39.25:470][919]LogUObjectGlobals: Warning: Failed to find object 'Class None.None'
[2018.01.30-17.39.32:949][804]LogMetaData: Removing '/Game/Blueprints/LeapMotion.LeapMotion:UserConstructionScript.K2Node_FunctionEntry_0' ref from Metadata '/Game/LeapMotion.PackageMetaData'
[2018.01.30-17.39.32:949][804]LogMetaData: Removing '/Game/Blueprints/LeapMotion.SKEL_LeapMotion_C' ref from Metadata '/Game/LeapMotion.PackageMetaData'
[2018.01.30-17.39.32:949][804]LogMetaData: Removing '/Game/Blueprints/LeapMotion.LeapMotion_C' ref from Metadata '/Game/LeapMotion.PackageMetaData'
[2018.01.30-17.39.32:949][804]LogMetaData: Removing '/Game/Blueprints/LeapMotion.LeapMotion:EventGraph.K2Node_Event_0' ref from Metadata '/Game/LeapMotion.PackageMetaData'
[2018.01.30-17.39.32:949][804]LogMetaData: Removing '/Game/Blueprints/LeapMotion.LeapMotion:EventGraph.K2Node_Event_1' ref from Metadata '/Game/LeapMotion.PackageMetaData'
[2018.01.30-17.39.32:949][804]LogMetaData: Removing '/Game/Blueprints/LeapMotion.SKEL_LeapMotion_C:ReceiveBeginPlay' ref from Metadata '/Game/LeapMotion.PackageMetaData'
[2018.01.30-17.39.32:949][804]LogMetaData: Removing '/Game/Blueprints/LeapMotion.SKEL_LeapMotion_C:ReceiveTick' ref from Metadata '/Game/LeapMotion.PackageMetaData'
[2018.01.30-17.39.32:949][804]LogMetaData: Removing '/Game/Blueprints/LeapMotion.SKEL_LeapMotion_C:DefaultSceneRoot' ref from Metadata '/Game/LeapMotion.PackageMetaData'
[2018.01.30-17.39.32:949][804]LogMetaData: Removing '/Game/Blueprints/LeapMotion.SKEL_LeapMotion_C:UserConstructionScript' ref from Metadata '/Game/LeapMotion.PackageMetaData'
[2018.01.30-17.39.32:949][804]LogMetaData: Removing '/Game/Blueprints/LeapMotion.LeapMotion_C:DefaultSceneRoot' ref from Metadata '/Game/LeapMotion.PackageMetaData'
[2018.01.30-17.39.32:949][804]LogMetaData: Removing '/Game/Blueprints/LeapMotion.LeapMotion_C:UserConstructionScript' ref from Metadata '/Game/LeapMotion.PackageMetaData'
[2018.01.30-17.39.33:030][804]LogSavePackage: Save=30.94ms
[2018.01.30-17.39.33:030][804]LogSavePackage: Moving '../../../../../../Users/Administrator/Desktop/Final-Year-Project/Final-Artefact/Leap_motion_demo/Saved/LeapMotionF655B50941E9A92D780B088070EC658F.tmp' to '../../../../../../Users/Administrator/Desktop/Final-Year-Project/Final-Artefact/Leap_motion_demo/Content/Blueprints/LeapMotion.uasset'
[2018.01.30-17.39.33:033][804]LogSavePackage: Display: Finished SavePackage ../../../../../../Users/Administrator/Desktop/Final-Year-Project/Final-Artefact/Leap_motion_demo/Content/Blueprints/LeapMotion.uasset
[2018.01.30-17.40.22:783][303]LogActorFactory: Actor Factory created Cube
[2018.01.30-17.40.22:787][303]LogMaterial: Missing cached shader map for material BasicShapeMaterial, compiling. 
[2018.01.30-17.40.24:496][488]LogActorFactory: Actor Factory created Cube
[2018.01.30-17.40.37:661][ 27]LogTemp: Repeating last play command: Selected Viewport
[2018.01.30-17.40.37:677][ 27]LogPlayLevel: PlayLevel: No blueprints needed recompiling
[2018.01.30-17.40.37:678][ 27]PIE: New page: PIE session: Untitled_1 (30 Jan 2018 17:40:37)
[2018.01.30-17.40.37:678][ 27]LogPlayLevel: Creating play world package: /Temp/UEDPIE_0_Untitled_1
[2018.01.30-17.40.37:679][ 27]LogPlayLevel: PIE: StaticDuplicateObject took: (0.001799s)
[2018.01.30-17.40.37:680][ 27]LogAIModule: Creating AISystem for world Untitled_1
[2018.01.30-17.40.37:680][ 27]LogPlayLevel: PIE: World Init took: (0.000699s)
[2018.01.30-17.40.37:680][ 27]LogPlayLevel: PIE: Created PIE world by copying editor world from /Temp/Untitled_1.Untitled_1 to /Temp/UEDPIE_0_Untitled_1.Untitled_1 (0.002708s)
[2018.01.30-17.40.37:701][ 27]LogInit: XAudio2 using 'Speakers (Realtek High Definition Audio)' : 2 channels at 48 kHz using 32 bits per sample (channel mask 0x3)
[2018.01.30-17.40.37:710][ 27]LogInit: FAudioDevice initialized.
[2018.01.30-17.40.37:738][ 27]LogLoad: Game class is 'GameModeBase'
[2018.01.30-17.40.37:740][ 27]LogWorld: Bringing World /Temp/UEDPIE_0_Untitled_1.Untitled_1 up for play (max tick rate 0) at 2018.01.30-17.40.37
[2018.01.30-17.40.37:740][ 27]LogWorld: Bringing up level for play took: 0.000902
[2018.01.30-17.40.37:742][ 27]PIE: Play in editor start time for /Temp/UEDPIE_0_Untitled_1 0.938
[2018.01.30-17.41.10:594][786]LogEditorViewport: Clicking on Actor (LMB): BP_Sky_Sphere_C (Sky Sphere)
[2018.01.30-17.41.13:395][117]MapCheck: New page: Map Check
[2018.01.30-17.41.13:504][117]Cmd: MAP REBUILD ALLVISIBLE
[2018.01.30-17.41.13:504][117]LogEditorServer: Rebuildmap Clear paths rebuilt
[2018.01.30-17.41.13:745][117]LogMaterial: Missing cached shader map for material FDebugViewModeMaterialProxy WorldGridMaterial, compiling. Is special engine material.
[2018.01.30-17.41.13:754][117]LogMaterial: Missing cached shader map for material FDebugViewModeMaterialProxy DefaultMaterial, compiling. 
[2018.01.30-17.41.13:759][117]LogMaterial: Missing cached shader map for material FDebugViewModeMaterialProxy MaterialInstanceDynamic_1, compiling. 
[2018.01.30-17.41.13:766][117]LogMaterial: Missing cached shader map for material FDebugViewModeMaterialProxy BasicShapeMaterial, compiling. 
[2018.01.30-17.41.14:205][117]TextureStreamingBuild: Display: Compiling optional shaders took 0.482 seconds.
[2018.01.30-17.41.14:232][117]LogLevel: Display: Export Material TexCoord Scales took 0.026 seconds.
[2018.01.30-17.41.14:248][117]TextureStreamingBuild: Display: Build Texture Streaming took 0.016 seconds.
[2018.01.30-17.41.14:275][117]LightingResults: New page: Lighting Build - 30 Jan 2018 17:41:14
[2018.01.30-17.41.14:456][117]LogSwarmInterface: [OpenConnection] Registering TCP channel ...
[2018.01.30-17.41.14:543][117]LogSwarmInterface: [OpenConnection] Connecting to agent ...
[2018.01.30-17.41.14:631][117]LogSwarmInterface: [TryOpenConnection] Testing the Agent
[2018.01.30-17.41.15:905][117]LogSwarmInterface: [TryOpenConnection] Opening Connection to Agent
[2018.01.30-17.41.15:905][117]LogSwarmInterface: [TryOpenConnection] Local Process ID is 11796
[2018.01.30-17.41.19:201][117]LogStaticLightingSystem: Warning: No importance volume found, so the scene bounding box was used.  You can optimize your scene's quality and lighting build times by adding importance volumes.
[2018.01.30-17.41.19:201][117]LogStaticLightingSystem: Running Lightmass w/ ImmediateImport mode ENABLED
[2018.01.30-17.41.19:201][117]LogStaticLightingSystem: Running Lightmass w/ ImmediateProcess mode ENABLED
[2018.01.30-17.41.19:201][117]LogStaticLightingSystem: Running Lightmass w/ Sorting mode ENABLED
[2018.01.30-17.41.19:201][117]LogStaticLightingSystem: Running Lightmass w/ Mapping paddings ENABLED
[2018.01.30-17.41.19:201][117]LogStaticLightingSystem: Running Lightmass w/ Mapping debug paddings DISABLED
[2018.01.30-17.41.19:614][117]Cmd: MAP CHECK DONTDISPLAYDIALOG
[2018.01.30-17.41.19:614][117]MapCheck: New page: Untitled_1 - 30 Jan 2018 17:41:19
[2018.01.30-17.41.19:615][117]MapCheck: Error: WorldSettings_1 Maps need lighting rebuilt 
[2018.01.30-17.41.19:664][117]MapCheck: Map check complete: 1 Error(s), 0 Warning(s), took 49.924ms to complete.
[2018.01.30-17.41.19:686][117]LogEditorBuildUtils: Build time 0:06
[2018.01.30-17.41.19:706][117]LogMaterial: Missing cached shader map for material FLightmassMaterialRenderer DefaultMaterial, compiling. 
[2018.01.30-17.41.19:714][117]LogMaterial: Missing cached shader map for material FLightmassMaterialRenderer DefaultMaterial, compiling. 
[2018.01.30-17.41.19:815][118]LogMaterial: Missing cached shader map for material FLightmassMaterialRenderer MaterialInstanceDynamic_1, compiling. 
[2018.01.30-17.41.19:821][118]LogMaterial: Missing cached shader map for material FLightmassMaterialRenderer MaterialInstanceDynamic_1, compiling. 
[2018.01.30-17.41.19:871][119]LogMaterial: Missing cached shader map for material FLightmassMaterialRenderer BasicShapeMaterial, compiling. 
[2018.01.30-17.41.19:880][119]LogMaterial: Missing cached shader map for material FLightmassMaterialRenderer BasicShapeMaterial, compiling. 
[2018.01.30-17.41.22:112][204]Job is a success!
[2018.01.30-17.41.22:206][205]LogTexture: Display: Building textures: HQ_Lightmap1_1 (AutoDXT, 256X256)
[2018.01.30-17.41.22:206][205]LogTexture: Display: Building textures: LQ_Lightmap_1_1 (DXT1, 256X256)
[2018.01.30-17.41.22:206][205]LogTexture: Display: Building textures: LQ_Lightmap_1_2 (DXT1, 64X64)
[2018.01.30-17.41.22:206][205]LogTexture: Display: Building textures: HQ_Lightmap1_2 (AutoDXT, 64X64)
[2018.01.30-17.41.22:206][205]LogTexture: Display: Building textures: ShadowMapTexture2D_3 (G8, 32X32)
[2018.01.30-17.41.22:206][205]LogTexture: Display: Building textures: ShadowMapTexture2D_2 (G8, 256X128)
[2018.01.30-17.41.22:295][205]Lightmass on DESKTOP-5PTATBL: 725 ms total, 135 ms importing, 25 ms setup, 272 ms photons, 275 ms processing, 0 ms extra exporting [3/3 mappings]. Threads: 1.76 sec total, 176 ms processing.
[2018.01.30-17.41.22:347][205]LogStaticLightingSystem: Illumination: 8.03 sec (15 ms encoding lightmaps, 12 ms encoding shadowmaps)
[2018.01.30-17.41.22:347][205]LogStaticLightingSystem: Lightmap texture memory:  0.1 MB (0.1 MB streaming, 0.0 MB non-streaming), 4 textures
[2018.01.30-17.41.22:347][205]LogStaticLightingSystem: Shadowmap texture memory: 0.0 MB (0.0 MB streaming, 0.0 MB non-streaming), 2 textures
[2018.01.30-17.41.23:204][205]DumpUnbuiltLightIteractions
[2018.01.30-17.41.23:204][205]Lights with unbuilt interactions: 0
[2018.01.30-17.41.23:204][205]
[2018.01.30-17.41.23:205][205]Primitives with unbuilt interactions: 0
[2018.01.30-17.41.23:215][206]Cmd: MAP CHECK NOTIFYRESULTS
[2018.01.30-17.41.23:216][206]MapCheck: New page: Untitled_1 - 30 Jan 2018 17:41:23
[2018.01.30-17.41.23:274][206]MapCheck: Map check complete: 0 Error(s), 0 Warning(s), took 58.158ms to complete.
[2018.01.30-17.43.57:850][750]LogSlate: Took 0.000247 seconds to synchronously load lazily loaded font '../../../Engine/Content/Slate/Fonts/Roboto-Light.ttf' (159K)
[2018.01.30-17.44.06:881][808]LogSavePackage: Save=23.52ms
[2018.01.30-17.44.06:881][808]LogSavePackage: Moving '../../../../../../Users/Administrator/Desktop/Final-Year-Project/Final-Artefact/Leap_motion_demo/Saved/Untitled_1_Auto14324E019465B95E5101845ADC3261CA4.tmp' to '../../../../../../Users/Administrator/Desktop/Final-Year-Project/Final-Artefact/Leap_motion_demo/Saved/Autosaves/Temp/Untitled_1_Auto1.umap'
[2018.01.30-17.44.06:882][808]LogSavePackage: Display: Finished SavePackage ../../../../../../Users/Administrator/Desktop/Final-Year-Project/Final-Artefact/Leap_motion_demo/Saved/Autosaves/Temp/Untitled_1_Auto1.umap
[2018.01.30-17.44.06:914][808]LogFileHelpers: Editor autosave (incl. sublevels) for '/Temp/Untitled_1' took 0.078
[2018.01.30-17.44.06:914][808]LogFileHelpers: Editor autosave (incl. sublevels) for all levels took 0.078
[2018.01.30-17.44.06:916][808]OBJ SavePackage: Generating thumbnails for [0] asset(s) in package [/Game/Blueprints/Player_Cube] ([1] browsable assets)...
[2018.01.30-17.44.06:916][808]OBJ SavePackage: Finished generating thumbnails for package [/Game/Blueprints/Player_Cube]
[2018.01.30-17.44.06:930][808]LogSavePackage: Save=11.84ms
[2018.01.30-17.44.06:930][808]LogSavePackage: Moving '../../../../../../Users/Administrator/Desktop/Final-Year-Project/Final-Artefact/Leap_motion_demo/Saved/Player_Cube_Auto1107D54754692590E7F134CA063983061.tmp' to '../../../../../../Users/Administrator/Desktop/Final-Year-Project/Final-Artefact/Leap_motion_demo/Saved/Autosaves/Game/Blueprints/Player_Cube_Auto1.uasset'
[2018.01.30-17.44.06:931][808]LogSavePackage: Display: Finished SavePackage ../../../../../../Users/Administrator/Desktop/Final-Year-Project/Final-Artefact/Leap_motion_demo/Saved/Autosaves/Game/Blueprints/Player_Cube_Auto1.uasset
[2018.01.30-17.44.06:931][808]LogFileHelpers: Auto-saving content packages took 0.016
[2018.01.30-17.45.10:939][433]LogEditorViewport: Clicking on Actor (LMB): StaticMeshActor (Cube)
[2018.01.30-17.45.15:576][981]LogEditorViewport: Clicking on Actor (LMB): CameraActor (CameraActor)
[2018.01.30-17.45.16:994][140]LogEditorViewport: Clicking on Actor (LMB): StaticMeshActor (Cube)
[2018.01.30-17.45.20:083][502]Cmd: TRANSACTION UNDO
[2018.01.30-17.45.20:083][502]LogEditorTransaction: Undo Move Actors
[2018.01.30-17.45.21:662][672]LogEditorViewport: Clicking on Actor (LMB): StaticMeshActor (Cube)
[2018.01.30-17.48.58:931][609]LogSavePackage: Save=27.43ms
[2018.01.30-17.48.58:931][609]LogSavePackage: Moving '../../../../../../Users/Administrator/Desktop/Final-Year-Project/Final-Artefact/Leap_motion_demo/Saved/Test_sceneE098B55F4F5A14BFC64F1EA14F4CB813.tmp' to '../../../../../../Users/Administrator/Desktop/Final-Year-Project/Final-Artefact/Leap_motion_demo/Content/Scenes/Test_scene.umap'
[2018.01.30-17.48.58:937][609]LogSavePackage: Display: Finished SavePackage ../../../../../../Users/Administrator/Desktop/Final-Year-Project/Final-Artefact/Leap_motion_demo/Content/Scenes/Test_scene.umap
[2018.01.30-17.48.58:955][609]LogFileHelpers: Saving map 'Test_scene' took 0.664
[2018.01.30-17.48.58:973][609]LogSavePackage: Save=13.06ms
[2018.01.30-17.48.58:973][609]LogSavePackage: Moving '../../../../../../Users/Administrator/Desktop/Final-Year-Project/Final-Artefact/Leap_motion_demo/Saved/Test_scene_BuiltDataE8A400A34F6E71F0BA086AA49D7DE915.tmp' to '../../../../../../Users/Administrator/Desktop/Final-Year-Project/Final-Artefact/Leap_motion_demo/Content/Scenes/Test_scene_BuiltData.uasset'
[2018.01.30-17.48.58:975][609]LogSavePackage: Display: Finished SavePackage ../../../../../../Users/Administrator/Desktop/Final-Year-Project/Final-Artefact/Leap_motion_demo/Content/Scenes/Test_scene_BuiltData.uasset
[2018.01.30-17.48.58:991][609]LogSavePackage: Save=12.09ms
[2018.01.30-17.48.58:991][609]LogSavePackage: Moving '../../../../../../Users/Administrator/Desktop/Final-Year-Project/Final-Artefact/Leap_motion_demo/Saved/Player_CubeEF78E2D64EFCF74CE3AB62BF1477ACCA.tmp' to '../../../../../../Users/Administrator/Desktop/Final-Year-Project/Final-Artefact/Leap_motion_demo/Content/Blueprints/Player_Cube.uasset'
[2018.01.30-17.48.58:993][609]LogSavePackage: Display: Finished SavePackage ../../../../../../Users/Administrator/Desktop/Final-Year-Project/Final-Artefact/Leap_motion_demo/Content/Blueprints/Player_Cube.uasset
[2018.01.30-17.49.01:792][920]LogActorComponent: UnregisterComponent: (/Engine/Transient.EditorFloorComp) Not registered. Aborting.
[2018.01.30-17.49.01:851][920]LogWindowsTextInputMethodSystem: Display: IME system now deactivated.
[2018.01.30-17.49.02:055][921]Cmd: QUIT_EDITOR
[2018.01.30-17.49.02:124][921]LogExit: Preparing to exit.
[2018.01.30-17.49.03:255][921]LogDirectoryWatcher: A directory notification for 'C:/Users/Administrator/Desktop/Final-Year-Project/Final-Artefact/Leap_motion_demo/Content/' was aborted.
[2018.01.30-17.49.03:284][921]LogExit: Editor shut down
[2018.01.30-17.49.03:287][921]LogExit: Transaction tracking system shut down
[2018.01.30-17.49.03:441][921]LogDirectoryWatcher: A directory notification for '../../../Engine/Content/' was aborted.
[2018.01.30-17.49.03:441][921]LogDirectoryWatcher: A directory notification for '../../../../../../Users/Administrator/Desktop/Final-Year-Project/Final-Artefact/Leap_motion_demo/Content/' was aborted.
[2018.01.30-17.49.03:441][921]LogDirectoryWatcher: A directory notification for '../../../Engine/Plugins/2D/Paper2D/Content/' was aborted.
[2018.01.30-17.49.03:441][921]LogDirectoryWatcher: A directory notification for '../../../Engine/Plugins/Runtime/LeapMotion/Content/' was aborted.
[2018.01.30-17.49.03:441][921]LogDirectoryWatcher: A directory notification for '../../../Engine/Plugins/Runtime/Oculus/OculusVR/Content/' was aborted.
[2018.01.30-17.49.03:441][921]LogDirectoryWatcher: A directory notification for '../../../Engine/Plugins/Runtime/Steam/SteamVR/Content/' was aborted.
[2018.01.30-17.49.03:563][921]LogExit: Object subsystem successfully closed.
[2018.01.30-17.49.03:584][921]LogD3D11RHI: Shutdown
[2018.01.30-17.49.03:584][921]LogD3D11RHI: CleanupD3DDevice
[2018.01.30-17.49.03:586][921]LogD3D11RHI: ~FD3D11DynamicRHI
[2018.01.30-17.49.03:609][921]LogModuleManager: Shutting down and abandoning module HierarchicalLODUtilities (540)
[2018.01.30-17.49.03:609][921]LogModuleManager: Shutting down and abandoning module MovieSceneCapture (538)
[2018.01.30-17.49.03:609][921]LogModuleManager: Shutting down and abandoning module BlueprintGraph (536)
[2018.01.30-17.49.03:609][921]LogModuleManager: Shutting down and abandoning module BlueprintProfiler (534)
[2018.01.30-17.49.03:616][921]LogModuleManager: Shutting down and abandoning module HierarchicalLODOutliner (532)
[2018.01.30-17.49.03:616][921]LogModuleManager: Shutting down and abandoning module SceneOutliner (530)
[2018.01.30-17.49.03:616][921]LogModuleManager: Shutting down and abandoning module AddContentDialog (528)
[2018.01.30-17.49.03:616][921]LogDirectoryWatcher: A directory notification for 'C:/Program Files/Epic Games/UE_4.17/FeaturePacks/' was aborted.
[2018.01.30-17.49.03:617][921]LogModuleManager: Shutting down and abandoning module WidgetCarousel (527)
[2018.01.30-17.49.03:617][921]LogModuleManager: Shutting down and abandoning module EditorWidgets (524)
[2018.01.30-17.49.03:617][921]LogModuleManager: Shutting down and abandoning module CollectionManager (522)
[2018.01.30-17.49.03:617][921]LogDirectoryWatcher: A directory notification for 'C:/Users/Administrator/Desktop/Final-Year-Project/Final-Artefact/Leap_motion_demo/Content/Collections/' was aborted.
[2018.01.30-17.49.03:617][921]LogDirectoryWatcher: A directory notification for 'C:/Users/Administrator/Desktop/Final-Year-Project/Final-Artefact/Leap_motion_demo/Content/Developers/Administrator/Collections/' was aborted.
[2018.01.30-17.49.03:617][921]LogDirectoryWatcher: A directory notification for 'C:/Users/Administrator/Desktop/Final-Year-Project/Final-Artefact/Leap_motion_demo/Saved/Collections/' was aborted.
[2018.01.30-17.49.03:617][921]LogModuleManager: Shutting down and abandoning module StatsViewer (520)
[2018.01.30-17.49.03:617][921]LogModuleManager: Shutting down and abandoning module FoliageEdit (518)
[2018.01.30-17.49.03:617][921]LogModuleManager: Shutting down and abandoning module LandscapeEditor (516)
[2018.01.30-17.49.03:617][921]LogModuleManager: Shutting down and abandoning module MeshPaintMode (514)
[2018.01.30-17.49.03:617][921]LogModuleManager: Shutting down and abandoning module SceneDepthPickerMode (512)
[2018.01.30-17.49.03:617][921]LogModuleManager: Shutting down and abandoning module ActorPickerMode (510)
[2018.01.30-17.49.03:617][921]LogModuleManager: Shutting down and abandoning module GeometryMode (508)
[2018.01.30-17.49.03:617][921]LogModuleManager: Shutting down and abandoning module TextureAlignMode (506)
[2018.01.30-17.49.03:618][921]LogModuleManager: Shutting down and abandoning module BspMode (504)
[2018.01.30-17.49.03:618][921]LogModuleManager: Shutting down and abandoning module PIEPreviewDeviceProfileSelector (502)
[2018.01.30-17.49.03:618][921]LogModuleManager: Shutting down and abandoning module HardwareSurvey (500)
[2018.01.30-17.49.03:618][921]LogModuleManager: Shutting down and abandoning module SequenceRecorderSections (498)
[2018.01.30-17.49.03:618][921]LogModuleManager: Shutting down and abandoning module AutomationWorker (496)
[2018.01.30-17.49.03:618][921]LogModuleManager: Shutting down and abandoning module MatineeToLevelSequence (494)
[2018.01.30-17.49.03:618][921]LogModuleManager: Shutting down and abandoning module LevelSequenceEditor (492)
[2018.01.30-17.49.03:618][921]LogModuleManager: Shutting down and abandoning module PlacementMode (491)
[2018.01.30-17.49.03:618][921]LogModuleManager: Shutting down and abandoning module WmfMediaFactory (488)
[2018.01.30-17.49.03:618][921]LogModuleManager: Shutting down and abandoning module WmfMediaEditor (486)
[2018.01.30-17.49.03:618][921]LogModuleManager: Shutting down and abandoning module AvfMediaFactory (484)
[2018.01.30-17.49.03:618][921]LogModuleManager: Shutting down and abandoning module AvfMediaEditor (482)
[2018.01.30-17.49.03:618][921]LogModuleManager: Shutting down and abandoning module AndroidMediaFactory (480)
[2018.01.30-17.49.03:618][921]LogModuleManager: Shutting down and abandoning module Media (479)
[2018.01.30-17.49.03:618][921]LogModuleManager: Shutting down and abandoning module AndroidMediaEditor (476)
[2018.01.30-17.49.03:618][921]LogModuleManager: Shutting down and abandoning module CharacterAI (474)
[2018.01.30-17.49.03:618][921]LogModuleManager: Shutting down and abandoning module AudioCapture (472)
[2018.01.30-17.49.03:618][921]LogModuleManager: Shutting down and abandoning module SequenceRecorder (471)
[2018.01.30-17.49.03:618][921]LogModuleManager: Shutting down and abandoning module SmartSnapping (468)
[2018.01.30-17.49.03:618][921]LogModuleManager: Shutting down and abandoning module SessionServices (466)
[2018.01.30-17.49.03:618][921]LogModuleManager: Shutting down and abandoning module ViewportSnapping (464)
[2018.01.30-17.49.03:618][921]LogModuleManager: Shutting down and abandoning module ViewportInteraction (462)
[2018.01.30-17.49.03:618][921]LogModuleManager: Shutting down and abandoning module ClothPainter (460)
[2018.01.30-17.49.03:618][921]LogModuleManager: Shutting down and abandoning module LogVisualizer (458)
[2018.01.30-17.49.03:618][921]LogModuleManager: Shutting down and abandoning module IntroTutorials (456)
[2018.01.30-17.49.03:618][921]LogModuleManager: Shutting down and abandoning module GameProjectGeneration (455)
[2018.01.30-17.49.03:618][921]LogModuleManager: Shutting down and abandoning module IOSPlatformEditor (452)
[2018.01.30-17.49.03:618][921]LogModuleManager: Shutting down and abandoning module HTML5PlatformEditor (450)
[2018.01.30-17.49.03:618][921]LogModuleManager: Shutting down and abandoning module AndroidPlatformEditor (448)
[2018.01.30-17.49.03:618][921]LogModuleManager: Shutting down and abandoning module AndroidDeviceDetection (447)
[2018.01.30-17.49.04:111][921]LogModuleManager: Shutting down and abandoning module WindowsPlatformEditor (444)
[2018.01.30-17.49.04:111][921]LogModuleManager: Shutting down and abandoning module IOSRuntimeSettings (442)
[2018.01.30-17.49.04:111][921]LogModuleManager: Shutting down and abandoning module AndroidRuntimeSettings (440)
[2018.01.30-17.49.04:111][921]LogModuleManager: Shutting down and abandoning module InputBindingEditor (438)
[2018.01.30-17.49.04:111][921]LogModuleManager: Shutting down and abandoning module MergeActors (436)
[2018.01.30-17.49.04:111][921]LogModuleManager: Shutting down and abandoning module SizeMap (434)
[2018.01.30-17.49.04:111][921]LogModuleManager: Shutting down and abandoning module TreeMap (432)
[2018.01.30-17.49.04:111][921]LogModuleManager: Shutting down and abandoning module ReferenceViewer (430)
[2018.01.30-17.49.04:111][921]LogModuleManager: Shutting down and abandoning module LocalizationDashboard (428)
[2018.01.30-17.49.04:111][921]LogModuleManager: Shutting down and abandoning module LocalizationService (427)
[2018.01.30-17.49.04:111][921]LogModuleManager: Shutting down and abandoning module HardwareTargeting (424)
[2018.01.30-17.49.04:111][921]LogModuleManager: Shutting down and abandoning module DeviceProfileEditor (422)
[2018.01.30-17.49.04:111][921]LogModuleManager: Shutting down and abandoning module UndoHistory (420)
[2018.01.30-17.49.04:111][921]LogModuleManager: Shutting down and abandoning module XmlParser (418)
[2018.01.30-17.49.04:111][921]LogModuleManager: Shutting down and abandoning module Blutility (416)
[2018.01.30-17.49.04:111][921]LogModuleManager: Shutting down and abandoning module ProjectSettingsViewer (414)
[2018.01.30-17.49.04:111][921]LogModuleManager: Shutting down and abandoning module ProjectTargetPlatformEditor (413)
[2018.01.30-17.49.04:111][921]LogModuleManager: Shutting down and abandoning module EditorSettingsViewer (410)
[2018.01.30-17.49.04:111][921]LogModuleManager: Shutting down and abandoning module SettingsEditor (408)
[2018.01.30-17.49.04:111][921]LogModuleManager: Shutting down and abandoning module ProjectLauncher (406)
[2018.01.30-17.49.04:111][921]LogModuleManager: Shutting down and abandoning module SessionFrontend (404)
[2018.01.30-17.49.04:111][921]LogModuleManager: Shutting down and abandoning module ProfilerClient (402)
[2018.01.30-17.49.04:111][921]LogModuleManager: Shutting down and abandoning module DeviceManager (400)
[2018.01.30-17.49.04:111][921]LogModuleManager: Shutting down and abandoning module TargetDeviceServices (399)
[2018.01.30-17.49.04:175][921]LogModuleManager: Shutting down and abandoning module AutomationController (396)
[2018.01.30-17.49.04:175][921]LogModuleManager: Shutting down and abandoning module AutomationWindow (394)
[2018.01.30-17.49.04:175][921]LogModuleManager: Shutting down and abandoning module Layers (392)
[2018.01.30-17.49.04:175][921]LogModuleManager: Shutting down and abandoning module ComponentVisualizers (390)
[2018.01.30-17.49.04:175][921]LogModuleManager: Shutting down and abandoning module DetailCustomizations (388)
[2018.01.30-17.49.04:175][921]LogModuleManager: Shutting down and abandoning module PackagesDialog (386)
[2018.01.30-17.49.04:175][921]LogModuleManager: Shutting down and abandoning module Persona (384)
[2018.01.30-17.49.04:175][921]LogModuleManager: Shutting down and abandoning module AdvancedPreviewScene (383)
[2018.01.30-17.49.04:175][921]LogModuleManager: Shutting down and abandoning module AnimGraph (381)
[2018.01.30-17.49.04:175][921]LogModuleManager: Shutting down and abandoning module Kismet (378)
[2018.01.30-17.49.04:182][921]LogModuleManager: Shutting down and abandoning module ClassViewer (376)
[2018.01.30-17.49.04:183][921]LogModuleManager: Shutting down and abandoning module Toolbox (374)
[2018.01.30-17.49.04:183][921]LogModuleManager: Shutting down and abandoning module ModuleUI (372)
[2018.01.30-17.49.04:184][921]LogModuleManager: Shutting down and abandoning module MovieSceneTools (370)
[2018.01.30-17.49.04:184][921]LogModuleManager: Shutting down and abandoning module OutputLog (368)
[2018.01.30-17.49.04:184][921]LogModuleManager: Shutting down and abandoning module GammaUI (366)
[2018.01.30-17.49.04:184][921]LogModuleManager: Shutting down and abandoning module Documentation (364)
[2018.01.30-17.49.04:184][921]LogModuleManager: Shutting down and abandoning module MovieSceneTracks (362)
[2018.01.30-17.49.04:184][921]LogModuleManager: Shutting down and abandoning module MovieScene (360)
[2018.01.30-17.49.04:184][921]LogModuleManager: Shutting down and abandoning module Niagara (358)
[2018.01.30-17.49.04:184][921]LogModuleManager: Shutting down and abandoning module NiagaraEditor (357)
[2018.01.30-17.49.04:184][921]LogModuleManager: Shutting down and abandoning module StreamingPauseRendering (354)
[2018.01.30-17.49.04:184][921]LogModuleManager: Shutting down and abandoning module LauncherPlatform (352)
[2018.01.30-17.49.04:184][921]LogModuleManager: Shutting down and abandoning module AnalyticsET (350)
[2018.01.30-17.49.04:184][921]LogModuleManager: Shutting down and abandoning module PortalServices (348)
[2018.01.30-17.49.04:184][921]LogModuleManager: Shutting down and abandoning module PortalRpc (346)
[2018.01.30-17.49.04:184][921]LogModuleManager: Shutting down and abandoning module MessagingRpc (344)
[2018.01.30-17.49.04:184][921]LogModuleManager: Shutting down and abandoning module AIModule (342)
[2018.01.30-17.49.04:184][921]LogModuleManager: Shutting down and abandoning module GameplayDebugger (341)
[2018.01.30-17.49.04:184][921]LogModuleManager: Shutting down and abandoning module AITestSuite (339)
[2018.01.30-17.49.04:184][921]LogModuleManager: Shutting down and abandoning module ProfilerService (336)
[2018.01.30-17.49.04:242][921]LogModuleManager: Shutting down and abandoning module TaskGraph (334)
[2018.01.30-17.49.04:242][921]LogModuleManager: Shutting down and abandoning module SteamVRController (332)
[2018.01.30-17.49.04:242][921]LogModuleManager: Shutting down and abandoning module ProceduralMeshComponentEditor (330)
[2018.01.30-17.49.04:242][921]LogModuleManager: Shutting down and abandoning module ProceduralMeshComponent (328)
[2018.01.30-17.49.04:242][921]LogModuleManager: Shutting down and abandoning module OculusInput (326)
[2018.01.30-17.49.04:242][921]LogModuleManager: Shutting down and abandoning module MobilePatchingUtils (324)
[2018.01.30-17.49.04:242][921]LogModuleManager: Shutting down and abandoning module CustomMeshComponent (322)
[2018.01.30-17.49.04:242][921]LogModuleManager: Shutting down and abandoning module CableComponent (320)
[2018.01.30-17.49.04:242][921]LogModuleManager: Shutting down and abandoning module ArchVisCharacter (318)
[2018.01.30-17.49.04:242][921]LogModuleManager: Shutting down and abandoning module AndroidPermission (316)
[2018.01.30-17.49.04:242][921]LogModuleManager: Shutting down and abandoning module MediaPlayerEditor (312)
[2018.01.30-17.49.04:242][921]LogModuleManager: Shutting down and abandoning module HTML5Networking (310)
[2018.01.30-17.49.04:242][921]LogModuleManager: Shutting down and abandoning module AlembicImporter (308)
[2018.01.30-17.49.04:242][921]LogModuleManager: Shutting down and abandoning module AlembicLibrary (307)
[2018.01.30-17.49.04:242][921]LogModuleManager: Shutting down and abandoning module GeometryCache (306)
[2018.01.30-17.49.04:243][921]LogModuleManager: Shutting down and abandoning module GeometryCacheEd (305)
[2018.01.30-17.49.04:243][921]LogModuleManager: Shutting down and abandoning module SpeedTreeImporter (300)
[2018.01.30-17.49.04:243][921]LogModuleManager: Shutting down and abandoning module PluginBrowser (298)
[2018.01.30-17.49.04:243][921]LogModuleManager: Shutting down and abandoning module MobileLauncherProfileWizard (296)
[2018.01.30-17.49.04:243][921]LogModuleManager: Shutting down and abandoning module VisualStudioSourceCodeAccess (294)
[2018.01.30-17.49.04:243][921]LogModuleManager: Shutting down and abandoning module DesktopPlatform (293)
[2018.01.30-17.49.04:243][921]LogModuleManager: Shutting down and abandoning module UObjectPlugin (290)
[2018.01.30-17.49.04:243][921]LogModuleManager: Shutting down and abandoning module SubversionSourceControl (288)
[2018.01.30-17.49.04:243][921]LogModuleManager: Shutting down and abandoning module PerforceSourceControl (286)
[2018.01.30-17.49.04:243][921]LogModuleManager: Shutting down and abandoning module GitSourceControl (284)
[2018.01.30-17.49.04:243][921]LogModuleManager: Shutting down and abandoning module SourceControl (283)
[2018.01.30-17.49.04:243][921]LogModuleManager: Shutting down and abandoning module LightPropagationVolumeEditor (280)
[2018.01.30-17.49.04:243][921]LogModuleManager: Shutting down and abandoning module PaperTiledImporter (278)
[2018.01.30-17.49.04:243][921]LogModuleManager: Shutting down and abandoning module PaperSpriteSheetImporter (276)
[2018.01.30-17.49.04:243][921]LogModuleManager: Shutting down and abandoning module Paper2DEditor (274)
[2018.01.30-17.49.04:243][921]LogModuleManager: Shutting down and abandoning module MeshPaint (273)
[2018.01.30-17.49.04:243][921]LogModuleManager: Shutting down and abandoning module LevelEditor (271)
[2018.01.30-17.49.04:244][921]LogModuleManager: Shutting down and abandoning module PixelInspectorModule (270)
[2018.01.30-17.49.04:244][921]LogModuleManager: Shutting down and abandoning module MainFrame (268)
[2018.01.30-17.49.04:244][921]LogModuleManager: Shutting down and abandoning module HotReload (267)
[2018.01.30-17.49.04:244][921]LogModuleManager: Shutting down and abandoning module RuntimePhysXCooking (262)
[2018.01.30-17.49.04:244][921]LogModuleManager: Shutting down and abandoning module PhysXVehiclesEditor (260)
[2018.01.30-17.49.04:244][921]LogModuleManager: Shutting down and abandoning module PhysXVehicles (258)
[2018.01.30-17.49.04:244][921]LogModuleManager: Shutting down and abandoning module OculusEditor (256)
[2018.01.30-17.49.04:244][921]LogModuleManager: Shutting down and abandoning module LocationServicesBPLibrary (254)
[2018.01.30-17.49.04:244][921]LogModuleManager: Shutting down and abandoning module ImmediatePhysicsEditor (252)
[2018.01.30-17.49.04:244][921]LogModuleManager: Shutting down and abandoning module ImmediatePhysics (250)
[2018.01.30-17.49.04:244][921]LogModuleManager: Shutting down and abandoning module UdpMessaging (248)
[2018.01.30-17.49.04:346][921]LogModuleManager: Shutting down and abandoning module TcpMessaging (246)
[2018.01.30-17.49.04:446][921]LogModuleManager: Shutting down and abandoning module GameplayTagsEditor (244)
[2018.01.30-17.49.04:446][921]LogModuleManager: Shutting down and abandoning module FacialAnimationEditor (242)
[2018.01.30-17.49.04:446][921]LogModuleManager: Shutting down and abandoning module FacialAnimation (240)
[2018.01.30-17.49.04:446][921]LogModuleManager: Shutting down and abandoning module AssetManagerEditor (238)
[2018.01.30-17.49.04:446][921]LogModuleManager: Shutting down and abandoning module GraphEditor (237)
[2018.01.30-17.49.04:446][921]LogModuleManager: Shutting down and abandoning module ContentBrowser (235)
[2018.01.30-17.49.04:447][921]LogModuleManager: Shutting down and abandoning module LightPropagationVolumeRuntime (232)
[2018.01.30-17.49.04:447][921]LogModuleManager: Shutting down and abandoning module Paper2D (230)
[2018.01.30-17.49.04:447][921]LogModuleManager: Shutting down and abandoning module WindowsMoviePlayer (228)
[2018.01.30-17.49.04:447][921]LogModuleManager: Shutting down and abandoning module WmfMedia (226)
[2018.01.30-17.49.04:447][921]LogModuleManager: Shutting down and abandoning module PacketHandler (224)
[2018.01.30-17.49.04:447][921]LogModuleManager: Shutting down and abandoning module ClothingSystemEditor (222)
[2018.01.30-17.49.04:447][921]LogModuleManager: Shutting down and abandoning module ClothingSystemRuntime (220)
[2018.01.30-17.49.04:447][921]LogModuleManager: Shutting down and abandoning module Overlay (218)
[2018.01.30-17.49.04:447][921]LogModuleManager: Shutting down and abandoning module OverlayEditor (217)
[2018.01.30-17.49.04:447][921]LogModuleManager: Shutting down and abandoning module MediaAssets (214)
[2018.01.30-17.49.04:447][921]LogModuleManager: Shutting down and abandoning module VREditor (212)
[2018.01.30-17.49.04:447][921]LogModuleManager: Shutting down and abandoning module StringTableEditor (210)
[2018.01.30-17.49.04:447][921]LogModuleManager: Shutting down and abandoning module GameplayTasksEditor (208)
[2018.01.30-17.49.04:447][921]LogModuleManager: Shutting down and abandoning module BehaviorTreeEditor (206)
[2018.01.30-17.49.04:447][921]LogModuleManager: Shutting down and abandoning module FunctionalTesting (204)
[2018.01.30-17.49.04:447][921]LogModuleManager: Shutting down and abandoning module CollisionAnalyzer (202)
[2018.01.30-17.49.04:447][921]LogModuleManager: Shutting down and abandoning module WorkspaceMenuStructure (201)
[2018.01.30-17.49.04:447][921]LogModuleManager: Shutting down and abandoning module UMG (198)
[2018.01.30-17.49.04:447][921]LogModuleManager: Shutting down and abandoning module UMGEditor (197)
[2018.01.30-17.49.04:447][921]LogModuleManager: Shutting down and abandoning module Sequencer (196)
[2018.01.30-17.49.04:447][921]LogModuleManager: Shutting down and abandoning module MessageLog (193)
[2018.01.30-17.49.04:447][921]LogModuleManager: Shutting down and abandoning module SlateReflector (188)
[2018.01.30-17.49.04:447][921]LogModuleManager: Shutting down and abandoning module Slate (186)
[2018.01.30-17.49.04:447][921]LogModuleManager: Shutting down and abandoning module EditorStyle (184)
[2018.01.30-17.49.04:449][921]LogModuleManager: Shutting down and abandoning module MRMesh (182)
[2018.01.30-17.49.04:449][921]LogModuleManager: Shutting down and abandoning module SourceCodeAccess (180)
[2018.01.30-17.49.04:449][921]LogModuleManager: Shutting down and abandoning module HeadMountedDisplay (178)
[2018.01.30-17.49.04:450][921]LogModuleManager: Shutting down and abandoning module XAudio2 (176)
[2018.01.30-17.49.04:450][921]LogModuleManager: Shutting down and abandoning module Networking (174)
[2018.01.30-17.49.04:450][921]LogModuleManager: Shutting down and abandoning module Core (170)
[2018.01.30-17.49.04:450][921]LogModuleManager: Shutting down and abandoning module KismetCompiler (166)
[2018.01.30-17.49.04:450][921]LogModuleManager: Shutting down and abandoning module LevelSequence (164)
[2018.01.30-17.49.04:450][921]LogModuleManager: Shutting down and abandoning module MeshUtilities (162)
[2018.01.30-17.49.04:450][921]LogModuleManager: Shutting down and abandoning module MeshMergeUtilities (161)
[2018.01.30-17.49.04:450][921]LogModuleManager: Shutting down and abandoning module MeshReductionInterface (160)
[2018.01.30-17.49.04:450][921]LogModuleManager: Shutting down and abandoning module SimplygonSwarm (159)
[2018.01.30-17.49.04:450][921]LogModuleManager: Shutting down and abandoning module SimplygonMeshReduction (157)
[2018.01.30-17.49.04:450][921]LogModuleManager: Shutting down and abandoning module QuadricMeshReduction (155)
[2018.01.30-17.49.04:450][921]LogModuleManager: Shutting down and abandoning module MaterialBaking (151)
[2018.01.30-17.49.04:450][921]LogModuleManager: Shutting down and abandoning module DirectoryWatcher (148)
[2018.01.30-17.49.04:451][921]LogModuleManager: Shutting down and abandoning module DerivedDataCache (146)
[2018.01.30-17.49.04:492][921]LogDerivedDataCache: Shutdown
[2018.01.30-17.49.04:492][921]LogModuleManager: Shutting down and abandoning module TargetPlatform (144)
[2018.01.30-17.49.04:492][921]LogModuleManager: Shutting down and abandoning module VulkanShaderFormat (143)
[2018.01.30-17.49.04:492][921]LogModuleManager: Shutting down and abandoning module ShaderFormatVectorVM (141)
[2018.01.30-17.49.04:492][921]LogModuleManager: Shutting down and abandoning module ShaderFormatOpenGL (139)
[2018.01.30-17.49.04:492][921]LogModuleManager: Shutting down and abandoning module ShaderFormatD3D (137)
[2018.01.30-17.49.04:492][921]LogModuleManager: Shutting down and abandoning module MetalShaderFormat (135)
[2018.01.30-17.49.04:492][921]LogModuleManager: Shutting down and abandoning module TextureFormatUncompressed (133)
[2018.01.30-17.49.04:492][921]LogModuleManager: Shutting down and abandoning module TextureFormatPVR (131)
[2018.01.30-17.49.04:492][921]LogModuleManager: Shutting down and abandoning module TextureFormatDXT (129)
[2018.01.30-17.49.04:492][921]LogModuleManager: Shutting down and abandoning module TextureFormatIntelISPCTexComp (127)
[2018.01.30-17.49.04:493][921]LogModuleManager: Shutting down and abandoning module TextureFormatASTC (125)
[2018.01.30-17.49.04:493][921]LogModuleManager: Shutting down and abandoning module ImageWrapper (124)
[2018.01.30-17.49.04:493][921]LogModuleManager: Shutting down and abandoning module TextureFormatAndroid (121)
[2018.01.30-17.49.04:493][921]LogModuleManager: Shutting down and abandoning module AudioFormatOpus (119)
[2018.01.30-17.49.04:493][921]LogModuleManager: Shutting down and abandoning module AudioFormatOgg (117)
[2018.01.30-17.49.04:493][921]LogModuleManager: Shutting down and abandoning module AudioFormatADPCM (115)
[2018.01.30-17.49.04:493][921]LogModuleManager: Shutting down and abandoning module LinuxTargetPlatform (113)
[2018.01.30-17.49.04:493][921]LogModuleManager: Shutting down and abandoning module LinuxServerTargetPlatform (111)
[2018.01.30-17.49.04:493][921]LogModuleManager: Shutting down and abandoning module LinuxNoEditorTargetPlatform (109)
[2018.01.30-17.49.04:493][921]LogModuleManager: Shutting down and abandoning module LinuxClientTargetPlatform (107)
[2018.01.30-17.49.04:493][921]LogModuleManager: Shutting down and abandoning module TVOSTargetPlatform (105)
[2018.01.30-17.49.04:493][921]LogModuleManager: Shutting down and abandoning module Messaging (103)
[2018.01.30-17.49.04:493][921]LogModuleManager: Shutting down and abandoning module IOSTargetPlatform (101)
[2018.01.30-17.49.04:493][921]LogModuleManager: Shutting down and abandoning module HTML5TargetPlatform (99)
[2018.01.30-17.49.04:493][921]LogModuleManager: Shutting down and abandoning module Android_PVRTCTargetPlatform (97)
[2018.01.30-17.49.04:493][921]LogModuleManager: Shutting down and abandoning module Android_MultiTargetPlatform (95)
[2018.01.30-17.49.04:493][921]LogModuleManager: Shutting down and abandoning module Android_ETC2TargetPlatform (93)
[2018.01.30-17.49.04:493][921]LogModuleManager: Shutting down and abandoning module Android_ETC1TargetPlatform (91)
[2018.01.30-17.49.04:493][921]LogModuleManager: Shutting down and abandoning module Android_DXTTargetPlatform (89)
[2018.01.30-17.49.04:493][921]LogModuleManager: Shutting down and abandoning module Android_ATCTargetPlatform (87)
[2018.01.30-17.49.04:493][921]LogModuleManager: Shutting down and abandoning module Android_ASTCTargetPlatform (85)
[2018.01.30-17.49.04:493][921]LogModuleManager: Shutting down and abandoning module AndroidTargetPlatform (83)
[2018.01.30-17.49.04:493][921]LogModuleManager: Shutting down and abandoning module WindowsTargetPlatform (81)
[2018.01.30-17.49.04:493][921]LogModuleManager: Shutting down and abandoning module WindowsServerTargetPlatform (79)
[2018.01.30-17.49.04:493][921]LogModuleManager: Shutting down and abandoning module WindowsNoEditorTargetPlatform (77)
[2018.01.30-17.49.04:493][921]LogModuleManager: Shutting down and abandoning module WindowsClientTargetPlatform (75)
[2018.01.30-17.49.04:493][921]LogModuleManager: Shutting down and abandoning module MacTargetPlatform (73)
[2018.01.30-17.49.04:493][921]LogModuleManager: Shutting down and abandoning module MacServerTargetPlatform (71)
[2018.01.30-17.49.04:493][921]LogModuleManager: Shutting down and abandoning module MacNoEditorTargetPlatform (69)
[2018.01.30-17.49.04:493][921]LogModuleManager: Shutting down and abandoning module MacClientTargetPlatform (67)
[2018.01.30-17.49.04:493][921]LogModuleManager: Shutting down and abandoning module AllDesktopTargetPlatform (65)
[2018.01.30-17.49.04:493][921]LogModuleManager: Shutting down and abandoning module InputCore (62)
[2018.01.30-17.49.04:493][921]LogModuleManager: Shutting down and abandoning module Settings (60)
[2018.01.30-17.49.04:493][921]LogModuleManager: Shutting down and abandoning module PhysXCooking (58)
[2018.01.30-17.49.04:493][921]LogModuleManager: Shutting down and abandoning module SteamVR (56)
[2018.01.30-17.49.04:493][921]LogModuleManager: Shutting down and abandoning module OculusHMD (54)
[2018.01.30-17.49.04:493][921]LogModuleManager: Shutting down and abandoning module LeapMotion (52)
[2018.01.30-17.49.04:493][921]LogModuleManager: Shutting down and abandoning module ExampleDeviceProfileSelector (50)
[2018.01.30-17.49.04:493][921]LogModuleManager: Shutting down and abandoning module OnlineBlueprintSupport (48)
[2018.01.30-17.49.04:493][921]LogModuleManager: Shutting down and abandoning module OnlineSubsystem (44)
[2018.01.30-17.49.04:493][921]LogOnline: Display: Unloading online subsystem: NULL
[2018.01.30-17.49.04:493][921]LogModuleManager: Shutting down and abandoning module XMPP (43)
[2018.01.30-17.49.04:493][921]LogModuleManager: Shutting down and abandoning module HTTP (41)
[2018.01.30-17.49.04:493][921]LogHttp: Display: Http module shutting down, but needs to wait on 1 outstanding Http requests:
[2018.01.30-17.49.04:493][921]LogHttp: Display: 	verb=[POST] url=[https://datarouter.ol.epicgames.com/datarouter/api/v1/public/data?SessionID=%7B7CE9EF7F-4202-564E-F366-AE9B35950CDE%7D&AppID=UEEditor.Rocket.Release&AppVersion=4.17.2-3658906%2B%2B%2BUE4%2BRelease-4.17&UserID=089dfdf144facfd5499fc79de58fde98%7C6959ef8b0d9e4fbf8d98a980baed5fcb%7C0f918d86-2868-4041-bc65-b7a615ce63e0&AppEnvironment=datacollector-binary&UploadType=eteventstream] status=Processing
[2018.01.30-17.49.04:501][921]LogModuleManager: Shutting down and abandoning module SSL (40)
[2018.01.30-17.49.04:503][921]LogModuleManager: Shutting down and abandoning module AnimationModifiers (36)
[2018.01.30-17.49.04:503][921]LogModuleManager: Shutting down and abandoning module PropertyEditor (35)
[2018.01.30-17.49.04:503][921]LogModuleManager: Shutting down and abandoning module AudioEditor (32)
[2018.01.30-17.49.04:503][921]LogModuleManager: Shutting down and abandoning module TextureCompressor (30)
[2018.01.30-17.49.04:503][921]LogModuleManager: Shutting down and abandoning module ShaderCore (28)
[2018.01.30-17.49.04:503][921]LogModuleManager: Shutting down and abandoning module Landscape (26)
[2018.01.30-17.49.04:503][921]LogModuleManager: Shutting down and abandoning module SlateRHIRenderer (24)
[2018.01.30-17.49.04:504][921]LogModuleManager: Shutting down and abandoning module OpenGLDrv (22)
[2018.01.30-17.49.04:504][921]LogModuleManager: Shutting down and abandoning module D3D11RHI (20)
[2018.01.30-17.49.04:504][921]LogModuleManager: Shutting down and abandoning module AnimGraphRuntime (18)
[2018.01.30-17.49.04:504][921]LogModuleManager: Shutting down and abandoning module Renderer (16)
[2018.01.30-17.49.04:504][921]LogModuleManager: Shutting down and abandoning module Engine (14)
[2018.01.30-17.49.04:504][921]LogModuleManager: Shutting down and abandoning module CoreUObject (12)
[2018.01.30-17.49.04:504][921]LogModuleManager: Shutting down and abandoning module NetworkFile (10)
[2018.01.30-17.49.04:504][921]LogModuleManager: Shutting down and abandoning module CookedIterativeFile (8)
[2018.01.30-17.49.04:504][921]LogModuleManager: Shutting down and abandoning module StreamingFile (6)
[2018.01.30-17.49.04:504][921]LogModuleManager: Shutting down and abandoning module SandboxFile (4)
[2018.01.30-17.49.04:504][921]LogModuleManager: Shutting down and abandoning module PakFile (2)
[2018.01.30-17.49.04:507][921]LogExit: Exiting.
[2018.01.30-17.49.04:519][921]Log file closed, 01/30/18 17:49:04
