Log file open, 02/01/18 09:47:16
LogWindows: LoadLibraryWithSearchPaths failed for file aqProf.dll. GetLastError=0
LogWindows: LoadLibraryWithSearchPaths failed for file VSPerf140.dll. GetLastError=0
LogWindows: LoadLibraryWithSearchPaths failed for file VtuneApi.dll. GetLastError=0
LogWindows: LoadLibraryWithSearchPaths failed for file VtuneApi32e.dll. GetLastError=0
LogInit: Display: Running engine for game: Leap_motion_demo
LogPlatformFile: Not using cached read wrapper
LogInit: Display: RandInit(311384003) SRandInit(311384003).
LogTaskGraph: Started task graph with 5 named threads and 14 total threads with 3 sets of task threads.
LogStats: Stats thread started at 0.652185
LogD3D11RHI: Aftermath initialized
LogPluginManager: Mounting plugin Paper2D
LogPluginManager: Mounting plugin LightPropagationVolume
LogPluginManager: Mounting plugin CodeLiteSourceCodeAccess
LogPluginManager: Mounting plugin GitSourceControl
LogPluginManager: Mounting plugin KDevelopSourceCodeAccess
LogPluginManager: Mounting plugin NullSourceCodeAccess
LogPluginManager: Mounting plugin PerforceSourceControl
LogPluginManager: Mounting plugin SubversionSourceControl
LogPluginManager: Mounting plugin UObjectPlugin
LogPluginManager: Mounting plugin VisualStudioSourceCodeAccess
LogPluginManager: Mounting plugin XCodeSourceCodeAccess
LogPluginManager: Mounting plugin AssetManagerEditor
LogPluginManager: Mounting plugin AudioCapture
LogPluginManager: Mounting plugin FacialAnimation
LogPluginManager: Mounting plugin GameplayTagsEditor
LogPluginManager: Mounting plugin MobileLauncherProfileWizard
LogPluginManager: Mounting plugin PluginBrowser
LogPluginManager: Mounting plugin SpeedTreeImporter
LogPluginManager: Mounting plugin AlembicImporter
LogPluginManager: Mounting plugin CharacterAI
LogPluginManager: Mounting plugin HTML5Networking
LogPluginManager: Mounting plugin AndroidMedia
LogPluginManager: Mounting plugin AvfMedia
LogPluginManager: Mounting plugin MediaPlayerEditor
LogPluginManager: Mounting plugin WmfMedia
LogPluginManager: Mounting plugin TcpMessaging
LogPluginManager: Mounting plugin UdpMessaging
LogPluginManager: Mounting plugin LevelSequenceEditor
LogPluginManager: Mounting plugin MatineeToLevelSequence
LogPluginManager: Mounting plugin OnlineSubsystemGooglePlay
LogPluginManager: Mounting plugin OnlineSubsystemIOS
LogPluginManager: Mounting plugin OnlineSubsystem
LogPluginManager: Mounting plugin OnlineSubsystemNull
LogPluginManager: Mounting plugin OnlineSubsystemUtils
LogPluginManager: Mounting plugin AndroidDeviceProfileSelector
LogPluginManager: Mounting plugin AndroidMoviePlayer
LogPluginManager: Mounting plugin AndroidPermission
LogPluginManager: Mounting plugin AppleMoviePlayer
LogPluginManager: Mounting plugin ArchVisCharacter
LogPluginManager: Mounting plugin CableComponent
LogPluginManager: Mounting plugin CustomMeshComponent
LogPluginManager: Mounting plugin ExampleDeviceProfileSelector
LogPluginManager: Mounting plugin GoogleCloudMessaging
LogPluginManager: Mounting plugin ImmediatePhysics
LogPluginManager: Mounting plugin IOSDeviceProfileSelector
LogPluginManager: Mounting plugin LeapMotion
LogPluginManager: Mounting plugin LinuxDeviceProfileSelector
LogPluginManager: Mounting plugin LocationServicesBPLibrary
LogPluginManager: Mounting plugin MobilePatchingUtils
LogPluginManager: Mounting plugin OculusVR
LogPluginManager: Mounting plugin PhysXVehicles
LogPluginManager: Mounting plugin ProceduralMeshComponent
LogPluginManager: Mounting plugin RuntimePhysXCooking
LogPluginManager: Mounting plugin SteamVR
LogPluginManager: Mounting plugin WindowsMoviePlayer
LogInit: Using libcurl 7.47.1
LogInit:  - built for x86_64-pc-win32
LogInit:  - supports SSL with OpenSSL/1.0.2g
LogInit:  - supports HTTP deflate (compression) using libz 1.2.8
LogInit:  - other features:
LogInit:      CURL_VERSION_SSL
LogInit:      CURL_VERSION_LIBZ
LogInit:      CURL_VERSION_IPV6
LogInit:      CURL_VERSION_ASYNCHDNS
LogInit:      CURL_VERSION_LARGEFILE
LogInit:      CURL_VERSION_IDN
LogInit:  CurlRequestOptions (configurable via config and command line):
LogInit:  - bVerifyPeer = false  - Libcurl will NOT verify peer certificate
LogInit:  - bUseHttpProxy = false  - Libcurl will NOT use HTTP proxy
LogInit:  - bDontReuseConnections = false  - Libcurl will reuse connections
LogInit:  - CertBundlePath = nullptr  - Libcurl will use whatever was configured at build time.
LeapPluginLog: Using LeapPlugin version 2.0.0
LogInit: Build: ++UE4+Release-4.17-CL-3586342
LogInit: Engine Version: 4.17.1-3586342+++UE4+Release-4.17
LogInit: Compatible Engine Version: 4.17.0-3573198+++UE4+Release-4.17
LogInit: Net CL: 3573198
LogDevObjectVersion: Number of dev versions registered: 16
LogDevObjectVersion:   Dev-Blueprints (B0D832E4-1F89-4F0D-ACCF-7EB736FD4AA2): 10
LogDevObjectVersion:   Dev-Build (E1C64328-A22C-4D53-A36C-8E866417BD8C): 0
LogDevObjectVersion:   Dev-Core (375EC13C-06E4-48FB-B500-84F0262A717E): 2
LogDevObjectVersion:   Dev-Editor (E4B068ED-F494-42E9-A231-DA0B2E46BB41): 20
LogDevObjectVersion:   Dev-Framework (CFFC743F-43B0-4480-9391-14DF171D2073): 28
LogDevObjectVersion:   Dev-Mobile (B02B49B5-BB20-44E9-A304-32B752E40360): 0
LogDevObjectVersion:   Dev-Networking (A4E4105C-59A1-49B5-A7C5-40C4547EDFEE): 0
LogDevObjectVersion:   Dev-Online (39C831C9-5AE6-47DC-9A44-9C173E1C8E7C): 0
LogDevObjectVersion:   Dev-Physics (78F01B33-EBEA-4F98-B9B4-84EACCB95AA2): 0
LogDevObjectVersion:   Dev-Platform (6631380F-2D4D-43E0-8009-CF276956A95A): 0
LogDevObjectVersion:   Dev-Rendering (12F88B9F-8875-4AFC-A67C-D90C383ABD29): 19
LogDevObjectVersion:   Dev-Sequencer (7B5AE74C-D270-4C10-A958-57980B212A5A): 4
LogDevObjectVersion:   Dev-VR (D7296918-1DD6-4BDD-9DE2-64A83CC13884): 0
LogDevObjectVersion:   Dev-LoadTimes (C2A15278-BFE7-4AFE-6C17-90FF531DF755): 1
LogDevObjectVersion:   Private-Geometry (6EACA3D4-40EC-4CC1-B786-8BED09428FC5): 1
LogDevObjectVersion:   Dev-AnimPhys (29E575DD-E0A3-4627-9D10-D276232CDCEA): 7
LogInit: Compiled (64-bit): Aug 15 2017 02:05:26
LogInit: Compiled with Visual C++: 19.00.24215.01
LogInit: Build Configuration: Development
LogInit: Branch Name: ++UE4+Release-4.17
LogInit: Command line:  
LogInit: Base directory: C:/Program Files/Epic Games/UE_4.17/Engine/Binaries/Win64/
LogInit: Installed Engine Build: 1
LogInit: Presizing for max 8388607 objects, including 0 objects not considered by GC, pre-allocating 0 bytes for permanent pool.
LogInit: Object subsystem initialized
[2018.02.01-09.47.17:381][  0]LogInit: Selected Device Profile: [Windows]
[2018.02.01-09.47.17:381][  0]LogInit: Applying CVar settings loaded from the selected device profile: [Windows]
[2018.02.01-09.47.17:408][  0]LogInit: Computer: DESKTOP-P0KGN8E
[2018.02.01-09.47.17:408][  0]LogInit: User: OchukoStudios
[2018.02.01-09.47.17:408][  0]LogInit: CPU Page size=4096, Cores=4
[2018.02.01-09.47.17:408][  0]LogInit: High frequency timer resolution =3.515623 MHz
[2018.02.01-09.47.17:408][  0]LogMemory: Memory total: Physical=15.9GB (16GB approx)
[2018.02.01-09.47.17:408][  0]LogMemory: Platform Memory Stats for Windows
[2018.02.01-09.47.17:408][  0]LogMemory: Process Physical Memory: 281.77 MB used, 281.77 MB peak
[2018.02.01-09.47.17:408][  0]LogMemory: Process Virtual Memory: 283.16 MB used, 283.16 MB peak
[2018.02.01-09.47.17:408][  0]LogMemory: Physical Memory: 3644.69 MB used,  12682.45 MB free, 16327.14 MB total
[2018.02.01-09.47.17:408][  0]LogMemory: Virtual Memory: 763.46 MB used,  12682.45 MB free, 134217728.00 MB total
[2018.02.01-09.47.17:737][  0]LogInit: Using OS detected language (en-GB).
[2018.02.01-09.47.17:737][  0]LogInit: Using OS detected locale (en-GB).
[2018.02.01-09.47.17:789][  0]LogTextLocalizationManager: No specific localization for 'en-GB' exists, so the 'en' localization will be used.
[2018.02.01-09.47.20:468][  0]LogD3D11RHI: D3D11 adapters:
[2018.02.01-09.47.20:598][  0]LogD3D11RHI:    0. 'NVIDIA GeForce GTX 1060 6GB' (Feature Level 11_0)
[2018.02.01-09.47.20:598][  0]LogD3D11RHI:       6061/0/8163 MB DedicatedVideo/DedicatedSystem/SharedSystem, Outputs:2, VendorId:0x10de
[2018.02.01-09.47.20:600][  0]LogD3D11RHI:    1. 'Microsoft Basic Render Driver' (Feature Level 11_0)
[2018.02.01-09.47.20:600][  0]LogD3D11RHI:       0/0/8163 MB DedicatedVideo/DedicatedSystem/SharedSystem, Outputs:0, VendorId:0x1414
[2018.02.01-09.47.20:600][  0]LogD3D11RHI: Chosen D3D11 Adapter: 0
[2018.02.01-09.47.20:607][  0]LogD3D11RHI: Creating new Direct3DDevice
[2018.02.01-09.47.20:607][  0]LogD3D11RHI:     GPU DeviceId: 0x1c03 (for the marketing name, search the web for "GPU Device Id")
[2018.02.01-09.47.20:607][  0]LogWindows: EnumDisplayDevices:
[2018.02.01-09.47.20:607][  0]LogWindows:    0. 'NVIDIA GeForce GTX 1060 6GB' (P:0 D:1)
[2018.02.01-09.47.20:607][  0]LogWindows:    1. 'NVIDIA GeForce GTX 1060 6GB' (P:1 D:1)
[2018.02.01-09.47.20:607][  0]LogWindows:    2. 'NVIDIA GeForce GTX 1060 6GB' (P:0 D:0)
[2018.02.01-09.47.20:607][  0]LogWindows:    3. 'NVIDIA GeForce GTX 1060 6GB' (P:0 D:0)
[2018.02.01-09.47.20:607][  0]LogWindows: DebugString: GetVideoDriverDetailsInvalid PrimaryIsNotTheChoosenAdapter GetVideoDriverDetailsInvalid PrimaryIsNotTheChoosenAdapter GetVideoDriverDetailsInvalid PrimaryIsNotTheChoosenAdapter GetVideoDriverDetailsInvalid PrimaryIsNotTheChoosenAdapter FoundDriverCount:0 
[2018.02.01-09.47.20:607][  0]LogD3D11RHI:     Adapter Name: NVIDIA GeForce GTX 1060 6GB
[2018.02.01-09.47.20:607][  0]LogD3D11RHI:   Driver Version: Unknown (internal:Unknown, unified:Unknown)
[2018.02.01-09.47.20:607][  0]LogD3D11RHI:      Driver Date: Unknown
[2018.02.01-09.47.20:607][  0]LogRHI: Texture pool is 1361 MB (70% of 1945 MB)
[2018.02.01-09.47.20:636][  0]LogD3D11RHI: Async texture creation enabled
[2018.02.01-09.47.20:717][  0]LogD3D11RHI: GPU Timing Frequency: 1000.000000 (Debug: 2 1)
[2018.02.01-09.47.20:817][  0]LogShaderCompilers: Guid format shader working directory is -42 characters bigger than the processId version (../../../../../../Users/Ochuko Studios/Desktop/Final-Year-Project/Final-Artefact/Leap_motion_demo/Intermediate/Shaders/WorkingDirectory/8380/).
[2018.02.01-09.47.20:818][  0]LogShaderCompilers: Cleaned the shader compiler working directory 'C:/Users/Ochuko Studios/AppData/Local/Temp/UnrealShaderWorkingDir/322E77794C27154812692A9546DD6712/'.
[2018.02.01-09.47.20:818][  0]LogShaderCompilers: Display: Using Local Shader Compiler.
[2018.02.01-09.47.22:914][  0]LogTemp: Display: Loaded TP AllDesktopTargetPlatform
[2018.02.01-09.47.22:957][  0]LogTemp: Display: Loaded TP MacClientTargetPlatform
[2018.02.01-09.47.22:999][  0]LogTemp: Display: Loaded TP MacNoEditorTargetPlatform
[2018.02.01-09.47.23:042][  0]LogTemp: Display: Loaded TP MacServerTargetPlatform
[2018.02.01-09.47.23:090][  0]LogTemp: Display: Loaded TP MacTargetPlatform
[2018.02.01-09.47.23:135][  0]LogTemp: Display: Loaded TP WindowsClientTargetPlatform
[2018.02.01-09.47.23:179][  0]LogTemp: Display: Loaded TP WindowsNoEditorTargetPlatform
[2018.02.01-09.47.23:226][  0]LogTemp: Display: Loaded TP WindowsServerTargetPlatform
[2018.02.01-09.47.23:264][  0]LogTemp: Display: Loaded TP WindowsTargetPlatform
[2018.02.01-09.47.23:309][  0]LogTemp: Display: Loaded TP AndroidTargetPlatform
[2018.02.01-09.47.23:358][  0]LogTemp: Display: Loaded TP Android_ASTCTargetPlatform
[2018.02.01-09.47.23:403][  0]LogTemp: Display: Loaded TP Android_ATCTargetPlatform
[2018.02.01-09.47.23:445][  0]LogTemp: Display: Loaded TP Android_DXTTargetPlatform
[2018.02.01-09.47.23:485][  0]LogTemp: Display: Loaded TP Android_ETC1TargetPlatform
[2018.02.01-09.47.23:526][  0]LogTemp: Display: Loaded TP Android_ETC2TargetPlatform
[2018.02.01-09.47.23:611][  0]LogTemp: Display: Loaded TP Android_MultiTargetPlatform
[2018.02.01-09.47.23:611][  0]LogTemp: Display: Loaded TP Android_PVRTCTargetPlatform
[2018.02.01-09.47.23:643][  0]LogTemp: Display: Loaded TP HTML5TargetPlatform
[2018.02.01-09.47.23:734][  0]LogTemp: Display: Loaded TP IOSTargetPlatform
[2018.02.01-09.47.23:757][  0]LogTemp: Display: Loaded TP TVOSTargetPlatform
[2018.02.01-09.47.23:800][  0]LogTemp: Display: Loaded TP LinuxClientTargetPlatform
[2018.02.01-09.47.23:840][  0]LogTemp: Display: Loaded TP LinuxNoEditorTargetPlatform
[2018.02.01-09.47.23:881][  0]LogTemp: Display: Loaded TP LinuxServerTargetPlatform
[2018.02.01-09.47.23:924][  0]LogTemp: Display: Loaded TP LinuxTargetPlatform
[2018.02.01-09.47.23:924][  0]LogTargetPlatformManager: Display: Building Assets For Windows
[2018.02.01-09.47.24:411][  0]LogDerivedDataCache: Display: Max Cache Size: 512 MB
[2018.02.01-09.47.24:991][  0]LogDerivedDataCache: Loaded boot cache 0.58s 93MB C:/Users/Ochuko Studios/AppData/Local/UnrealEngine/4.17/DerivedDataCache/Boot.ddc.
[2018.02.01-09.47.24:992][  0]LogDerivedDataCache: Display: Loaded Boot cache: C:/Users/Ochuko Studios/AppData/Local/UnrealEngine/4.17/DerivedDataCache/Boot.ddc
[2018.02.01-09.47.24:992][  0]LogDerivedDataCache: FDerivedDataBackendGraph:  Pak pak cache file ../../../../../../Users/Ochuko Studios/Desktop/Final-Year-Project/Final-Artefact/Leap_motion_demo/DerivedDataCache/DDC.ddp not found, will not use a pak cache.
[2018.02.01-09.47.24:992][  0]LogDerivedDataCache: Unable to find inner node Pak for hierarchical cache Hierarchy.
[2018.02.01-09.47.24:992][  0]LogDerivedDataCache: FDerivedDataBackendGraph:  CompressedPak pak cache file ../../../../../../Users/Ochuko Studios/Desktop/Final-Year-Project/Final-Artefact/Leap_motion_demo/DerivedDataCache/Compressed.ddp not found, will not use a pak cache.
[2018.02.01-09.47.24:992][  0]LogDerivedDataCache: Unable to find inner node CompressedPak for hierarchical cache Hierarchy.
[2018.02.01-09.47.25:014][  0]LogDerivedDataCache: Display: Pak cache opened for reading ../../../Engine/DerivedDataCache/Compressed.ddp.
[2018.02.01-09.47.25:027][  0]LogDerivedDataCache: Using Local data cache path C:/Users/Ochuko Studios/AppData/Local/UnrealEngine/Common/DerivedDataCache: Writable
[2018.02.01-09.47.25:038][  0]LogMaterial: Verifying Global Shaders for PCD3D_SM5
[2018.02.01-09.47.25:043][  0]LogSlate: Using Freetype 2.6.0
[2018.02.01-09.47.25:056][  0]LogSlate: SlateFontCache - WITH_FREETYPE: 1, WITH_HARFBUZZ: 1
[2018.02.01-09.47.25:056][  0]LogSlate: SlateFontCache - WITH_FREETYPE: 1, WITH_HARFBUZZ: 1
[2018.02.01-09.47.25:827][  0]LogAssetRegistry: FAssetRegistry took 0.0284 seconds to start up
[2018.02.01-09.47.25:956][  0]LogInit: Selected Device Profile: [Windows]
[2018.02.01-09.47.26:330][  0]LogContentStreaming: Texture pool size is 0.00 MB
[2018.02.01-09.47.26:667][  0]LogSimplygon: Simplygon DLL not present - disabling.
[2018.02.01-09.47.26:704][  0]LogMeshReduction: Using SimplygonSwarm for distributed automatic mesh merging
[2018.02.01-09.47.26:704][  0]LogMeshReduction: Using QuadricMeshReduction for automatic static mesh reduction
[2018.02.01-09.47.26:704][  0]LogMeshReduction: No automatic skeletal mesh reduction module available
[2018.02.01-09.47.26:704][  0]LogMeshReduction: No automatic mesh merging module available
[2018.02.01-09.47.26:704][  0]LogMeshMerging: No automatic mesh merging module available
[2018.02.01-09.47.27:433][  0]LogNetVersion: Leap_motion_demo , NetCL: 3573198, EngineNetVer: 2, GameNetVer: 0 (Checksum: 3754505209)
[2018.02.01-09.47.27:904][  0]LogPackageLocalizationCache: Processed 6 localized package path(s) for 2 prioritized culture(s) in 0.068749 seconds
[2018.02.01-09.47.27:910][  0]LogUObjectArray: 36510 objects as part of root set at end of initial load.
[2018.02.01-09.47.27:910][  0]LogUObjectAllocator: 7648144 out of 0 bytes used by permanent object pool.
[2018.02.01-09.47.27:910][  0]LogUObjectArray: CloseDisregardForGC: 0/0 objects in disregard for GC pool
[2018.02.01-09.47.27:963][  0]LogInit: WinSock: version 1.1 (2.2), MaxSocks=32767, MaxUdp=65467
[2018.02.01-09.47.32:509][  0]LogTcpMessaging: Initializing TcpMessaging bridge
[2018.02.01-09.47.32:547][  0]LogUdpMessaging: Initializing bridge on interface 0.0.0.0:0 to multicast group 230.0.0.1:6666.
[2018.02.01-09.47.33:262][  0]LogMaterial: Uniform references updated for custom material expression Custom.
[2018.02.01-09.47.33:731][  0]SourceControl: Source control is disabled
[2018.02.01-09.47.33:731][  0]SourceControl: Source control is disabled
[2018.02.01-09.47.33:780][  0]SourceControl: Source control is disabled
[2018.02.01-09.47.33:828][  0]SourceControl: Source control is disabled
[2018.02.01-09.47.34:395][  0]LogAndroidPermission: UAndroidPermissionCallbackProxy::GetInstance
[2018.02.01-09.47.34:609][  0]LogOcInput: OculusInput pre-init called
[2018.02.01-09.47.34:875][  0]LogEngine: Initializing Engine...
[2018.02.01-09.47.34:877][  0]LogHMD: Failed to initialize OpenVR with code 110
[2018.02.01-09.47.35:218][  0]LogStats: UGameplayTagsManager::ConstructGameplayTagTree: Construct from data asset -  0.000 s
[2018.02.01-09.47.35:218][  0]LogStats: UGameplayTagsManager::ConstructGameplayTagTree: GameplayTagTreeChangedEvent.Broadcast -  0.000 s
[2018.02.01-09.47.35:347][  0]LogAIModule: Creating AISystem for world Untitled
[2018.02.01-09.47.35:365][  0]LogInit: XAudio2 using 'BenQ GW2270-4 (NVIDIA High Definition Audio)' : 2 channels at 48 kHz using 16 bits per sample (channel mask 0x3)
[2018.02.01-09.47.35:385][  0]LogInit: FAudioDevice initialized.
[2018.02.01-09.47.35:481][  0]LogDerivedDataCache: Saved boot cache 0.10s 93MB C:/Users/Ochuko Studios/AppData/Local/UnrealEngine/4.17/DerivedDataCache/Boot.ddc.
[2018.02.01-09.47.35:493][  0]LogInit: Texture streaming: Enabled
[2018.02.01-09.47.35:591][  0]LogEngineSessionManager: EngineSessionManager initialized
[2018.02.01-09.47.35:845][  0]LogInit: Transaction tracking system initialized
[2018.02.01-09.47.36:162][  0]BlueprintLog: New page: Editor Load
[2018.02.01-09.47.37:057][  0]LocalizationService: Localization service is disabled
[2018.02.01-09.47.37:741][  0]LogConsoleResponse: Display: 
[2018.02.01-09.47.38:131][  0]LogFileCache: Scanning file cache for directory 'C:/Users/Ochuko Studios/Desktop/Final-Year-Project/Final-Artefact/Leap_motion_demo/Content/' took 0.01s
[2018.02.01-09.47.38:131][  0]LogCook: Display: Max memory allowance for cook 16384mb min free memory 0mb
[2018.02.01-09.47.38:131][  0]LogCook: Display: Mobile HDR setting 1
[2018.02.01-09.47.38:132][  0]LogGameplayTags: Display: UGameplayTagsManager::DoneAddingNativeTags. DelegateIsBound: 0
[2018.02.01-09.47.39:233][  0]SourceControl: Source control is disabled
[2018.02.01-09.47.39:234][  0]Cmd: MAP LOAD FILE="../../../Engine/Content/Maps/Templates/Template_Default.umap" TEMPLATE=1 SHOWPROGRESS=1 FEATURELEVEL=3
[2018.02.01-09.47.39:240][  0]LightingResults: New page: Lighting Build
[2018.02.01-09.47.39:284][  0]MapCheck: New page: Map Check
[2018.02.01-09.47.39:284][  0]LightingResults: New page: Lighting Build
[2018.02.01-09.47.39:553][  0]LogAIModule: Creating AISystem for world Untitled_1
[2018.02.01-09.47.39:573][  0]LogEditorServer: Finished looking for orphan Actors (0.000 secs)
[2018.02.01-09.47.39:586][  0]Cmd: MAP CHECKDEP NOCLEARLOG
[2018.02.01-09.47.39:628][  0]MapCheck: Map check complete: 0 Error(s), 0 Warning(s), took 41.654ms to complete.
[2018.02.01-09.47.39:628][  0]LogFileHelpers: Loading map 'Template_Default' took 0.394
[2018.02.01-09.47.39:848][  0]LogCollectionManager: Loaded 0 collections in 0.001470 seconds
[2018.02.01-09.47.39:947][  0]LogFileCache: Scanning file cache for directory 'C:/Users/Ochuko Studios/Desktop/Final-Year-Project/Final-Artefact/Leap_motion_demo/Saved/Collections/' took 0.01s
[2018.02.01-09.47.39:947][  0]LogFileCache: Scanning file cache for directory 'C:/Users/Ochuko Studios/Desktop/Final-Year-Project/Final-Artefact/Leap_motion_demo/Content/Developers/OchukoStudios/Collections/' took 0.01s
[2018.02.01-09.47.39:947][  0]LogFileCache: Scanning file cache for directory 'C:/Users/Ochuko Studios/Desktop/Final-Year-Project/Final-Artefact/Leap_motion_demo/Content/Collections/' took 0.01s
[2018.02.01-09.47.39:947][  0]LogCollectionManager: Rebuilt the GUID cache for 0 collections in 0.000001 seconds
[2018.02.01-09.47.39:958][  0]LogContentBrowser: Native class hierarchy populated in 0.0078 seconds. Added 2413 classes and 504 folders.
[2018.02.01-09.47.40:032][  0]LogContentBrowser: Native class hierarchy updated for 'WidgetCarousel' in 0.0008 seconds. Added 0 classes and 0 folders.
[2018.02.01-09.47.40:409][  0]LogContentBrowser: Native class hierarchy updated for 'AddContentDialog' in 0.0006 seconds. Added 0 classes and 0 folders.
[2018.02.01-09.47.40:459][  0]LogContentBrowser: Native class hierarchy updated for 'SceneOutliner' in 0.0006 seconds. Added 1 classes and 2 folders.
[2018.02.01-09.47.40:619][  0]LogSlate: Took 0.008989 seconds to synchronously load lazily loaded font '../../../Engine/Content/Slate/Fonts/Roboto-Regular.ttf' (155K)
[2018.02.01-09.47.40:626][  0]LogSlate: Took 0.004477 seconds to synchronously load lazily loaded font '../../../Engine/Content/Slate/Fonts/Roboto-Bold.ttf' (160K)
[2018.02.01-09.47.40:637][  0]LogSlate: Took 0.004814 seconds to synchronously load lazily loaded font '../../../Engine/Content/Editor/Slate/Fonts/FontAwesome.ttf' (139K)
[2018.02.01-09.47.40:808][  0]LogRenderer: Reallocating scene render targets to support 1208x576 Format 10 NumSamples 1 (Frame:1).
[2018.02.01-09.47.41:065][  0]LogContentBrowser: Native class hierarchy updated for 'HierarchicalLODOutliner' in 0.0005 seconds. Added 1 classes and 2 folders.
[2018.02.01-09.47.41:065][  0]LogLoad: (Engine Initialization) Total time: 26.88 seconds
[2018.02.01-09.47.41:065][  0]LogLoad: (Engine Initialization) Total Blueprint compile time: 0.00 seconds
[2018.02.01-09.47.41:065][  0]LogExternalProfiler: No external profilers were discovered.  External profiling features will not be available.
[2018.02.01-09.47.41:094][  0]LogContentStreaming: Texture pool size now 1000 MB
[2018.02.01-09.47.41:157][  0]LogSlate: Took 0.004317 seconds to synchronously load lazily loaded font '../../../Engine/Content/Slate/Fonts/Roboto-Light.ttf' (159K)
[2018.02.01-09.47.41:190][  1]LogAssetRegistry: Asset discovery search completed in 15.3849 seconds
[2018.02.01-09.47.41:192][  1]LogCollectionManager: Rebuilt the object cache for 0 collections in 0.000000 seconds (found 0 objects)
[2018.02.01-09.47.41:192][  1]LogCollectionManager: Fixed up redirectors for 0 collections in 0.000064 seconds (updated 0 objects)
[2018.02.01-09.47.42:097][105]LogSlate: Took 0.000225 seconds to synchronously load lazily loaded font '../../../Engine/Content/Slate/Fonts/Roboto-Light.ttf' (159K)
[2018.02.01-09.47.55:561][307]LogSlate: Took 0.000112 seconds to synchronously load lazily loaded font '../../../Engine/Content/Slate/Fonts/Roboto-Light.ttf' (159K)
[2018.02.01-09.47.55:942][307]LogContentBrowser: Native class hierarchy updated for 'BlueprintGraph' in 0.0008 seconds. Added 113 classes and 0 folders.
[2018.02.01-09.47.56:595][307]LogSlate: Took 0.000124 seconds to synchronously load lazily loaded font '../../../Engine/Content/Slate/Fonts/Roboto-Regular.ttf' (155K)
[2018.02.01-09.47.56:694][307]LeapPluginLog: InterfaceObject: PlayerOne_Blueprint_C_0
[2018.02.01-09.47.56:695][307]LeapPluginLog: InterfaceObject: PlayerOne_Blueprint_C_1
[2018.02.01-09.47.56:704][307]LogSlate: Took 0.005081 seconds to synchronously load lazily loaded font '../../../Engine/Content/Editor/Slate/Fonts/Roboto-BoldCondensed.ttf' (158K)
[2018.02.01-09.47.56:845][308]LogSlate: Took 0.004764 seconds to synchronously load lazily loaded font '../../../Engine/Content/Editor/Slate/Fonts/Roboto-Italic.ttf' (157K)
[2018.02.01-09.52.41:458][708]LeapPluginLog: InterfaceObject: PlayerOne_Blueprint_C_0
[2018.02.01-09.52.41:458][708]LeapPluginLog: InterfaceObject: PlayerOne_Blueprint_C_0
[2018.02.01-09.52.41:458][708]LeapPluginLog: InterfaceObject: PlayerOne_Blueprint_C_1
[2018.02.01-09.52.41:458][708]LeapPluginLog: InterfaceObject: PlayerOne_Blueprint_C_1
[2018.02.01-09.52.46:139][ 89]LeapPluginLog: InterfaceObject: PlayerOne_Blueprint_C_0
[2018.02.01-09.52.46:139][ 89]LeapPluginLog: InterfaceObject: PlayerOne_Blueprint_C_0
[2018.02.01-09.52.46:140][ 89]LeapPluginLog: InterfaceObject: PlayerOne_Blueprint_C_1
[2018.02.01-09.52.46:140][ 89]LeapPluginLog: InterfaceObject: PlayerOne_Blueprint_C_1
[2018.02.01-09.52.47:678][188]LogSlate: Took 0.004731 seconds to synchronously load lazily loaded font '../../../Engine/Content/Editor/Slate/Fonts/Roboto-BoldCondensedItalic.ttf' (160K)
[2018.02.01-09.52.50:328][307]LeapPluginLog: InterfaceObject: PlayerOne_Blueprint_C_0
[2018.02.01-09.52.50:328][307]LeapPluginLog: InterfaceObject: PlayerOne_Blueprint_C_0
[2018.02.01-09.52.50:328][307]LeapPluginLog: InterfaceObject: PlayerOne_Blueprint_C_1
[2018.02.01-09.52.50:328][307]LeapPluginLog: InterfaceObject: PlayerOne_Blueprint_C_1
[2018.02.01-09.52.52:536][452]BlueprintLog: New page: Compile PlayerOne_Blueprint
[2018.02.01-09.52.52:626][452]LeapPluginLog: InterfaceObject: PlayerOne_Blueprint_C_0
[2018.02.01-09.52.52:692][452]LeapPluginLog: InterfaceObject: PlayerOne_Blueprint_C_1
[2018.02.01-09.52.53:035][452]LeapPluginLog: InterfaceObject: PlayerOne_Blueprint_C_0
[2018.02.01-09.52.53:035][452]LeapPluginLog: InterfaceObject: PlayerOne_Blueprint_C_0
[2018.02.01-09.52.53:035][452]LeapPluginLog: InterfaceObject: PlayerOne_Blueprint_C_1
[2018.02.01-09.52.53:035][452]LeapPluginLog: InterfaceObject: PlayerOne_Blueprint_C_1
[2018.02.01-09.52.53:036][452]LeapPluginLog: InterfaceObject: PlayerOne_Blueprint_C_2
[2018.02.01-09.53.23:943][366]LeapPluginLog: InterfaceObject: PlayerOne_Blueprint_C_1
[2018.02.01-09.53.23:944][366]LeapPluginLog: InterfaceObject: PlayerOne_Blueprint_C_1
[2018.02.01-09.53.23:944][366]LeapPluginLog: InterfaceObject: PlayerOne_Blueprint_C_2
[2018.02.01-09.53.23:944][366]LeapPluginLog: InterfaceObject: PlayerOne_Blueprint_C_2
[2018.02.01-09.53.34:021][860]LeapPluginLog: InterfaceObject: PlayerOne_Blueprint_C_1
[2018.02.01-09.53.34:021][860]LeapPluginLog: InterfaceObject: PlayerOne_Blueprint_C_1
[2018.02.01-09.53.34:021][860]LeapPluginLog: InterfaceObject: PlayerOne_Blueprint_C_2
[2018.02.01-09.53.34:022][860]LeapPluginLog: InterfaceObject: PlayerOne_Blueprint_C_2
[2018.02.01-09.53.53:279][564]LeapPluginLog: InterfaceObject: PlayerOne_Blueprint_C_1
[2018.02.01-09.53.53:279][564]LeapPluginLog: InterfaceObject: PlayerOne_Blueprint_C_1
[2018.02.01-09.53.53:279][564]LeapPluginLog: InterfaceObject: PlayerOne_Blueprint_C_2
[2018.02.01-09.53.53:279][564]LeapPluginLog: InterfaceObject: PlayerOne_Blueprint_C_2
[2018.02.01-09.54.32:483][795]LogClass: Warning: Type mismatch in InitialPos of SKEL_PlayerOne_Blueprint_C - Previous (StructProperty) Current(FloatProperty) for package:  FObjectReader
[2018.02.01-09.54.32:484][795]LeapPluginLog: InterfaceObject: PlayerOne_Blueprint_C_1
[2018.02.01-09.54.32:485][795]LeapPluginLog: InterfaceObject: PlayerOne_Blueprint_C_1
[2018.02.01-09.54.32:485][795]LeapPluginLog: InterfaceObject: PlayerOne_Blueprint_C_2
[2018.02.01-09.54.32:485][795]LeapPluginLog: InterfaceObject: PlayerOne_Blueprint_C_2
[2018.02.01-09.55.53:444][124]LeapPluginLog: InterfaceObject: PlayerOne_Blueprint_C_1
[2018.02.01-09.55.53:444][124]LeapPluginLog: InterfaceObject: PlayerOne_Blueprint_C_1
[2018.02.01-09.55.53:444][124]LeapPluginLog: InterfaceObject: PlayerOne_Blueprint_C_2
[2018.02.01-09.55.53:444][124]LeapPluginLog: InterfaceObject: PlayerOne_Blueprint_C_2
[2018.02.01-09.56.14:994][100]LeapPluginLog: InterfaceObject: PlayerOne_Blueprint_C_1
[2018.02.01-09.56.14:994][100]LeapPluginLog: InterfaceObject: PlayerOne_Blueprint_C_1
[2018.02.01-09.56.14:994][100]LeapPluginLog: InterfaceObject: PlayerOne_Blueprint_C_2
[2018.02.01-09.56.14:995][100]LeapPluginLog: InterfaceObject: PlayerOne_Blueprint_C_2
[2018.02.01-09.56.27:678][651]LeapPluginLog: InterfaceObject: PlayerOne_Blueprint_C_1
[2018.02.01-09.56.27:679][651]LeapPluginLog: InterfaceObject: PlayerOne_Blueprint_C_1
[2018.02.01-09.56.27:679][651]LeapPluginLog: InterfaceObject: PlayerOne_Blueprint_C_2
[2018.02.01-09.56.27:679][651]LeapPluginLog: InterfaceObject: PlayerOne_Blueprint_C_2
[2018.02.01-09.58.27:656][  3]LogAIModule: Creating AISystem for world Test_scene
[2018.02.01-09.58.27:657][  3]LeapPluginLog: InterfaceObject: PlayerOne_Blueprint_67
[2018.02.01-09.58.27:658][  3]LeapPluginLog: InterfaceObject: PlayerOne_Blueprint_67
[2018.02.01-09.58.31:745][  3]LogSavePackage: Save=48.01ms
[2018.02.01-09.58.31:745][  3]LogSavePackage: Moving '../../../../../../Users/Ochuko Studios/Desktop/Final-Year-Project/Final-Artefact/Leap_motion_demo/Saved/PlayerOne_BlueprintB013B1874FB95F444CCEAABE0FB1996B.tmp' to '../../../../../../Users/Ochuko Studios/Desktop/Final-Year-Project/Final-Artefact/Leap_motion_demo/Content/Blueprints/PlayerOne_Blueprint.uasset'
[2018.02.01-09.58.31:752][  3]LogSavePackage: Display: Finished SavePackage ../../../../../../Users/Ochuko Studios/Desktop/Final-Year-Project/Final-Artefact/Leap_motion_demo/Content/Blueprints/PlayerOne_Blueprint.uasset
[2018.02.01-09.58.31:753][  3]Cmd: MAP LOAD FILE="../../../../../../Users/Ochuko Studios/Desktop/Final-Year-Project/Final-Artefact/Leap_motion_demo/Content/Scenes/Test_scene.umap" TEMPLATE=0 SHOWPROGRESS=1 FEATURELEVEL=3
[2018.02.01-09.58.31:754][  3]LightingResults: New page: Lighting Build
[2018.02.01-09.58.31:755][  3]LoadErrors: New page: Loading map: Test_scene.umap
[2018.02.01-09.58.31:755][  3]MapCheck: New page: Map Check
[2018.02.01-09.58.31:755][  3]LightingResults: New page: Lighting Build
[2018.02.01-09.58.31:775][  3]LeapPluginLog: InterfaceObject: PlayerOne_Blueprint_67
[2018.02.01-09.58.31:775][  3]LeapPluginLog: InterfaceObject: PlayerOne_Blueprint_67
[2018.02.01-09.58.31:837][  3]LogEditorServer: Finished looking for orphan Actors (0.000 secs)
[2018.02.01-09.58.31:902][  3]Cmd: MAP CHECKDEP NOCLEARLOG
[2018.02.01-09.58.33:373][  3]MapCheck: Map check complete: 0 Error(s), 0 Warning(s), took 1,470.575ms to complete.
[2018.02.01-09.58.33:378][  3]LogFileHelpers: Loading map 'Test_scene' took 1.626
[2018.02.01-10.01.34:509][459]LeapPluginLog: InterfaceObject: PlayerOne_Blueprint_C_1
[2018.02.01-10.01.34:510][459]LeapPluginLog: InterfaceObject: PlayerOne_Blueprint_C_1
[2018.02.01-10.01.34:510][459]LeapPluginLog: InterfaceObject: PlayerOne_Blueprint_C_2
[2018.02.01-10.01.34:510][459]LeapPluginLog: InterfaceObject: PlayerOne_Blueprint_C_2
[2018.02.01-10.01.34:515][459]LeapPluginLog: InterfaceObject: PlayerOne_Blueprint_67
[2018.02.01-10.01.34:516][459]LeapPluginLog: InterfaceObject: PlayerOne_Blueprint_67
[2018.02.01-10.01.40:610][776]LeapPluginLog: InterfaceObject: PlayerOne_Blueprint_C_1
[2018.02.01-10.01.40:611][776]LeapPluginLog: InterfaceObject: PlayerOne_Blueprint_C_1
[2018.02.01-10.01.40:611][776]LeapPluginLog: InterfaceObject: PlayerOne_Blueprint_C_2
[2018.02.01-10.01.40:611][776]LeapPluginLog: InterfaceObject: PlayerOne_Blueprint_C_2
[2018.02.01-10.01.40:611][776]LeapPluginLog: InterfaceObject: PlayerOne_Blueprint_67
[2018.02.01-10.01.40:611][776]LeapPluginLog: InterfaceObject: PlayerOne_Blueprint_67
[2018.02.01-10.05.51:758][787]LeapPluginLog: InterfaceObject: PlayerOne_Blueprint_C_1
[2018.02.01-10.05.51:758][787]LeapPluginLog: InterfaceObject: PlayerOne_Blueprint_C_1
[2018.02.01-10.05.51:758][787]LeapPluginLog: InterfaceObject: PlayerOne_Blueprint_C_2
[2018.02.01-10.05.51:758][787]LeapPluginLog: InterfaceObject: PlayerOne_Blueprint_C_2
[2018.02.01-10.05.51:758][787]LeapPluginLog: InterfaceObject: PlayerOne_Blueprint_67
[2018.02.01-10.05.51:759][787]LeapPluginLog: InterfaceObject: PlayerOne_Blueprint_67
[2018.02.01-10.05.56:095][938]LeapPluginLog: InterfaceObject: PlayerOne_Blueprint_C_1
[2018.02.01-10.05.56:095][938]LeapPluginLog: InterfaceObject: PlayerOne_Blueprint_C_1
[2018.02.01-10.05.56:095][938]LeapPluginLog: InterfaceObject: PlayerOne_Blueprint_C_2
[2018.02.01-10.05.56:095][938]LeapPluginLog: InterfaceObject: PlayerOne_Blueprint_C_2
[2018.02.01-10.05.56:095][938]LeapPluginLog: InterfaceObject: PlayerOne_Blueprint_67
[2018.02.01-10.05.56:095][938]LeapPluginLog: InterfaceObject: PlayerOne_Blueprint_67
[2018.02.01-10.06.30:389][260]LeapPluginLog: InterfaceObject: PlayerOne_Blueprint_C_1
[2018.02.01-10.06.30:389][260]LeapPluginLog: InterfaceObject: PlayerOne_Blueprint_C_1
[2018.02.01-10.06.30:389][260]LeapPluginLog: InterfaceObject: PlayerOne_Blueprint_C_2
[2018.02.01-10.06.30:389][260]LeapPluginLog: InterfaceObject: PlayerOne_Blueprint_C_2
[2018.02.01-10.06.30:389][260]LeapPluginLog: InterfaceObject: PlayerOne_Blueprint_67
[2018.02.01-10.06.30:390][260]LeapPluginLog: InterfaceObject: PlayerOne_Blueprint_67
[2018.02.01-10.06.30:395][260]BlueprintLog: New page: Compile PlayerOne_Blueprint
[2018.02.01-10.06.30:420][260]LogClass: Warning: Type mismatch in InitialPos of PlayerOne_Blueprint_C - Previous (StructProperty) Current(FloatProperty) for package:  FObjectReader
[2018.02.01-10.06.30:506][260]LeapPluginLog: InterfaceObject: PlayerOne_Blueprint_C_1
[2018.02.01-10.06.30:598][260]LeapPluginLog: InterfaceObject: PlayerOne_Blueprint_C_2
[2018.02.01-10.06.30:664][260]LeapPluginLog: InterfaceObject: PlayerOne_Blueprint_67
[2018.02.01-10.06.31:109][260]LeapPluginLog: InterfaceObject: PlayerOne_Blueprint_C_1
[2018.02.01-10.06.31:109][260]LeapPluginLog: InterfaceObject: PlayerOne_Blueprint_C_1
[2018.02.01-10.06.31:109][260]LeapPluginLog: InterfaceObject: PlayerOne_Blueprint_C_2
[2018.02.01-10.06.31:109][260]LeapPluginLog: InterfaceObject: PlayerOne_Blueprint_C_2
[2018.02.01-10.06.31:109][260]LeapPluginLog: InterfaceObject: PlayerOne_Blueprint_67
[2018.02.01-10.06.31:110][260]LeapPluginLog: InterfaceObject: PlayerOne_Blueprint_67
[2018.02.01-10.06.31:110][260]LeapPluginLog: InterfaceObject: PlayerOne_Blueprint_C_3
[2018.02.01-10.06.32:676][364]LeapPluginLog: InterfaceObject: PlayerOne_Blueprint_C_1
[2018.02.01-10.06.32:676][364]LeapPluginLog: InterfaceObject: PlayerOne_Blueprint_C_1
[2018.02.01-10.06.32:676][364]LeapPluginLog: InterfaceObject: PlayerOne_Blueprint_67
[2018.02.01-10.06.32:676][364]LeapPluginLog: InterfaceObject: PlayerOne_Blueprint_67
[2018.02.01-10.06.32:676][364]LeapPluginLog: InterfaceObject: PlayerOne_Blueprint_C_3
[2018.02.01-10.06.32:676][364]LeapPluginLog: InterfaceObject: PlayerOne_Blueprint_C_3
[2018.02.01-10.06.34:205][468]LeapPluginLog: InterfaceObject: PlayerOne_Blueprint_C_1
[2018.02.01-10.06.34:205][468]LeapPluginLog: InterfaceObject: PlayerOne_Blueprint_C_1
[2018.02.01-10.06.34:206][468]LeapPluginLog: InterfaceObject: PlayerOne_Blueprint_67
[2018.02.01-10.06.34:206][468]LeapPluginLog: InterfaceObject: PlayerOne_Blueprint_67
[2018.02.01-10.06.34:206][468]LeapPluginLog: InterfaceObject: PlayerOne_Blueprint_C_3
[2018.02.01-10.06.34:206][468]LeapPluginLog: InterfaceObject: PlayerOne_Blueprint_C_3
[2018.02.01-10.07.53:492][171]LeapPluginLog: InterfaceObject: PlayerOne_Blueprint_C_1
[2018.02.01-10.07.53:492][171]LeapPluginLog: InterfaceObject: PlayerOne_Blueprint_C_1
[2018.02.01-10.07.53:492][171]LeapPluginLog: InterfaceObject: PlayerOne_Blueprint_67
[2018.02.01-10.07.53:493][171]LeapPluginLog: InterfaceObject: PlayerOne_Blueprint_67
[2018.02.01-10.07.53:493][171]LeapPluginLog: InterfaceObject: PlayerOne_Blueprint_C_3
[2018.02.01-10.07.53:493][171]LeapPluginLog: InterfaceObject: PlayerOne_Blueprint_C_3
[2018.02.01-10.09.47:268][ 74]BlueprintLog: New page: Compile PlayerOne_Blueprint
[2018.02.01-10.09.47:369][ 74]LeapPluginLog: InterfaceObject: PlayerOne_Blueprint_C_1
[2018.02.01-10.09.47:436][ 74]LeapPluginLog: InterfaceObject: PlayerOne_Blueprint_67
[2018.02.01-10.09.47:505][ 74]LeapPluginLog: InterfaceObject: PlayerOne_Blueprint_C_3
[2018.02.01-10.09.47:897][ 74]LeapPluginLog: InterfaceObject: PlayerOne_Blueprint_C_1
[2018.02.01-10.09.47:897][ 74]LeapPluginLog: InterfaceObject: PlayerOne_Blueprint_C_1
[2018.02.01-10.09.47:897][ 74]LeapPluginLog: InterfaceObject: PlayerOne_Blueprint_67
[2018.02.01-10.09.47:897][ 74]LeapPluginLog: InterfaceObject: PlayerOne_Blueprint_67
[2018.02.01-10.09.47:897][ 74]LeapPluginLog: InterfaceObject: PlayerOne_Blueprint_C_3
[2018.02.01-10.09.47:897][ 74]LeapPluginLog: InterfaceObject: PlayerOne_Blueprint_C_3
[2018.02.01-10.09.47:897][ 74]LeapPluginLog: InterfaceObject: PlayerOne_Blueprint_C_2
[2018.02.01-10.09.51:905][303]LeapPluginLog: InterfaceObject: PlayerOne_Blueprint_C_1
[2018.02.01-10.09.51:906][303]LeapPluginLog: InterfaceObject: PlayerOne_Blueprint_C_1
[2018.02.01-10.09.51:906][303]LeapPluginLog: InterfaceObject: PlayerOne_Blueprint_67
[2018.02.01-10.09.51:906][303]LeapPluginLog: InterfaceObject: PlayerOne_Blueprint_67
[2018.02.01-10.09.51:906][303]LeapPluginLog: InterfaceObject: PlayerOne_Blueprint_C_2
[2018.02.01-10.09.51:906][303]LeapPluginLog: InterfaceObject: PlayerOne_Blueprint_C_2
[2018.02.01-10.09.59:348][797]LeapPluginLog: InterfaceObject: PlayerOne_Blueprint_C_1
[2018.02.01-10.09.59:348][797]LeapPluginLog: InterfaceObject: PlayerOne_Blueprint_C_1
[2018.02.01-10.09.59:349][797]LeapPluginLog: InterfaceObject: PlayerOne_Blueprint_67
[2018.02.01-10.09.59:349][797]LeapPluginLog: InterfaceObject: PlayerOne_Blueprint_67
[2018.02.01-10.09.59:349][797]LeapPluginLog: InterfaceObject: PlayerOne_Blueprint_C_2
[2018.02.01-10.09.59:349][797]LeapPluginLog: InterfaceObject: PlayerOne_Blueprint_C_2
[2018.02.01-10.10.02:713][999]LeapPluginLog: InterfaceObject: PlayerOne_Blueprint_C_1
[2018.02.01-10.10.02:713][999]LeapPluginLog: InterfaceObject: PlayerOne_Blueprint_C_1
[2018.02.01-10.10.02:713][999]LeapPluginLog: InterfaceObject: PlayerOne_Blueprint_67
[2018.02.01-10.10.02:713][999]LeapPluginLog: InterfaceObject: PlayerOne_Blueprint_67
[2018.02.01-10.10.02:713][999]LeapPluginLog: InterfaceObject: PlayerOne_Blueprint_C_2
[2018.02.01-10.10.02:713][999]LeapPluginLog: InterfaceObject: PlayerOne_Blueprint_C_2
[2018.02.01-10.10.27:694][996]LogSavePackage: Save=45.94ms
[2018.02.01-10.10.27:694][996]LogSavePackage: Moving '../../../../../../Users/Ochuko Studios/Desktop/Final-Year-Project/Final-Artefact/Leap_motion_demo/Saved/Test_scene_Auto10CE0C20F48F47E5334C9A49E8B3A7031.tmp' to '../../../../../../Users/Ochuko Studios/Desktop/Final-Year-Project/Final-Artefact/Leap_motion_demo/Saved/Autosaves/Game/Scenes/Test_scene_Auto1.umap'
[2018.02.01-10.10.27:697][996]LogSavePackage: Display: Finished SavePackage ../../../../../../Users/Ochuko Studios/Desktop/Final-Year-Project/Final-Artefact/Leap_motion_demo/Saved/Autosaves/Game/Scenes/Test_scene_Auto1.umap
[2018.02.01-10.10.27:701][996]LogFileHelpers: Editor autosave (incl. sublevels) for '/Game/Scenes/Test_scene' took 0.333
[2018.02.01-10.10.27:701][996]LogFileHelpers: Editor autosave (incl. sublevels) for all levels took 0.333
[2018.02.01-10.10.27:729][996]OBJ SavePackage: Generating thumbnails for [1] asset(s) in package [/Game/Blueprints/PlayerOne_Blueprint] ([1] browsable assets)...
[2018.02.01-10.10.27:766][996]OBJ SavePackage:     Rendered thumbnail for [Blueprint /Game/Blueprints/PlayerOne_Blueprint.PlayerOne_Blueprint]
[2018.02.01-10.10.27:766][996]OBJ SavePackage: Finished generating thumbnails for package [/Game/Blueprints/PlayerOne_Blueprint]
[2018.02.01-10.10.27:824][996]LogSavePackage: Save=51.33ms
[2018.02.01-10.10.27:824][996]LogSavePackage: Moving '../../../../../../Users/Ochuko Studios/Desktop/Final-Year-Project/Final-Artefact/Leap_motion_demo/Saved/PlayerOne_Blueprint_Auto14EB38391484F8C0602359596CBE283F5.tmp' to '../../../../../../Users/Ochuko Studios/Desktop/Final-Year-Project/Final-Artefact/Leap_motion_demo/Saved/Autosaves/Game/Blueprints/PlayerOne_Blueprint_Auto1.uasset'
[2018.02.01-10.10.27:826][996]LogSavePackage: Display: Finished SavePackage ../../../../../../Users/Ochuko Studios/Desktop/Final-Year-Project/Final-Artefact/Leap_motion_demo/Saved/Autosaves/Game/Blueprints/PlayerOne_Blueprint_Auto1.uasset
[2018.02.01-10.10.27:826][996]LogFileHelpers: Auto-saving content packages took 0.097
[2018.02.01-10.18.04:408][248]LogHttp: Warning: 000002779DA7FA00: request failed, libcurl error: 35 (SSL connect error)
[2018.02.01-10.18.04:408][248]LogHttp: Warning: 000002779DA7FA00: libcurl info message cache 0 (Connection 10 seems to be dead!)
[2018.02.01-10.18.04:408][248]LogHttp: Warning: 000002779DA7FA00: libcurl info message cache 1 (Closing connection 10)
[2018.02.01-10.18.04:408][248]LogHttp: Warning: 000002779DA7FA00: libcurl info message cache 2 (TLSv1.2 (OUT), TLS alert, Client hello (1):)
[2018.02.01-10.18.04:408][248]LogHttp: Warning: 000002779DA7FA00: libcurl info message cache 3 (  Trying 34.234.242.30...)
[2018.02.01-10.18.04:408][248]LogHttp: Warning: 000002779DA7FA00: libcurl info message cache 4 (Connected to datarouter.ol.epicgames.com (34.234.242.30) port 443 (#11))
[2018.02.01-10.18.04:408][248]LogHttp: Warning: 000002779DA7FA00: libcurl info message cache 5 (ALPN, offering http/1.1)
[2018.02.01-10.18.04:408][248]LogHttp: Warning: 000002779DA7FA00: libcurl info message cache 6 (Cipher selection: ALL:!EXPORT:!EXPORT40:!EXPORT56:!aNULL:!LOW:!RC4:@STRENGTH)
[2018.02.01-10.18.04:408][248]LogHttp: Warning: 000002779DA7FA00: libcurl info message cache 7 (SSL re-using session ID)
[2018.02.01-10.18.04:408][248]LogHttp: Warning: 000002779DA7FA00: libcurl info message cache 8 (TLSv1.2 (OUT), TLS handshake, Client hello (1):)
[2018.02.01-10.18.04:408][248]LogHttp: Warning: 000002779DA7FA00: libcurl info message cache 9 (Unknown SSL protocol error in connection to datarouter.ol.epicgames.com:443 )
[2018.02.01-10.18.04:408][248]LogHttp: Warning: 000002779DA7FA00: libcurl info message cache 10 (Closing connection 11)
[2018.02.01-10.29.04:827][596]LogHttp: Warning: 000002779DA7F700: request failed, libcurl error: 35 (SSL connect error)
[2018.02.01-10.29.04:827][596]LogHttp: Warning: 000002779DA7F700: libcurl info message cache 0 (Connection 15 seems to be dead!)
[2018.02.01-10.29.04:827][596]LogHttp: Warning: 000002779DA7F700: libcurl info message cache 1 (Closing connection 15)
[2018.02.01-10.29.04:827][596]LogHttp: Warning: 000002779DA7F700: libcurl info message cache 2 (TLSv1.2 (OUT), TLS alert, Client hello (1):)
[2018.02.01-10.29.04:827][596]LogHttp: Warning: 000002779DA7F700: libcurl info message cache 3 (  Trying 34.236.34.168...)
[2018.02.01-10.29.04:827][596]LogHttp: Warning: 000002779DA7F700: libcurl info message cache 4 (Connected to datarouter.ol.epicgames.com (34.236.34.168) port 443 (#16))
[2018.02.01-10.29.04:827][596]LogHttp: Warning: 000002779DA7F700: libcurl info message cache 5 (ALPN, offering http/1.1)
[2018.02.01-10.29.04:827][596]LogHttp: Warning: 000002779DA7F700: libcurl info message cache 6 (Cipher selection: ALL:!EXPORT:!EXPORT40:!EXPORT56:!aNULL:!LOW:!RC4:@STRENGTH)
[2018.02.01-10.29.04:827][596]LogHttp: Warning: 000002779DA7F700: libcurl info message cache 7 (SSL re-using session ID)
[2018.02.01-10.29.04:827][596]LogHttp: Warning: 000002779DA7F700: libcurl info message cache 8 (TLSv1.2 (OUT), TLS handshake, Client hello (1):)
[2018.02.01-10.29.04:827][596]LogHttp: Warning: 000002779DA7F700: libcurl info message cache 9 (Unknown SSL protocol error in connection to datarouter.ol.epicgames.com:443 )
[2018.02.01-10.29.04:827][596]LogHttp: Warning: 000002779DA7F700: libcurl info message cache 10 (Closing connection 16)
[2018.02.01-10.32.17:330][273]LogSavePackage: Save=48.99ms
[2018.02.01-10.32.17:330][273]LogSavePackage: Moving '../../../../../../Users/Ochuko Studios/Desktop/Final-Year-Project/Final-Artefact/Leap_motion_demo/Saved/PlayerOne_BlueprintB619D0A54EA69538325C819968AF5371.tmp' to '../../../../../../Users/Ochuko Studios/Desktop/Final-Year-Project/Final-Artefact/Leap_motion_demo/Content/Blueprints/PlayerOne_Blueprint.uasset'
[2018.02.01-10.32.17:337][273]LogSavePackage: Display: Finished SavePackage ../../../../../../Users/Ochuko Studios/Desktop/Final-Year-Project/Final-Artefact/Leap_motion_demo/Content/Blueprints/PlayerOne_Blueprint.uasset
[2018.02.01-10.32.24:056][400]LogSavePackage: Save=47.49ms
[2018.02.01-10.32.24:056][400]LogSavePackage: Moving '../../../../../../Users/Ochuko Studios/Desktop/Final-Year-Project/Final-Artefact/Leap_motion_demo/Saved/Test_sceneB2046BCE493D7BC479DABAA4F1021A3B.tmp' to '../../../../../../Users/Ochuko Studios/Desktop/Final-Year-Project/Final-Artefact/Leap_motion_demo/Content/Scenes/Test_scene.umap'
[2018.02.01-10.32.24:061][400]LogSavePackage: Display: Finished SavePackage ../../../../../../Users/Ochuko Studios/Desktop/Final-Year-Project/Final-Artefact/Leap_motion_demo/Content/Scenes/Test_scene.umap
[2018.02.01-10.32.24:098][400]LogFileHelpers: Saving map 'Test_scene' took 0.157
[2018.02.01-10.32.32:287][634]LogTemp: Executing iPhonePackager certificates Engine -bundlename com.YourCompany.Leapmotiondemo
[2018.02.01-10.32.32:287][634]LogTemp: CWD: C:\Program Files\Epic Games\UE_4.17\Engine\Binaries\DotNET\IOS
[2018.02.01-10.32.32:287][634]LogTemp: Initial Dir: C:\Program Files\Epic Games\UE_4.17
[2018.02.01-10.32.32:287][634]LogTemp: Env CWD: C:\Program Files\Epic Games\UE_4.17\Engine\Binaries\DotNET\IOS
[2018.02.01-10.32.32:291][634]LogTemp: BranchPath = DESKTOP-P0KGN8E/C/Program Files/Epic Games/UE_4.17/Engine/Binaries --- GameBranchPath = DESKTOP-P0KGN8E/C/Program Files/Epic Games/UE_4.17/Engine/Binaries
[2018.02.01-10.32.32:323][635]LogTemp: IPP ERROR: Could not find provision directory 'C:\Users\Ochuko Studios\AppData\Local/Apple Computer/MobileDevice/Provisioning Profiles/'.
[2018.02.01-10.33.01:063][121]LogWindowsTextInputMethodSystem: Display: IME system now deactivated.
[2018.02.01-10.33.01:239][122]Cmd: QUIT_EDITOR
[2018.02.01-10.33.01:281][122]LogExit: Preparing to exit.
[2018.02.01-10.33.02:339][122]LogDirectoryWatcher: A directory notification for 'C:/Users/Ochuko Studios/Desktop/Final-Year-Project/Final-Artefact/Leap_motion_demo/Content/' was aborted.
[2018.02.01-10.33.02:367][122]LogExit: Editor shut down
[2018.02.01-10.33.02:375][122]LogExit: Transaction tracking system shut down
[2018.02.01-10.33.02:561][122]LogDirectoryWatcher: A directory notification for '../../../Engine/Content/' was aborted.
[2018.02.01-10.33.02:562][122]LogDirectoryWatcher: A directory notification for '../../../../../../Users/Ochuko Studios/Desktop/Final-Year-Project/Final-Artefact/Leap_motion_demo/Content/' was aborted.
[2018.02.01-10.33.02:562][122]LogDirectoryWatcher: A directory notification for '../../../Engine/Plugins/2D/Paper2D/Content/' was aborted.
[2018.02.01-10.33.02:562][122]LogDirectoryWatcher: A directory notification for '../../../Engine/Plugins/Runtime/LeapMotion/Content/' was aborted.
[2018.02.01-10.33.02:562][122]LogDirectoryWatcher: A directory notification for '../../../Engine/Plugins/Runtime/Oculus/OculusVR/Content/' was aborted.
[2018.02.01-10.33.02:562][122]LogDirectoryWatcher: A directory notification for '../../../Engine/Plugins/Runtime/Steam/SteamVR/Content/' was aborted.
[2018.02.01-10.33.02:702][122]LogExit: Object subsystem successfully closed.
[2018.02.01-10.33.02:725][122]LogD3D11RHI: Shutdown
[2018.02.01-10.33.02:725][122]LogD3D11RHI: CleanupD3DDevice
[2018.02.01-10.33.03:082][122]LogD3D11RHI: ~FD3D11DynamicRHI
[2018.02.01-10.33.03:099][122]LogModuleManager: Shutting down and abandoning module ExternalImagePicker (538)
[2018.02.01-10.33.03:099][122]LogModuleManager: Shutting down and abandoning module BlueprintGraph (536)
[2018.02.01-10.33.03:099][122]LogModuleManager: Shutting down and abandoning module BlueprintProfiler (534)
[2018.02.01-10.33.03:100][122]LogModuleManager: Shutting down and abandoning module HierarchicalLODOutliner (532)
[2018.02.01-10.33.03:100][122]LogModuleManager: Shutting down and abandoning module SceneOutliner (530)
[2018.02.01-10.33.03:100][122]LogModuleManager: Shutting down and abandoning module AddContentDialog (528)
[2018.02.01-10.33.03:100][122]LogDirectoryWatcher: A directory notification for 'C:/Program Files/Epic Games/UE_4.17/FeaturePacks/' was aborted.
[2018.02.01-10.33.03:101][122]LogModuleManager: Shutting down and abandoning module WidgetCarousel (527)
[2018.02.01-10.33.03:101][122]LogModuleManager: Shutting down and abandoning module EditorWidgets (524)
[2018.02.01-10.33.03:101][122]LogModuleManager: Shutting down and abandoning module CollectionManager (522)
[2018.02.01-10.33.03:101][122]LogDirectoryWatcher: A directory notification for 'C:/Users/Ochuko Studios/Desktop/Final-Year-Project/Final-Artefact/Leap_motion_demo/Content/Collections/' was aborted.
[2018.02.01-10.33.03:101][122]LogDirectoryWatcher: A directory notification for 'C:/Users/Ochuko Studios/Desktop/Final-Year-Project/Final-Artefact/Leap_motion_demo/Content/Developers/OchukoStudios/Collections/' was aborted.
[2018.02.01-10.33.03:101][122]LogDirectoryWatcher: A directory notification for 'C:/Users/Ochuko Studios/Desktop/Final-Year-Project/Final-Artefact/Leap_motion_demo/Saved/Collections/' was aborted.
[2018.02.01-10.33.03:101][122]LogModuleManager: Shutting down and abandoning module StatsViewer (520)
[2018.02.01-10.33.03:101][122]LogModuleManager: Shutting down and abandoning module FoliageEdit (518)
[2018.02.01-10.33.03:101][122]LogModuleManager: Shutting down and abandoning module LandscapeEditor (516)
[2018.02.01-10.33.03:101][122]LogModuleManager: Shutting down and abandoning module MeshPaintMode (514)
[2018.02.01-10.33.03:102][122]LogModuleManager: Shutting down and abandoning module SceneDepthPickerMode (512)
[2018.02.01-10.33.03:102][122]LogModuleManager: Shutting down and abandoning module ActorPickerMode (510)
[2018.02.01-10.33.03:102][122]LogModuleManager: Shutting down and abandoning module GeometryMode (508)
[2018.02.01-10.33.03:102][122]LogModuleManager: Shutting down and abandoning module TextureAlignMode (506)
[2018.02.01-10.33.03:102][122]LogModuleManager: Shutting down and abandoning module BspMode (504)
[2018.02.01-10.33.03:102][122]LogModuleManager: Shutting down and abandoning module PIEPreviewDeviceProfileSelector (502)
[2018.02.01-10.33.03:102][122]LogModuleManager: Shutting down and abandoning module HardwareSurvey (500)
[2018.02.01-10.33.03:102][122]LogModuleManager: Shutting down and abandoning module SequenceRecorderSections (498)
[2018.02.01-10.33.03:102][122]LogModuleManager: Shutting down and abandoning module AutomationWorker (496)
[2018.02.01-10.33.03:102][122]LogModuleManager: Shutting down and abandoning module MatineeToLevelSequence (494)
[2018.02.01-10.33.03:102][122]LogModuleManager: Shutting down and abandoning module LevelSequenceEditor (492)
[2018.02.01-10.33.03:102][122]LogModuleManager: Shutting down and abandoning module PlacementMode (491)
[2018.02.01-10.33.03:102][122]LogModuleManager: Shutting down and abandoning module WmfMediaFactory (488)
[2018.02.01-10.33.03:102][122]LogModuleManager: Shutting down and abandoning module WmfMediaEditor (486)
[2018.02.01-10.33.03:102][122]LogModuleManager: Shutting down and abandoning module AvfMediaFactory (484)
[2018.02.01-10.33.03:102][122]LogModuleManager: Shutting down and abandoning module AvfMediaEditor (482)
[2018.02.01-10.33.03:102][122]LogModuleManager: Shutting down and abandoning module AndroidMediaFactory (480)
[2018.02.01-10.33.03:102][122]LogModuleManager: Shutting down and abandoning module Media (479)
[2018.02.01-10.33.03:102][122]LogModuleManager: Shutting down and abandoning module AndroidMediaEditor (476)
[2018.02.01-10.33.03:102][122]LogModuleManager: Shutting down and abandoning module CharacterAI (474)
[2018.02.01-10.33.03:102][122]LogModuleManager: Shutting down and abandoning module AudioCapture (472)
[2018.02.01-10.33.03:102][122]LogModuleManager: Shutting down and abandoning module SequenceRecorder (471)
[2018.02.01-10.33.03:103][122]LogModuleManager: Shutting down and abandoning module SmartSnapping (468)
[2018.02.01-10.33.03:103][122]LogModuleManager: Shutting down and abandoning module SessionServices (466)
[2018.02.01-10.33.03:103][122]LogModuleManager: Shutting down and abandoning module ViewportSnapping (464)
[2018.02.01-10.33.03:103][122]LogModuleManager: Shutting down and abandoning module ViewportInteraction (462)
[2018.02.01-10.33.03:103][122]LogModuleManager: Shutting down and abandoning module ClothPainter (460)
[2018.02.01-10.33.03:103][122]LogModuleManager: Shutting down and abandoning module LogVisualizer (458)
[2018.02.01-10.33.03:103][122]LogModuleManager: Shutting down and abandoning module IntroTutorials (456)
[2018.02.01-10.33.03:103][122]LogModuleManager: Shutting down and abandoning module GameProjectGeneration (455)
[2018.02.01-10.33.03:104][122]LogModuleManager: Shutting down and abandoning module IOSPlatformEditor (452)
[2018.02.01-10.33.03:104][122]LogModuleManager: Shutting down and abandoning module HTML5PlatformEditor (450)
[2018.02.01-10.33.03:104][122]LogModuleManager: Shutting down and abandoning module AndroidPlatformEditor (448)
[2018.02.01-10.33.03:104][122]LogModuleManager: Shutting down and abandoning module AndroidDeviceDetection (447)
[2018.02.01-10.33.03:210][122]LogModuleManager: Shutting down and abandoning module WindowsPlatformEditor (444)
[2018.02.01-10.33.03:210][122]LogModuleManager: Shutting down and abandoning module IOSRuntimeSettings (442)
[2018.02.01-10.33.03:210][122]LogModuleManager: Shutting down and abandoning module AndroidRuntimeSettings (440)
[2018.02.01-10.33.03:210][122]LogModuleManager: Shutting down and abandoning module InputBindingEditor (438)
[2018.02.01-10.33.03:210][122]LogModuleManager: Shutting down and abandoning module MergeActors (436)
[2018.02.01-10.33.03:211][122]LogModuleManager: Shutting down and abandoning module SizeMap (434)
[2018.02.01-10.33.03:211][122]LogModuleManager: Shutting down and abandoning module TreeMap (432)
[2018.02.01-10.33.03:211][122]LogModuleManager: Shutting down and abandoning module ReferenceViewer (430)
[2018.02.01-10.33.03:211][122]LogModuleManager: Shutting down and abandoning module LocalizationDashboard (428)
[2018.02.01-10.33.03:211][122]LogModuleManager: Shutting down and abandoning module LocalizationService (427)
[2018.02.01-10.33.03:211][122]LogModuleManager: Shutting down and abandoning module HardwareTargeting (424)
[2018.02.01-10.33.03:211][122]LogModuleManager: Shutting down and abandoning module DeviceProfileEditor (422)
[2018.02.01-10.33.03:211][122]LogModuleManager: Shutting down and abandoning module UndoHistory (420)
[2018.02.01-10.33.03:211][122]LogModuleManager: Shutting down and abandoning module XmlParser (418)
[2018.02.01-10.33.03:211][122]LogModuleManager: Shutting down and abandoning module Blutility (416)
[2018.02.01-10.33.03:211][122]LogModuleManager: Shutting down and abandoning module ProjectSettingsViewer (414)
[2018.02.01-10.33.03:211][122]LogModuleManager: Shutting down and abandoning module ProjectTargetPlatformEditor (413)
[2018.02.01-10.33.03:211][122]LogModuleManager: Shutting down and abandoning module EditorSettingsViewer (410)
[2018.02.01-10.33.03:211][122]LogModuleManager: Shutting down and abandoning module SettingsEditor (408)
[2018.02.01-10.33.03:211][122]LogModuleManager: Shutting down and abandoning module ProjectLauncher (406)
[2018.02.01-10.33.03:212][122]LogModuleManager: Shutting down and abandoning module SessionFrontend (404)
[2018.02.01-10.33.03:212][122]LogModuleManager: Shutting down and abandoning module ProfilerClient (402)
[2018.02.01-10.33.03:212][122]LogModuleManager: Shutting down and abandoning module DeviceManager (400)
[2018.02.01-10.33.03:212][122]LogModuleManager: Shutting down and abandoning module TargetDeviceServices (399)
[2018.02.01-10.33.03:266][122]LogModuleManager: Shutting down and abandoning module AutomationController (396)
[2018.02.01-10.33.03:266][122]LogModuleManager: Shutting down and abandoning module AutomationWindow (394)
[2018.02.01-10.33.03:267][122]LogModuleManager: Shutting down and abandoning module Layers (392)
[2018.02.01-10.33.03:268][122]LogModuleManager: Shutting down and abandoning module ComponentVisualizers (390)
[2018.02.01-10.33.03:268][122]LogModuleManager: Shutting down and abandoning module DetailCustomizations (388)
[2018.02.01-10.33.03:268][122]LogModuleManager: Shutting down and abandoning module PackagesDialog (386)
[2018.02.01-10.33.03:268][122]LogModuleManager: Shutting down and abandoning module Persona (384)
[2018.02.01-10.33.03:268][122]LogModuleManager: Shutting down and abandoning module AdvancedPreviewScene (383)
[2018.02.01-10.33.03:268][122]LogModuleManager: Shutting down and abandoning module AnimGraph (381)
[2018.02.01-10.33.03:268][122]LogModuleManager: Shutting down and abandoning module Kismet (378)
[2018.02.01-10.33.03:275][122]LogModuleManager: Shutting down and abandoning module ClassViewer (376)
[2018.02.01-10.33.03:276][122]LogModuleManager: Shutting down and abandoning module Toolbox (374)
[2018.02.01-10.33.03:276][122]LogModuleManager: Shutting down and abandoning module ModuleUI (372)
[2018.02.01-10.33.03:277][122]LogModuleManager: Shutting down and abandoning module MovieSceneTools (370)
[2018.02.01-10.33.03:277][122]LogModuleManager: Shutting down and abandoning module OutputLog (368)
[2018.02.01-10.33.03:277][122]LogModuleManager: Shutting down and abandoning module GammaUI (366)
[2018.02.01-10.33.03:277][122]LogModuleManager: Shutting down and abandoning module Documentation (364)
[2018.02.01-10.33.03:278][122]LogModuleManager: Shutting down and abandoning module MovieSceneTracks (362)
[2018.02.01-10.33.03:278][122]LogModuleManager: Shutting down and abandoning module MovieScene (360)
[2018.02.01-10.33.03:278][122]LogModuleManager: Shutting down and abandoning module Niagara (358)
[2018.02.01-10.33.03:278][122]LogModuleManager: Shutting down and abandoning module NiagaraEditor (357)
[2018.02.01-10.33.03:278][122]LogModuleManager: Shutting down and abandoning module StreamingPauseRendering (354)
[2018.02.01-10.33.03:278][122]LogModuleManager: Shutting down and abandoning module LauncherPlatform (352)
[2018.02.01-10.33.03:278][122]LogModuleManager: Shutting down and abandoning module AnalyticsET (350)
[2018.02.01-10.33.03:278][122]LogModuleManager: Shutting down and abandoning module PortalServices (348)
[2018.02.01-10.33.03:278][122]LogModuleManager: Shutting down and abandoning module PortalRpc (346)
[2018.02.01-10.33.03:278][122]LogModuleManager: Shutting down and abandoning module MessagingRpc (344)
[2018.02.01-10.33.03:278][122]LogModuleManager: Shutting down and abandoning module AIModule (342)
[2018.02.01-10.33.03:278][122]LogModuleManager: Shutting down and abandoning module GameplayDebugger (341)
[2018.02.01-10.33.03:278][122]LogModuleManager: Shutting down and abandoning module AITestSuite (339)
[2018.02.01-10.33.03:278][122]LogModuleManager: Shutting down and abandoning module ProfilerService (336)
[2018.02.01-10.33.03:489][122]LogModuleManager: Shutting down and abandoning module TaskGraph (334)
[2018.02.01-10.33.03:490][122]LogModuleManager: Shutting down and abandoning module SteamVRController (332)
[2018.02.01-10.33.03:490][122]LogModuleManager: Shutting down and abandoning module ProceduralMeshComponentEditor (330)
[2018.02.01-10.33.03:490][122]LogModuleManager: Shutting down and abandoning module ProceduralMeshComponent (328)
[2018.02.01-10.33.03:490][122]LogModuleManager: Shutting down and abandoning module OculusInput (326)
[2018.02.01-10.33.03:490][122]LogModuleManager: Shutting down and abandoning module MobilePatchingUtils (324)
[2018.02.01-10.33.03:490][122]LogModuleManager: Shutting down and abandoning module CustomMeshComponent (322)
[2018.02.01-10.33.03:490][122]LogModuleManager: Shutting down and abandoning module CableComponent (320)
[2018.02.01-10.33.03:490][122]LogModuleManager: Shutting down and abandoning module ArchVisCharacter (318)
[2018.02.01-10.33.03:490][122]LogModuleManager: Shutting down and abandoning module AndroidPermission (316)
[2018.02.01-10.33.03:490][122]LogModuleManager: Shutting down and abandoning module MediaPlayerEditor (312)
[2018.02.01-10.33.03:490][122]LogModuleManager: Shutting down and abandoning module HTML5Networking (310)
[2018.02.01-10.33.03:490][122]LogModuleManager: Shutting down and abandoning module AlembicImporter (308)
[2018.02.01-10.33.03:491][122]LogModuleManager: Shutting down and abandoning module AlembicLibrary (307)
[2018.02.01-10.33.03:491][122]LogModuleManager: Shutting down and abandoning module GeometryCache (306)
[2018.02.01-10.33.03:491][122]LogModuleManager: Shutting down and abandoning module GeometryCacheEd (305)
[2018.02.01-10.33.03:491][122]LogModuleManager: Shutting down and abandoning module SpeedTreeImporter (300)
[2018.02.01-10.33.03:491][122]LogModuleManager: Shutting down and abandoning module PluginBrowser (298)
[2018.02.01-10.33.03:491][122]LogModuleManager: Shutting down and abandoning module MobileLauncherProfileWizard (296)
[2018.02.01-10.33.03:492][122]LogModuleManager: Shutting down and abandoning module VisualStudioSourceCodeAccess (294)
[2018.02.01-10.33.03:492][122]LogModuleManager: Shutting down and abandoning module DesktopPlatform (293)
[2018.02.01-10.33.03:492][122]LogModuleManager: Shutting down and abandoning module UObjectPlugin (290)
[2018.02.01-10.33.03:492][122]LogModuleManager: Shutting down and abandoning module SubversionSourceControl (288)
[2018.02.01-10.33.03:492][122]LogModuleManager: Shutting down and abandoning module PerforceSourceControl (286)
[2018.02.01-10.33.03:492][122]LogModuleManager: Shutting down and abandoning module GitSourceControl (284)
[2018.02.01-10.33.03:492][122]LogModuleManager: Shutting down and abandoning module SourceControl (283)
[2018.02.01-10.33.03:492][122]LogModuleManager: Shutting down and abandoning module LightPropagationVolumeEditor (280)
[2018.02.01-10.33.03:492][122]LogModuleManager: Shutting down and abandoning module PaperTiledImporter (278)
[2018.02.01-10.33.03:492][122]LogModuleManager: Shutting down and abandoning module PaperSpriteSheetImporter (276)
[2018.02.01-10.33.03:492][122]LogModuleManager: Shutting down and abandoning module Paper2DEditor (274)
[2018.02.01-10.33.03:492][122]LogModuleManager: Shutting down and abandoning module MeshPaint (273)
[2018.02.01-10.33.03:492][122]LogModuleManager: Shutting down and abandoning module LevelEditor (271)
[2018.02.01-10.33.03:493][122]LogModuleManager: Shutting down and abandoning module PixelInspectorModule (270)
[2018.02.01-10.33.03:493][122]LogModuleManager: Shutting down and abandoning module MainFrame (268)
[2018.02.01-10.33.03:493][122]LogModuleManager: Shutting down and abandoning module HotReload (267)
[2018.02.01-10.33.03:494][122]LogModuleManager: Shutting down and abandoning module RuntimePhysXCooking (262)
[2018.02.01-10.33.03:494][122]LogModuleManager: Shutting down and abandoning module PhysXVehiclesEditor (260)
[2018.02.01-10.33.03:494][122]LogModuleManager: Shutting down and abandoning module PhysXVehicles (258)
[2018.02.01-10.33.03:494][122]LogModuleManager: Shutting down and abandoning module OculusEditor (256)
[2018.02.01-10.33.03:494][122]LogModuleManager: Shutting down and abandoning module LocationServicesBPLibrary (254)
[2018.02.01-10.33.03:494][122]LogModuleManager: Shutting down and abandoning module ImmediatePhysicsEditor (252)
[2018.02.01-10.33.03:494][122]LogModuleManager: Shutting down and abandoning module ImmediatePhysics (250)
[2018.02.01-10.33.03:494][122]LogModuleManager: Shutting down and abandoning module UdpMessaging (248)
[2018.02.01-10.33.03:595][122]LogModuleManager: Shutting down and abandoning module TcpMessaging (246)
[2018.02.01-10.33.03:696][122]LogModuleManager: Shutting down and abandoning module GameplayTagsEditor (244)
[2018.02.01-10.33.03:696][122]LogModuleManager: Shutting down and abandoning module FacialAnimationEditor (242)
[2018.02.01-10.33.03:696][122]LogModuleManager: Shutting down and abandoning module FacialAnimation (240)
[2018.02.01-10.33.03:696][122]LogModuleManager: Shutting down and abandoning module AssetManagerEditor (238)
[2018.02.01-10.33.03:696][122]LogModuleManager: Shutting down and abandoning module GraphEditor (237)
[2018.02.01-10.33.03:696][122]LogModuleManager: Shutting down and abandoning module ContentBrowser (235)
[2018.02.01-10.33.03:696][122]LogModuleManager: Shutting down and abandoning module LightPropagationVolumeRuntime (232)
[2018.02.01-10.33.03:696][122]LogModuleManager: Shutting down and abandoning module Paper2D (230)
[2018.02.01-10.33.03:696][122]LogModuleManager: Shutting down and abandoning module WindowsMoviePlayer (228)
[2018.02.01-10.33.03:696][122]LogModuleManager: Shutting down and abandoning module WmfMedia (226)
[2018.02.01-10.33.03:698][122]LogModuleManager: Shutting down and abandoning module PacketHandler (224)
[2018.02.01-10.33.03:698][122]LogModuleManager: Shutting down and abandoning module ClothingSystemEditor (222)
[2018.02.01-10.33.03:698][122]LogModuleManager: Shutting down and abandoning module ClothingSystemRuntime (220)
[2018.02.01-10.33.03:698][122]LogModuleManager: Shutting down and abandoning module Overlay (218)
[2018.02.01-10.33.03:698][122]LogModuleManager: Shutting down and abandoning module OverlayEditor (217)
[2018.02.01-10.33.03:698][122]LogModuleManager: Shutting down and abandoning module MediaAssets (214)
[2018.02.01-10.33.03:698][122]LogModuleManager: Shutting down and abandoning module VREditor (212)
[2018.02.01-10.33.03:699][122]LogModuleManager: Shutting down and abandoning module StringTableEditor (210)
[2018.02.01-10.33.03:699][122]LogModuleManager: Shutting down and abandoning module GameplayTasksEditor (208)
[2018.02.01-10.33.03:699][122]LogModuleManager: Shutting down and abandoning module BehaviorTreeEditor (206)
[2018.02.01-10.33.03:700][122]LogModuleManager: Shutting down and abandoning module FunctionalTesting (204)
[2018.02.01-10.33.03:700][122]LogModuleManager: Shutting down and abandoning module CollisionAnalyzer (202)
[2018.02.01-10.33.03:700][122]LogModuleManager: Shutting down and abandoning module WorkspaceMenuStructure (201)
[2018.02.01-10.33.03:700][122]LogModuleManager: Shutting down and abandoning module UMG (198)
[2018.02.01-10.33.03:700][122]LogModuleManager: Shutting down and abandoning module UMGEditor (197)
[2018.02.01-10.33.03:700][122]LogModuleManager: Shutting down and abandoning module Sequencer (196)
[2018.02.01-10.33.03:701][122]LogModuleManager: Shutting down and abandoning module MessageLog (193)
[2018.02.01-10.33.03:701][122]LogModuleManager: Shutting down and abandoning module SlateReflector (188)
[2018.02.01-10.33.03:702][122]LogModuleManager: Shutting down and abandoning module Slate (186)
[2018.02.01-10.33.03:702][122]LogModuleManager: Shutting down and abandoning module EditorStyle (184)
[2018.02.01-10.33.03:704][122]LogModuleManager: Shutting down and abandoning module MRMesh (182)
[2018.02.01-10.33.03:704][122]LogModuleManager: Shutting down and abandoning module SourceCodeAccess (180)
[2018.02.01-10.33.03:704][122]LogModuleManager: Shutting down and abandoning module HeadMountedDisplay (178)
[2018.02.01-10.33.03:704][122]LogModuleManager: Shutting down and abandoning module XAudio2 (176)
[2018.02.01-10.33.03:704][122]LogModuleManager: Shutting down and abandoning module Networking (174)
[2018.02.01-10.33.03:704][122]LogModuleManager: Shutting down and abandoning module Core (170)
[2018.02.01-10.33.03:704][122]LogModuleManager: Shutting down and abandoning module KismetCompiler (166)
[2018.02.01-10.33.03:704][122]LogModuleManager: Shutting down and abandoning module LevelSequence (164)
[2018.02.01-10.33.03:704][122]LogModuleManager: Shutting down and abandoning module MeshUtilities (162)
[2018.02.01-10.33.03:704][122]LogModuleManager: Shutting down and abandoning module MeshMergeUtilities (161)
[2018.02.01-10.33.03:705][122]LogModuleManager: Shutting down and abandoning module MeshReductionInterface (160)
[2018.02.01-10.33.03:705][122]LogModuleManager: Shutting down and abandoning module SimplygonSwarm (159)
[2018.02.01-10.33.03:705][122]LogModuleManager: Shutting down and abandoning module SimplygonMeshReduction (157)
[2018.02.01-10.33.03:705][122]LogModuleManager: Shutting down and abandoning module QuadricMeshReduction (155)
[2018.02.01-10.33.03:705][122]LogModuleManager: Shutting down and abandoning module MaterialBaking (151)
[2018.02.01-10.33.03:705][122]LogModuleManager: Shutting down and abandoning module DirectoryWatcher (148)
[2018.02.01-10.33.03:706][122]LogModuleManager: Shutting down and abandoning module DerivedDataCache (146)
[2018.02.01-10.33.03:734][122]LogDerivedDataCache: Shutdown
[2018.02.01-10.33.03:734][122]LogModuleManager: Shutting down and abandoning module TargetPlatform (144)
[2018.02.01-10.33.03:734][122]LogModuleManager: Shutting down and abandoning module VulkanShaderFormat (143)
[2018.02.01-10.33.03:734][122]LogModuleManager: Shutting down and abandoning module ShaderFormatVectorVM (141)
[2018.02.01-10.33.03:735][122]LogModuleManager: Shutting down and abandoning module ShaderFormatOpenGL (139)
[2018.02.01-10.33.03:735][122]LogModuleManager: Shutting down and abandoning module ShaderFormatD3D (137)
[2018.02.01-10.33.03:735][122]LogModuleManager: Shutting down and abandoning module MetalShaderFormat (135)
[2018.02.01-10.33.03:735][122]LogModuleManager: Shutting down and abandoning module TextureFormatUncompressed (133)
[2018.02.01-10.33.03:735][122]LogModuleManager: Shutting down and abandoning module TextureFormatPVR (131)
[2018.02.01-10.33.03:735][122]LogModuleManager: Shutting down and abandoning module TextureFormatDXT (129)
[2018.02.01-10.33.03:735][122]LogModuleManager: Shutting down and abandoning module TextureFormatIntelISPCTexComp (127)
[2018.02.01-10.33.03:735][122]LogModuleManager: Shutting down and abandoning module TextureFormatASTC (125)
[2018.02.01-10.33.03:735][122]LogModuleManager: Shutting down and abandoning module ImageWrapper (124)
[2018.02.01-10.33.03:735][122]LogModuleManager: Shutting down and abandoning module TextureFormatAndroid (121)
[2018.02.01-10.33.03:735][122]LogModuleManager: Shutting down and abandoning module AudioFormatOpus (119)
[2018.02.01-10.33.03:735][122]LogModuleManager: Shutting down and abandoning module AudioFormatOgg (117)
[2018.02.01-10.33.03:735][122]LogModuleManager: Shutting down and abandoning module AudioFormatADPCM (115)
[2018.02.01-10.33.03:735][122]LogModuleManager: Shutting down and abandoning module LinuxTargetPlatform (113)
[2018.02.01-10.33.03:735][122]LogModuleManager: Shutting down and abandoning module LinuxServerTargetPlatform (111)
[2018.02.01-10.33.03:735][122]LogModuleManager: Shutting down and abandoning module LinuxNoEditorTargetPlatform (109)
[2018.02.01-10.33.03:735][122]LogModuleManager: Shutting down and abandoning module LinuxClientTargetPlatform (107)
[2018.02.01-10.33.03:735][122]LogModuleManager: Shutting down and abandoning module TVOSTargetPlatform (105)
[2018.02.01-10.33.03:736][122]LogModuleManager: Shutting down and abandoning module Messaging (103)
[2018.02.01-10.33.03:736][122]LogModuleManager: Shutting down and abandoning module IOSTargetPlatform (101)
[2018.02.01-10.33.03:736][122]LogModuleManager: Shutting down and abandoning module HTML5TargetPlatform (99)
[2018.02.01-10.33.03:736][122]LogModuleManager: Shutting down and abandoning module Android_PVRTCTargetPlatform (97)
[2018.02.01-10.33.03:736][122]LogModuleManager: Shutting down and abandoning module Android_MultiTargetPlatform (95)
[2018.02.01-10.33.03:736][122]LogModuleManager: Shutting down and abandoning module Android_ETC2TargetPlatform (93)
[2018.02.01-10.33.03:736][122]LogModuleManager: Shutting down and abandoning module Android_ETC1TargetPlatform (91)
[2018.02.01-10.33.03:736][122]LogModuleManager: Shutting down and abandoning module Android_DXTTargetPlatform (89)
[2018.02.01-10.33.03:736][122]LogModuleManager: Shutting down and abandoning module Android_ATCTargetPlatform (87)
[2018.02.01-10.33.03:736][122]LogModuleManager: Shutting down and abandoning module Android_ASTCTargetPlatform (85)
[2018.02.01-10.33.03:736][122]LogModuleManager: Shutting down and abandoning module AndroidTargetPlatform (83)
[2018.02.01-10.33.03:736][122]LogModuleManager: Shutting down and abandoning module WindowsTargetPlatform (81)
[2018.02.01-10.33.03:736][122]LogModuleManager: Shutting down and abandoning module WindowsServerTargetPlatform (79)
[2018.02.01-10.33.03:736][122]LogModuleManager: Shutting down and abandoning module WindowsNoEditorTargetPlatform (77)
[2018.02.01-10.33.03:736][122]LogModuleManager: Shutting down and abandoning module WindowsClientTargetPlatform (75)
[2018.02.01-10.33.03:736][122]LogModuleManager: Shutting down and abandoning module MacTargetPlatform (73)
[2018.02.01-10.33.03:736][122]LogModuleManager: Shutting down and abandoning module MacServerTargetPlatform (71)
[2018.02.01-10.33.03:736][122]LogModuleManager: Shutting down and abandoning module MacNoEditorTargetPlatform (69)
[2018.02.01-10.33.03:736][122]LogModuleManager: Shutting down and abandoning module MacClientTargetPlatform (67)
[2018.02.01-10.33.03:736][122]LogModuleManager: Shutting down and abandoning module AllDesktopTargetPlatform (65)
[2018.02.01-10.33.03:736][122]LogModuleManager: Shutting down and abandoning module InputCore (62)
[2018.02.01-10.33.03:736][122]LogModuleManager: Shutting down and abandoning module Settings (60)
[2018.02.01-10.33.03:736][122]LogModuleManager: Shutting down and abandoning module PhysXCooking (58)
[2018.02.01-10.33.03:736][122]LogModuleManager: Shutting down and abandoning module SteamVR (56)
[2018.02.01-10.33.03:736][122]LogModuleManager: Shutting down and abandoning module OculusHMD (54)
[2018.02.01-10.33.03:736][122]LogModuleManager: Shutting down and abandoning module LeapMotion (52)
[2018.02.01-10.33.03:736][122]LogModuleManager: Shutting down and abandoning module ExampleDeviceProfileSelector (50)
[2018.02.01-10.33.03:736][122]LogModuleManager: Shutting down and abandoning module OnlineBlueprintSupport (48)
[2018.02.01-10.33.03:736][122]LogModuleManager: Shutting down and abandoning module OnlineSubsystem (44)
[2018.02.01-10.33.03:736][122]LogOnline: Display: Unloading online subsystem: NULL
[2018.02.01-10.33.03:737][122]LogModuleManager: Shutting down and abandoning module XMPP (43)
[2018.02.01-10.33.03:737][122]LogModuleManager: Shutting down and abandoning module HTTP (41)
[2018.02.01-10.33.03:737][122]LogHttp: Display: Http module shutting down, but needs to wait on 1 outstanding Http requests:
[2018.02.01-10.33.03:737][122]LogHttp: Display: 	verb=[POST] url=[https://datarouter.ol.epicgames.com/datarouter/api/v1/public/data?SessionID=%7B10BA57DD-40EA-CC4C-62E0-B3A6B9AC96C4%7D&AppID=UEEditor.Rocket.Release&AppVersion=4.17.1-3586342%2B%2B%2BUE4%2BRelease-4.17&UserID=37d515aa432c097c8dcce2a7fa5c8433%7C6959ef8b0d9e4fbf8d98a980baed5fcb%7Caeefce56-458d-49ec-b1f8-587712ccc7d8&AppEnvironment=datacollector-binary&UploadType=eteventstream] status=Processing
[2018.02.01-10.33.03:764][122]LogModuleManager: Shutting down and abandoning module SSL (40)
[2018.02.01-10.33.03:766][122]LogModuleManager: Shutting down and abandoning module AnimationModifiers (36)
[2018.02.01-10.33.03:766][122]LogModuleManager: Shutting down and abandoning module PropertyEditor (35)
[2018.02.01-10.33.03:766][122]LogModuleManager: Shutting down and abandoning module AudioEditor (32)
[2018.02.01-10.33.03:766][122]LogModuleManager: Shutting down and abandoning module TextureCompressor (30)
[2018.02.01-10.33.03:766][122]LogModuleManager: Shutting down and abandoning module ShaderCore (28)
[2018.02.01-10.33.03:766][122]LogModuleManager: Shutting down and abandoning module Landscape (26)
[2018.02.01-10.33.03:766][122]LogModuleManager: Shutting down and abandoning module SlateRHIRenderer (24)
[2018.02.01-10.33.03:767][122]LogModuleManager: Shutting down and abandoning module OpenGLDrv (22)
[2018.02.01-10.33.03:768][122]LogModuleManager: Shutting down and abandoning module D3D11RHI (20)
[2018.02.01-10.33.03:768][122]LogModuleManager: Shutting down and abandoning module AnimGraphRuntime (18)
[2018.02.01-10.33.03:768][122]LogModuleManager: Shutting down and abandoning module Renderer (16)
[2018.02.01-10.33.03:768][122]LogModuleManager: Shutting down and abandoning module Engine (14)
[2018.02.01-10.33.03:768][122]LogModuleManager: Shutting down and abandoning module CoreUObject (12)
[2018.02.01-10.33.03:768][122]LogModuleManager: Shutting down and abandoning module NetworkFile (10)
[2018.02.01-10.33.03:768][122]LogModuleManager: Shutting down and abandoning module CookedIterativeFile (8)
[2018.02.01-10.33.03:768][122]LogModuleManager: Shutting down and abandoning module StreamingFile (6)
[2018.02.01-10.33.03:768][122]LogModuleManager: Shutting down and abandoning module SandboxFile (4)
[2018.02.01-10.33.03:768][122]LogModuleManager: Shutting down and abandoning module PakFile (2)
[2018.02.01-10.33.03:771][122]LogExit: Exiting.
[2018.02.01-10.33.03:784][122]Log file closed, 02/01/18 10:33:03
